	Cockpit_base (2 polys, 6 verts) '01 - Default'
		SeatZ (12 polys, 36 verts) '01 - Default'
			SeatY (28 polys, 84 verts) '07 - Default'
				Line08 (154 polys, 462 verts) '03 - Default'
					Line65 (64 polys, 192 verts) '07 - Default'
						Cylinder533 (18 polys, 54 verts) '07 - Default'
						Cylinder534 (18 polys, 54 verts) '07 - Default'
						Cylinder535 (56 polys, 168 verts) '08 - Default'
							marker02 (42 polys, 126 verts) '04 - Default'
							backgound01 (14 polys, 42 verts) '08 - Default'
							HSICompassWheel02 (36 polys, 108 verts) '09 - Default'
					WindShild_F02 (220 polys, 660 verts) '23 - Default'
				Line10 (140 polys, 420 verts) '01 - Default'
				Line43 (37 polys, 111 verts) '01 - Default'
					Line48 (72 polys, 216 verts) '07 - Default'
						WindShild_R01 (34 polys, 102 verts) '23 - Default'
					Line46 (216 polys, 648 verts) '07 - Default'
						Line14 (64 polys, 192 verts) '07 - Default'
							Cylinder33 (18 polys, 54 verts) '07 - Default'
							Cylinder337 (18 polys, 54 verts) '07 - Default'
							Cylinder340 (56 polys, 168 verts) '08 - Default'
								marker001 (42 polys, 126 verts) '04 - Default'
								backgound (14 polys, 42 verts) '08 - Default'
								HSICompassWheel01 (36 polys, 108 verts) '09 - Default'
					Line45 (344 polys, 1032 verts) '07 - Default'
						Box23 (64 polys, 192 verts) '07 - Default'
							Screen (2 polys, 6 verts) '15 - Default'
							Line07 (48 polys, 144 verts) '08 - Default'
								Line114 (146 polys, 438 verts) '08 - Default'
									Box52 (2 polys, 6 verts) '04 - Default'
								Box13 (2 polys, 6 verts) '04 - Default'
								NeedleTEMP03 (2 polys, 6 verts) '04 - Default'
								Plane05 (2 polys, 6 verts) '04 - Default'
								RFF_S16 (2 polys, 6 verts) '23 - Default'
							Line06 (32 polys, 96 verts) '08 - Default'
								Line112 (146 polys, 438 verts) '08 - Default'
									Box50 (2 polys, 6 verts) '04 - Default'
									Plane06 (2 polys, 6 verts) '04 - Default'
									SIDESLIPNeedle (2 polys, 6 verts) '04 - Default'
									RFF_S15 (2 polys, 6 verts) '23 - Default'
								Cylinder334 (16 polys, 48 verts) '08 - Default'
								Cylinder333 (26 polys, 78 verts) '08 - Default'
							Screen01 (2 polys, 6 verts) '08 - Default'
							Line221 (48 polys, 144 verts) '08 - Default'
								Line107 (146 polys, 438 verts) '08 - Default'
									Box45 (2 polys, 6 verts) '04 - Default'
									SpeedNeedle (2 polys, 6 verts) '04 - Default'
								RFF_S17 (2 polys, 6 verts) '23 - Default'
							SCOREF (2 polys, 6 verts) '23 - Default'
						Line99 (272 polys, 816 verts) '07 - Default'
							Line05 (146 polys, 438 verts) '08 - Default'
								Box38 (2 polys, 6 verts) '04 - Default'
									needle_climb02 (2 polys, 6 verts) '04 - Default'
									AOANeedle02 (2 polys, 6 verts) '04 - Default'
									RollNeedle02 (2 polys, 6 verts) '04 - Default'
								RFF_S02 (2 polys, 6 verts) '23 - Default'
								RFF_S03 (2 polys, 6 verts) '23 - Default'
								RFF_S04 (2 polys, 6 verts) '23 - Default'
								RFF_S05 (2 polys, 6 verts) '23 - Default'
								RFF_S06 (2 polys, 6 verts) '23 - Default'
								RFF_S07 (2 polys, 6 verts) '23 - Default'
								RFF_S08 (2 polys, 6 verts) '23 - Default'
								RFF_S09 (2 polys, 6 verts) '23 - Default'
								RFF_S10 (2 polys, 6 verts) '23 - Default'
								RFF_S11 (2 polys, 6 verts) '23 - Default'
								RFF_S12 (2 polys, 6 verts) '23 - Default'
							Line102 (146 polys, 438 verts) '08 - Default'
								Box40 (2 polys, 6 verts) '04 - Default'
								CN02 (2 polys, 6 verts) '04 - Default'
								ClockNeedleHOU (2 polys, 6 verts) '04 - Default'
								CN01 (2 polys, 6 verts) '04 - Default'
								ClockNeedleMIN (2 polys, 6 verts) '04 - Default'
								ClockNeedleSEC (2 polys, 6 verts) '04 - Default'
							Line103 (146 polys, 438 verts) '08 - Default'
								Box41 (2 polys, 6 verts) '04 - Default'
								AOANeedle02 (2 polys, 6 verts) '02 - Default'
									AOANeedle01 (2 polys, 6 verts) '04 - Default'
								RFF_S14 (2 polys, 6 verts) '23 - Default'
							Line104 (146 polys, 438 verts) '08 - Default'
								Box42 (2 polys, 6 verts) '04 - Default'
								needle_climb (2 polys, 6 verts) '04 - Default'
							Line105 (146 polys, 438 verts) '08 - Default'
								Box43 (2 polys, 6 verts) '04 - Default'
								IN_FUEL_neel1 (2 polys, 6 verts) '04 - Default'
							Line106 (146 polys, 438 verts) '08 - Default'
								Box44 (2 polys, 6 verts) '04 - Default'
								needle_alt10000 (2 polys, 6 verts) '04 - Default'
								needle_alt1000 (2 polys, 6 verts) '04 - Default'
								needle_alt100 (2 polys, 6 verts) '04 - Default'
							Line108 (146 polys, 438 verts) '08 - Default'
								HSICompassWheel03 (2 polys, 6 verts) '04 - Default'
									HSINeedle01 (2 polys, 6 verts) '04 - Default'
									HSINeedle02 (2 polys, 6 verts) '04 - Default'
							Line109 (146 polys, 438 verts) '08 - Default'
								Box47 (2 polys, 6 verts) '04 - Default'
								L iti needle (2 polys, 6 verts) '04 - Default'
								NeedleTEMP01 (2 polys, 6 verts) '04 - Default'
								NeedleRPM01 (2 polys, 6 verts) '04 - Default'
							Line110 (146 polys, 438 verts) '08 - Default'
								Box48 (2 polys, 6 verts) '04 - Default'
								NeedleRPM02 (2 polys, 6 verts) '04 - Default'
								NeedleTEMP02 (2 polys, 6 verts) '04 - Default'
								R iti needle (2 polys, 6 verts) '04 - Default'
							Line111 (146 polys, 438 verts) '08 - Default'
								Box49 (2 polys, 6 verts) '04 - Default'
									NeedleTEMP04 (2 polys, 6 verts) '04 - Default'
									Box122 (2 polys, 6 verts) '04 - Default'
									NeedleTEMP05 (2 polys, 6 verts) '04 - Default'
									Box147 (2 polys, 6 verts) '04 - Default'
							Cylinder17 (8 polys, 24 verts) '07 - Default'
							Cylinder58 (8 polys, 24 verts) '07 - Default'
							Cylinder61 (8 polys, 24 verts) '07 - Default'
							Cylinder62 (8 polys, 24 verts) '07 - Default'
							Cylinder63 (8 polys, 24 verts) '07 - Default'
							Cylinder64 (8 polys, 24 verts) '07 - Default'
							Cylinder65 (8 polys, 24 verts) '07 - Default'
							Cylinder66 (8 polys, 24 verts) '07 - Default'
							Cylinder67 (8 polys, 24 verts) '07 - Default'
							Cylinder68 (8 polys, 24 verts) '07 - Default'
							Cylinder69 (8 polys, 24 verts) '07 - Default'
							Cylinder70 (8 polys, 24 verts) '07 - Default'
							Cylinder71 (8 polys, 24 verts) '07 - Default'
							Cylinder72 (8 polys, 24 verts) '07 - Default'
							Cylinder73 (8 polys, 24 verts) '07 - Default'
							Cylinder74 (8 polys, 24 verts) '07 - Default'
							Cylinder75 (8 polys, 24 verts) '07 - Default'
							Cylinder77 (8 polys, 24 verts) '07 - Default'
							Cylinder78 (8 polys, 24 verts) '07 - Default'
							Cylinder82 (8 polys, 24 verts) '07 - Default'
							Cylinder83 (8 polys, 24 verts) '07 - Default'
							Cylinder84 (8 polys, 24 verts) '07 - Default'
							Cylinder85 (8 polys, 24 verts) '07 - Default'
							Cylinder87 (8 polys, 24 verts) '07 - Default'
							Cylinder88 (8 polys, 24 verts) '07 - Default'
							Cylinder89 (8 polys, 24 verts) '07 - Default'
							Cylinder90 (8 polys, 24 verts) '07 - Default'
							Cylinder91 (8 polys, 24 verts) '07 - Default'
							Cylinder92 (8 polys, 24 verts) '07 - Default'
							Cylinder94 (8 polys, 24 verts) '07 - Default'
							Cylinder95 (8 polys, 24 verts) '07 - Default'
							Cylinder96 (8 polys, 24 verts) '07 - Default'
							Cylinder97 (8 polys, 24 verts) '07 - Default'
							Cylinder98 (8 polys, 24 verts) '07 - Default'
							Cylinder99 (8 polys, 24 verts) '07 - Default'
							Cylinder100 (8 polys, 24 verts) '07 - Default'
							Cylinder101 (8 polys, 24 verts) '07 - Default'
							Cylinder102 (8 polys, 24 verts) '07 - Default'
							Cylinder103 (8 polys, 24 verts) '07 - Default'
							Cylinder104 (8 polys, 24 verts) '07 - Default'
							Cylinder105 (8 polys, 24 verts) '07 - Default'
							Cylinder106 (8 polys, 24 verts) '07 - Default'
							Cylinder107 (8 polys, 24 verts) '07 - Default'
							Cylinder108 (8 polys, 24 verts) '07 - Default'
							Line20 (58 polys, 174 verts) '07 - Default'
								Line124 (6 polys, 18 verts) '08 - Default'
									Line144-02 (108 polys, 324 verts) '07 - Default'
										Line144-LB (10 polys, 30 verts) '07 - Default'
										Light_AmmoEm (4 polys, 12 verts) '04 - Default'
									Cylinder583 (66 polys, 198 verts) '08 - Default'
										Cylinder582-02 (6 polys, 18 verts) '04 - Default'
									Cylinder584 (24 polys, 72 verts) '07 - Default'
									Cylinder585 (24 polys, 72 verts) '07 - Default'
									Cylinder586 (24 polys, 72 verts) '07 - Default'
									SW_Missile_AMR4 (24 polys, 72 verts) '07 - Default'
									SW_Missile_AMR2 (24 polys, 72 verts) '07 - Default'
									SW_BOMB_AMR2 (24 polys, 72 verts) '07 - Default'
									SW_BOMB_AMR1 (52 polys, 156 verts) '07 - Default'
									SW_Missile_AMR1 (52 polys, 156 verts) '07 - Default'
									SW_Missile_AMR3 (52 polys, 156 verts) '07 - Default'
									MutWP_SW_IRM (10 polys, 30 verts) '01 - Default'
										MutWP_SW_Gide (10 polys, 30 verts) '01 - Default'
											MutWP_SW_Gun (10 polys, 30 verts) '01 - Default'
												MutWP_SW_BOMB (10 polys, 30 verts) '01 - Default'
													MutWP_SW_TOP (66 polys, 198 verts) '08 - Default'
														Cylinder582-1 (6 polys, 18 verts) '04 - Default'
									ST01 (22 polys, 66 verts) '04 - Default'
									ST03 (22 polys, 66 verts) '04 - Default'
									ST05 (22 polys, 66 verts) '04 - Default'
									ST07 (22 polys, 66 verts) '04 - Default'
									ST02 (22 polys, 66 verts) '04 - Default'
									ST04 (22 polys, 66 verts) '04 - Default'
									ST08 (22 polys, 66 verts) '04 - Default'
									ST06 (22 polys, 66 verts) '04 - Default'
							Cylinder249 (8 polys, 24 verts) '07 - Default'
							Cylinder250 (8 polys, 24 verts) '07 - Default'
							Line144 (650 polys, 1950 verts) '07 - Default'
								Line136_23 (68 polys, 204 verts) '07 - Default'
								Line136_13 (6 polys, 18 verts) '04 - Default'
								Line136_29 (6 polys, 18 verts) '04 - Default'
								Light_Fuel_1 (6 polys, 18 verts) '04 - Default'
								Light_Fuel_2 (6 polys, 18 verts) '04 - Default'
								Gear_brake01 (6 polys, 18 verts) '04 - Default'
								Light_CAUTION01 (12 polys, 36 verts) '04 - Default'
								burn_light (6 polys, 18 verts) '04 - Default'
								EngineIDL (6 polys, 18 verts) '04 - Default'
								EngineNOM (6 polys, 18 verts) '04 - Default'
								Light_LIM02 (6 polys, 18 verts) '04 - Default'
								light_YAW (6 polys, 18 verts) '04 - Default'
								light_P (6 polys, 18 verts) '04 - Default'
								Light_ALT1 (6 polys, 18 verts) '04 - Default'
								Light_ALT1 (6 polys, 18 verts) '04 - Default'
								Light_ALT3 (12 polys, 36 verts) '04 - Default'
								Light_LIM01 (6 polys, 18 verts) '04 - Default'
							Line32 (48 polys, 144 verts) '07 - Default'
								Cylinder252 (24 polys, 72 verts) '07 - Default'
							Line167 (2 polys, 6 verts) '07 - Default'
							Plane03 (2 polys, 6 verts) '08 - Default'
								Cylinder235 (24 polys, 72 verts) '07 - Default'
								Box71 (60 polys, 180 verts) '07 - Default'
							Plane04 (2 polys, 6 verts) '08 - Default'
								Cylinder253 (24 polys, 72 verts) '07 - Default'
								Box72 (60 polys, 180 verts) '07 - Default'
							Line49 (62 polys, 186 verts) '08 - Default'
								fuel1 (8 polys, 24 verts) '04 - Default'
								EX_FUEL_neel2 (2 polys, 6 verts) '04 - Default'
								EX_FUEL_neel1 (2 polys, 6 verts) '04 - Default'
							Line212 (192 polys, 576 verts) '08 - Default'
								ADI02 (72 polys, 216 verts) '09 - Default'
								ADI_roll02 (2 polys, 6 verts) '04 - Default'
							Line53 (104 polys, 312 verts) '08 - Default'
								ADI01 (72 polys, 216 verts) '09 - Default'
								Line54 (16 polys, 48 verts) '08 - Default'
									ADI_roll01 (2 polys, 6 verts) '04 - Default'
									ADI_roll-01 (2 polys, 6 verts) '04 - Default'
								Cylinder515 (16 polys, 48 verts) '08 - Default'
								RFF_S01 (2 polys, 6 verts) '23 - Default'
							Cylinder57 (18 polys, 54 verts) '07 - Default'
							Cylinder504 (18 polys, 54 verts) '07 - Default'
							Cylinder505 (18 polys, 54 verts) '07 - Default'
							Cylinder506 (18 polys, 54 verts) '07 - Default'
							Cylinder507 (18 polys, 54 verts) '07 - Default'
							Cylinder508 (18 polys, 54 verts) '07 - Default'
							Cylinder509 (18 polys, 54 verts) '07 - Default'
							Cylinder510 (18 polys, 54 verts) '07 - Default'
							Cylinder59 (12 polys, 36 verts) '08 - Default'
							Cylinder512 (12 polys, 36 verts) '08 - Default'
							Box19 (6 polys, 18 verts) '08 - Default'
							Cylinder513 (18 polys, 54 verts) '07 - Default'
							Cylinder514 (18 polys, 54 verts) '07 - Default'
							Cylinder516 (16 polys, 48 verts) '08 - Default'
							Cylinder517 (16 polys, 48 verts) '08 - Default'
							Cylinder518 (16 polys, 48 verts) '08 - Default'
							Cylinder519 (16 polys, 48 verts) '08 - Default'
							Line249 (146 polys, 438 verts) '08 - Default'
								Box39 (2 polys, 6 verts) '04 - Default'
									accelNeedle (2 polys, 6 verts) '04 - Default'
						Line168 (28 polys, 84 verts) '08 - Default'
						Line36 (28 polys, 84 verts) '08 - Default'
					Line40 (339 polys, 1017 verts) '07 - Default'
						Box05 (126 polys, 378 verts) '07 - Default'
							WindShild_R04 (29 polys, 87 verts) '23 - Default'
						Line25 (28 polys, 84 verts) '07 - Default'
							Line126 (12 polys, 36 verts) '07 - Default'
						WindShild_R02 (231 polys, 693 verts) '23 - Default'
						WindShild_R03 (58 polys, 174 verts) '23 - Default'
					Line216 (115 polys, 345 verts) '07 - Default'
						Line217 (216 polys, 648 verts) '07 - Default'
							WindShild_F01 (34 polys, 102 verts) '23 - Default'
						WindShild_F03 (109 polys, 327 verts) '23 - Default'
						WindShild_F04 (104 polys, 312 verts) '23 - Default'
					Line220 (72 polys, 216 verts) '07 - Default'
				Line50 (14 polys, 42 verts) '08 - Default'
					Line26 (86 polys, 258 verts) '07 - Default'
						Cylinder125 (24 polys, 72 verts) '07 - Default'
						Cylinder126 (24 polys, 72 verts) '07 - Default'
						Plane01 (2 polys, 6 verts) '07 - Default'
					Line27 (62 polys, 186 verts) '08 - Default'
						Cylinder136 (48 polys, 144 verts) '07 - Default'
						Cylinder137 (48 polys, 144 verts) '07 - Default'
						Cylinder138 (48 polys, 144 verts) '07 - Default'
						Cylinder133 (48 polys, 144 verts) '07 - Default'
						Cylinder134 (48 polys, 144 verts) '07 - Default'
						Cylinder135 (48 polys, 144 verts) '07 - Default'
						Box55 (60 polys, 180 verts) '07 - Default'
						Cylinder132 (24 polys, 72 verts) '07 - Default'
						Box06 (60 polys, 180 verts) '07 - Default'
						Cylinder130 (24 polys, 72 verts) '07 - Default'
						Box54 (60 polys, 180 verts) '07 - Default'
						Cylinder131 (24 polys, 72 verts) '07 - Default'
						GearSwitch (13 polys, 39 verts) '07 - Default'
							Cylinder141 (36 polys, 108 verts) '07 - Default'
						GearbrakeSW (18 polys, 54 verts) '07 - Default'
						Cylinder159 (6 polys, 18 verts) '08 - Default'
						Cylinder160 (6 polys, 18 verts) '08 - Default'
						Line131 (166 polys, 498 verts) '08 - Default'
							Box59 (2 polys, 6 verts) '04 - Default'
							Cylinder180 (8 polys, 24 verts) '07 - Default'
							Cylinder179 (12 polys, 36 verts) '08 - Default'
							Cylinder181 (8 polys, 24 verts) '07 - Default'
							GearSYS01 (2 polys, 6 verts) '04 - Default'
							RFF_S27 (22 polys, 66 verts) '23 - Default'
						Cylinder222 (18 polys, 54 verts) '07 - Default'
						Cylinder223 (18 polys, 54 verts) '07 - Default'
						Cylinder220 (18 polys, 54 verts) '07 - Default'
						Cylinder221 (18 polys, 54 verts) '07 - Default'
						Cylinder219 (18 polys, 54 verts) '07 - Default'
						Cylinder218 (18 polys, 54 verts) '07 - Default'
						Line137 (44 polys, 132 verts) '07 - Default'
							Line136_03 (6 polys, 18 verts) '07 - Default'
							Line136_04 (6 polys, 18 verts) '07 - Default'
						Line138 (24 polys, 72 verts) '07 - Default'
							Gear_brake02 (18 polys, 54 verts) '04 - Default'
							Line136_07 (6 polys, 18 verts) '07 - Default'
						Line136 (24 polys, 72 verts) '07 - Default'
							Line136_01 (6 polys, 18 verts) '07 - Default'
						Line147 (166 polys, 498 verts) '08 - Default'
							Cylinder185 (8 polys, 24 verts) '07 - Default'
							Cylinder187 (8 polys, 24 verts) '07 - Default'
							Box61 (2 polys, 6 verts) '04 - Default'
							Cylinder186 (12 polys, 36 verts) '08 - Default'
							GearSYS02 (2 polys, 6 verts) '04 - Default'
							RFF_S28 (22 polys, 66 verts) '23 - Default'
						Line148 (166 polys, 498 verts) '08 - Default'
							Cylinder190 (8 polys, 24 verts) '07 - Default'
							Cylinder188 (8 polys, 24 verts) '07 - Default'
							Cylinder189 (12 polys, 36 verts) '08 - Default'
							Box62 (2 polys, 6 verts) '04 - Default'
							GearSYS03 (2 polys, 6 verts) '04 - Default'
							RFF_S29 (22 polys, 66 verts) '23 - Default'
						Line149 (66 polys, 198 verts) '07 - Default'
							Line136_18 (6 polys, 18 verts) '07 - Default'
							Line136_20 (6 polys, 18 verts) '07 - Default'
							GearW (24 polys, 72 verts) '04 - Default'
							Line136_22 (6 polys, 18 verts) '07 - Default'
							GearL01 (6 polys, 18 verts) '04 - Default'
						GearL01 (24 polys, 72 verts) '04 - Default'
				Line79 (36 polys, 108 verts) '08 - Default'
					Line41 (34 polys, 102 verts) '08 - Default'
						Line182 (152 polys, 456 verts) '07 - Default'
							Line136_31 (42 polys, 126 verts) '07 - Default'
							Line136_32 (6 polys, 18 verts) '04 - Default'
						Cylinder269 (4 polys, 12 verts) '08 - Default'
						Cylinder270 (4 polys, 12 verts) '08 - Default'
						Cylinder268 (24 polys, 72 verts) '07 - Default'
						Line42 (37 polys, 111 verts) '08 - Default'
							Cylinder271 (24 polys, 72 verts) '07 - Default'
						Line38 (78 polys, 234 verts) '08 - Default'
							Cylinder266 (26 polys, 78 verts) '08 - Default'
						Cylinder272 (4 polys, 12 verts) '08 - Default'
						Cylinder273 (4 polys, 12 verts) '08 - Default'
						Box09 (6 polys, 18 verts) '08 - Default'
						Box78 (6 polys, 18 verts) '08 - Default'
						Box80 (6 polys, 18 verts) '08 - Default'
						Box81 (6 polys, 18 verts) '08 - Default'
						Line183 (166 polys, 498 verts) '08 - Default'
							Cylinder274 (12 polys, 36 verts) '08 - Default'
							Box83 (2 polys, 6 verts) '04 - Default'
							Line44 (6 polys, 18 verts) '08 - Default'
							Box111 (2 polys, 6 verts) '04 - Default'
							Box110 (2 polys, 6 verts) '04 - Default'
							RFF_S24 (22 polys, 66 verts) '23 - Default'
						Line180 (166 polys, 498 verts) '08 - Default'
							Box76 (2 polys, 6 verts) '04 - Default'
							Cylinder264 (12 polys, 36 verts) '08 - Default'
							Line186 (6 polys, 18 verts) '08 - Default'
							Box108 (2 polys, 6 verts) '04 - Default'
							Box109 (2 polys, 6 verts) '04 - Default'
							RFF_S23 (22 polys, 66 verts) '23 - Default'
						Line184 (166 polys, 498 verts) '08 - Default'
							Box82 (2 polys, 6 verts) '04 - Default'
							Cylinder275 (12 polys, 36 verts) '08 - Default'
							Box117 (2 polys, 6 verts) '04 - Default'
							Box114 (2 polys, 6 verts) '04 - Default'
							Box115 (2 polys, 6 verts) '04 - Default'
							RFF_S26 (22 polys, 66 verts) '23 - Default'
						Line185 (166 polys, 498 verts) '08 - Default'
							Box84 (2 polys, 6 verts) '04 - Default'
							Cylinder276 (12 polys, 36 verts) '08 - Default'
							Box113 (2 polys, 6 verts) '04 - Default'
							Box112 (2 polys, 6 verts) '04 - Default'
							Box116 (2 polys, 6 verts) '04 - Default'
							RFF_S25 (22 polys, 66 verts) '23 - Default'
						Box11 (22 polys, 66 verts) '08 - Default'
							Cylinder279 (24 polys, 72 verts) '07 - Default'
							Cylinder278 (24 polys, 72 verts) '07 - Default'
						Box85 (22 polys, 66 verts) '08 - Default'
							Line187 (40 polys, 120 verts) '08 - Default'
							Line47 (40 polys, 120 verts) '08 - Default'
						Box10 (22 polys, 66 verts) '08 - Default'
							Cylinder277 (26 polys, 78 verts) '08 - Default'
						Cylinder313 (8 polys, 24 verts) '07 - Default'
						Cylinder314 (8 polys, 24 verts) '07 - Default'
						Cylinder315 (8 polys, 24 verts) '07 - Default'
						Cylinder316 (8 polys, 24 verts) '07 - Default'
						Cylinder311 (8 polys, 24 verts) '07 - Default'
						Cylinder312 (8 polys, 24 verts) '07 - Default'
						Cylinder310 (8 polys, 24 verts) '07 - Default'
						Cylinder308 (8 polys, 24 verts) '07 - Default'
						Cylinder320 (18 polys, 54 verts) '07 - Default'
						Cylinder321 (18 polys, 54 verts) '07 - Default'
						Cylinder322 (18 polys, 54 verts) '07 - Default'
						Cylinder323 (18 polys, 54 verts) '07 - Default'
						Cylinder318 (18 polys, 54 verts) '07 - Default'
						Cylinder319 (18 polys, 54 verts) '07 - Default'
						Cylinder317 (18 polys, 54 verts) '07 - Default'
						Cylinder309 (18 polys, 54 verts) '07 - Default'
						Cylinder324 (8 polys, 24 verts) '07 - Default'
						Cylinder325 (8 polys, 24 verts) '07 - Default'
						Cylinder326 (8 polys, 24 verts) '07 - Default'
						Cylinder327 (8 polys, 24 verts) '07 - Default'
						Cylinder328 (8 polys, 24 verts) '07 - Default'
						Cylinder329 (8 polys, 24 verts) '07 - Default'
						Cylinder330 (8 polys, 24 verts) '07 - Default'
						Cylinder331 (8 polys, 24 verts) '07 - Default'
						Cylinder332 (8 polys, 24 verts) '07 - Default'
				Box14 (4 polys, 12 verts) '07 - Default'
					ChamferBox02 (30 polys, 90 verts) '08 - Default'
						Cylinder384 (8 polys, 24 verts) '07 - Default'
						Cylinder383 (8 polys, 24 verts) '07 - Default'
						Cylinder382 (8 polys, 24 verts) '07 - Default'
						Cylinder381 (8 polys, 24 verts) '07 - Default'
						Cylinder380 (8 polys, 24 verts) '07 - Default'
						Cylinder389 (18 polys, 54 verts) '07 - Default'
						Cylinder390 (18 polys, 54 verts) '07 - Default'
						Cylinder388 (18 polys, 54 verts) '07 - Default'
						Cylinder387 (18 polys, 54 verts) '07 - Default'
						Cylinder386 (24 polys, 72 verts) '07 - Default'
							Cylinder385 (8 polys, 24 verts) '08 - Default'
						button_cover (4 polys, 12 verts) '08 - Default'
						Cylinder393 (4 polys, 12 verts) '08 - Default'
							Cylinder394 (24 polys, 72 verts) '07 - Default'
						Cylinder391 (4 polys, 12 verts) '08 - Default'
							Cylinder392 (24 polys, 72 verts) '07 - Default'
							Cylinder401 (24 polys, 72 verts) '07 - Default'
						Cylinder395 (4 polys, 12 verts) '08 - Default'
							Cylinder396 (24 polys, 72 verts) '07 - Default'
						Cylinder397 (24 polys, 72 verts) '07 - Default'
						Cylinder398 (24 polys, 72 verts) '07 - Default'
						Cylinder399 (4 polys, 12 verts) '08 - Default'
							Cylinder400 (24 polys, 72 verts) '07 - Default'
					ChamferBox01 (30 polys, 90 verts) '08 - Default'
						Cylinder350 (8 polys, 24 verts) '07 - Default'
						Cylinder351 (8 polys, 24 verts) '07 - Default'
						Cylinder38 (8 polys, 24 verts) '07 - Default'
						Cylinder349 (8 polys, 24 verts) '07 - Default'
						Cylinder348 (24 polys, 72 verts) '07 - Default'
						Cylinder352 (8 polys, 24 verts) '08 - Default'
						Cylinder365 (4 polys, 12 verts) '08 - Default'
							Cylinder366 (24 polys, 72 verts) '07 - Default'
						Cylinder367 (4 polys, 12 verts) '08 - Default'
							Cylinder368 (24 polys, 72 verts) '07 - Default'
						Cylinder369 (16 polys, 48 verts) '08 - Default'
						Cylinder370 (8 polys, 24 verts) '08 - Default'
						Cylinder371 (24 polys, 72 verts) '07 - Default'
						Cylinder372 (8 polys, 24 verts) '08 - Default'
						Cylinder373 (24 polys, 72 verts) '07 - Default'
						Cylinder374 (8 polys, 24 verts) '08 - Default'
						Cylinder375 (24 polys, 72 verts) '07 - Default'
						Cylinder376 (8 polys, 24 verts) '08 - Default'
						Cylinder377 (24 polys, 72 verts) '07 - Default'
						Cylinder378 (8 polys, 24 verts) '08 - Default'
						Cylinder379 (24 polys, 72 verts) '07 - Default'
						PlaneCover02 (6 polys, 18 verts) '08 - Default'
						PlaneCover01 (6 polys, 18 verts) '08 - Default'
					Line231 (179 polys, 537 verts) '08 - Default'
						Cylinder35 (28 polys, 84 verts) '07 - Default'
						Rectangle05 (58 polys, 174 verts) '08 - Default'
							Cylinder36 (372 polys, 1116 verts) '08 - Default'
							Line11 (58 polys, 174 verts) '08 - Default'
						Box16 (16 polys, 48 verts) '08 - Default'
							Line35 (10 polys, 30 verts) '08 - Default'
								Rectangle01 (34 polys, 102 verts) '08 - Default'
									Cylinder37 (110 polys, 330 verts) '08 - Default'
										scvrr (78 polys, 234 verts) '19 - Default'
										Cylinder39 (414 polys, 1242 verts) '08 - Default'
										scv (14 polys, 42 verts) '15 - Default'
									Cylinder403 (8 polys, 24 verts) '07 - Default'
									Cylinder404 (8 polys, 24 verts) '07 - Default'
									Cylinder40 (8 polys, 24 verts) '07 - Default'
									Cylinder402 (8 polys, 24 verts) '07 - Default'
									Box18 (32 polys, 96 verts) '08 - Default'
										Box17 (64 polys, 192 verts) '08 - Default'
						Cylinder539 (28 polys, 84 verts) '07 - Default'
					Line235 (84 polys, 252 verts) '07 - Default'
					NGon0152 (38 polys, 114 verts) '08 - Default'
						NGon01 (124 polys, 372 verts) '08 - Default'
							Line57 (180 polys, 540 verts) '08 - Default'
								Line56 (48 polys, 144 verts) '08 - Default'
							Line236 (180 polys, 540 verts) '08 - Default'
								Line237 (48 polys, 144 verts) '08 - Default'
				Box15 (6 polys, 18 verts) '07 - Default'
				ChamferBox03 (30 polys, 90 verts) '08 - Default'
					ChamferBox04 (30 polys, 90 verts) '08 - Default'
						Cylinder414 (8 polys, 24 verts) '07 - Default'
						Cylinder46 (8 polys, 24 verts) '07 - Default'
						Cylinder415 (8 polys, 24 verts) '07 - Default'
						Cylinder416 (8 polys, 24 verts) '07 - Default'
						Cylinder409 (4 polys, 12 verts) '08 - Default'
							Cylinder410 (24 polys, 72 verts) '07 - Default'
						Cylinder405 (4 polys, 12 verts) '08 - Default'
							Cylinder406 (24 polys, 72 verts) '07 - Default'
						Cylinder407 (4 polys, 12 verts) '08 - Default'
							Cylinder408 (24 polys, 72 verts) '07 - Default'
						Cylinder412 (24 polys, 72 verts) '07 - Default'
						Cylinder411 (24 polys, 72 verts) '07 - Default'
						Cylinder413 (16 polys, 48 verts) '08 - Default'
				Line55 (86 polys, 258 verts) '07 - Default'
					Cylinder417 (20 polys, 60 verts) '07 - Default'
					Cylinder418 (20 polys, 60 verts) '07 - Default'
				Line01 (38 polys, 114 verts) '07 - Default'
				Line248 (79 polys, 237 verts) '03 - Default'
				SeatY_02 (48 polys, 144 verts) '07 - Default'
					F_in_base (22 polys, 66 verts) '07 - Default'
						Cylinder03 (16 polys, 48 verts) '03 - Default'
							Line66 (22 polys, 66 verts) '03 - Default'
								Line19 (109 polys, 327 verts) '03 - Default'
									Line18 (55 polys, 165 verts) '03 - Default'
										Box02 (37 polys, 111 verts) '03 - Default'
											Cylinder06 (16 polys, 48 verts) '07 - Default'
										Line21 (28 polys, 84 verts) '03 - Default'
										Line22 (24 polys, 72 verts) '03 - Default'
											Box03 (18 polys, 54 verts) '03 - Default'
											Line31 (106 polys, 318 verts) '03 - Default'
												Sphere01 (112 polys, 336 verts) '14 - Default'
												Line29 (268 polys, 804 verts) '03 - Default'
													Cylinder541 (8 polys, 24 verts) '07 - Default'
													Cylinder540 (8 polys, 24 verts) '07 - Default'
													Cylinder07 (40 polys, 120 verts) '04 - Default'
												Cylinder08 (48 polys, 144 verts) '14 - Default'
											Cylinder13 (36 polys, 108 verts) '03 - Default'
												Cylinder14 (42 polys, 126 verts) '03 - Default'
											Cross_Green01 (2 polys, 6 verts) '04 - Default'
										Line30 (12 polys, 36 verts) '03 - Default'
										Line24 (10 polys, 30 verts) '03 - Default'
											Line28 (120 polys, 360 verts) '03 - Default'
											Cylinder29 (118 polys, 354 verts) '03 - Default'
										Cylinder12 (92 polys, 276 verts) '08 - Default'
									Box08 (6 polys, 18 verts) '03 - Default'
									Box151 (6 polys, 18 verts) '03 - Default'
									Box22 (10 polys, 30 verts) '03 - Default'
									Cylinder538 (34 polys, 102 verts) '03 - Default'
										Cylinder537 (296 polys, 888 verts) '03 - Default'
									Cylinder04 (34 polys, 102 verts) '03 - Default'
										Cylinder05 (296 polys, 888 verts) '03 - Default'
									Box01 (8 polys, 24 verts) '03 - Default'
								Cylinder28 (40 polys, 120 verts) '03 - Default'
								Cylinder545 (28 polys, 84 verts) '03 - Default'
								Cylinder544 (28 polys, 84 verts) '03 - Default'
								Cylinder542 (28 polys, 84 verts) '03 - Default'
								Cylinder543 (28 polys, 84 verts) '03 - Default'
					Cylinder24 (16 polys, 48 verts) '07 - Default'
						Cylinder80 (56 polys, 168 verts) '07 - Default'
							Cylinder81 (98 polys, 294 verts) '07 - Default'
								Line121 (40 polys, 120 verts) '07 - Default'
								Line122 (40 polys, 120 verts) '07 - Default'
								Line123 (40 polys, 120 verts) '07 - Default'
					Cylinder23 (16 polys, 48 verts) '07 - Default'
						Cylinder21 (56 polys, 168 verts) '07 - Default'
							Cylinder22 (98 polys, 294 verts) '07 - Default'
								Line37 (40 polys, 120 verts) '07 - Default'
								Line15 (40 polys, 120 verts) '07 - Default'
								Line17 (40 polys, 120 verts) '07 - Default'
					Line251 (368 polys, 1104 verts) '07 - Default'
					Cylinder552 (24 polys, 72 verts) '07 - Default'
						Rectangle11 (77 polys, 231 verts) '03 - Default'
							Cylinder551 (12 polys, 36 verts) '07 - Default'
							Rectangle10 (54 polys, 162 verts) '03 - Default'
								Cylinder550 (16 polys, 48 verts) '07 - Default'
								Cylinder549 (16 polys, 48 verts) '07 - Default'
								Cylinder547 (230 polys, 690 verts) '03 - Default'
									Line250 (304 polys, 912 verts) '03 - Default'
										Cylinder548 (18 polys, 54 verts) '14 - Default'
										Sphere09 (112 polys, 336 verts) '14 - Default'
										Cross_Black01 (2 polys, 6 verts) '04 - Default'
									Cylinder30 (258 polys, 774 verts) '08 - Default'
					Box46 (62 polys, 186 verts) '08 - Default'
						Cylinder553 (8 polys, 24 verts) '07 - Default'
						Cylinder554 (8 polys, 24 verts) '07 - Default'
						Cylinder555 (8 polys, 24 verts) '07 - Default'
						Cylinder556 (8 polys, 24 verts) '07 - Default'
						Plane07 (2 polys, 6 verts) '03 - Default'
						SmallP01 (62 polys, 186 verts) '03 - Default'
							Cylinder559 (4 polys, 12 verts) '08 - Default'
								Cylinder560 (24 polys, 72 verts) '07 - Default'
							Cylinder557 (4 polys, 12 verts) '08 - Default'
								Cylinder558 (24 polys, 72 verts) '07 - Default'
						Cylinder32 (64 polys, 192 verts) '03 - Default'
					Box56 (42 polys, 126 verts) '03 - Default'
						Box56-1 (14 polys, 42 verts) '07 - Default'
							Box57 (48 polys, 144 verts) '03 - Default'
								Cylinder562 (8 polys, 24 verts) '07 - Default'
								Cylinder561 (8 polys, 24 verts) '07 - Default'
								Cylinder564 (8 polys, 24 verts) '07 - Default'
								Cylinder563 (8 polys, 24 verts) '07 - Default'
								Box58 (58 polys, 174 verts) '07 - Default'
									Cylinder567 (18 polys, 54 verts) '07 - Default'
									Cylinder568 (18 polys, 54 verts) '07 - Default'
									Cylinder569 (16 polys, 48 verts) '07 - Default'
									Cylinder570 (16 polys, 48 verts) '07 - Default'
									Cylinder571 (16 polys, 48 verts) '07 - Default'
								Line252 (84 polys, 252 verts) '07 - Default'
									Line136_37 (24 polys, 72 verts) '07 - Default'
								Cylinder565 (4 polys, 12 verts) '08 - Default'
									Cylinder566 (24 polys, 72 verts) '07 - Default'
								Cylinder573 (4 polys, 12 verts) '08 - Default'
									Cylinder574 (24 polys, 72 verts) '07 - Default'
								Cylinder576 (24 polys, 72 verts) '07 - Default'
								Cylinder575 (24 polys, 72 verts) '07 - Default'
								Cylinder577 (24 polys, 72 verts) '07 - Default'
								Cylinder578 (24 polys, 72 verts) '07 - Default'
								Cylinder579 (24 polys, 72 verts) '07 - Default'
								Cylinder580 (24 polys, 72 verts) '07 - Default'
								Cylinder581 (24 polys, 72 verts) '07 - Default'
								Cylinder572 (16 polys, 48 verts) '08 - Default'
				Wiper_base (12 polys, 36 verts) '01 - Default'
					Wiper_F01 (77 polys, 231 verts) 'fuse'
						Wiper_F02 (12 polys, 36 verts) 'fuse'
					Wiper_F03 (77 polys, 231 verts) 'fuse'
						Wiper_F04 (12 polys, 36 verts) 'fuse'


Num Nodes: 609
Total:    (21636 polys, 64908 verts)
Mesh Max: (650 polys, 1950 verts)

12 Materials:
 (  1) 01 - Default:
       <No Texture>
 (  2) 07 - Default:
       main frame.bmp
 (  3) 03 - Default:
       fsHUD.bmp
 (  4) 08 - Default:
       main frame2.bmp
 (  5) 04 - Default:
       Transparency enabled
       Self-illumination enabled
       meter.tga
 (  6) 09 - Default:
       ADI.bmp
 (  7) 23 - Default:
       Transparency enabled
       reflection..tga
 (  8) 15 - Default:
       MI-24_radar.bmp
 (  9) 02 - Default:
       <No Texture>
 ( 10) 19 - Default:
       Transparency enabled
       rf1.tga
 ( 11) 14 - Default:
       Transparency enabled
       Self-illumination enabled
       HUD.tga
 ( 12) fuse:
       <No Texture>

9 Textures:
main frame.bmp
fsHUD.bmp
main frame2.bmp
meter.tga
ADI.bmp
reflection..tga
MI-24_radar.bmp
rf1.tga
HUD.tga
