	RadomePM [108 polys, 86 verts] '07 - Default'
	Pitot [20 polys, 28 verts] '02 - Default'
	Pilone01 [108 polys, 114 verts] '02 - Default'
	Rotaia01 [64 polys, 70 verts] '02 - Default'
	Pilone02 [108 polys, 114 verts] '02 - Default'
	Rotaia02 [64 polys, 70 verts] '02 - Default'
	Rotaia04 [64 polys, 70 verts] '02 - Default'
	Rotaia03 [64 polys, 70 verts] '02 - Default'
	Pilone03 [108 polys, 114 verts] '02 - Default'
	Pilone04 [108 polys, 114 verts] '02 - Default'
	AuxPitot [90 polys, 88 verts] '02 - Default'
	DorsalExtension [8 polys, 12 verts] '02 - Default'
	Nose [162 polys, 126 verts] '02 - Default'
	Splitter [32 polys, 30 verts] '02 - Default'
	ScopeN [92 polys, 82 verts] '02 - Default'
	T_antenna [84 polys, 84 verts] '02 - Default'
	Dielectric [102 polys, 92 verts] '07 - Default'


Num Nodes: 17
Total:    (1386 polys, 1364 verts)
Mesh Max: (162 polys, 126 verts)

2 Materials:
 (  1) 07 - Default:
       MiG-19PM_mod.bmp
 (  2) 02 - Default:
       MiG-19PM_mod.bmp

1 Textures:
MiG-19PM_mod.bmp

Points

Extents
