	Bottom (6 polys, 18 verts) 'PanelLowRes'
		bottom panel (458 polys, 1374 verts) 'Material #3'
		hood (89 polys, 267 verts) 'hudglassj'
			RWRbox (10 polys, 30 verts) 'Material #2'
				RWRscreen (18 polys, 54 verts) 'rwr'
				rwrknob (438 polys, 1314 verts) 'needle white'
				RWRscreen01 (18 polys, 54 verts) 'Material #14'
				RWRscreen02 (18 polys, 54 verts) 'Material #13'
				RWRscreen03 (18 polys, 54 verts) 'Material #13'
		FrontEnd (10 polys, 30 verts) 'Material #8'
		BackEnd (6 polys, 18 verts) 'Material #8'
		Panel (51 polys, 153 verts) 'PanelLowRes'
			radarbox (3 polys, 9 verts) 'Material #2'
				radar_screen (2 polys, 6 verts) 'radarscreen'
				Lights (8 polys, 24 verts) 'Material #2'
					RadarLight (2 polys, 6 verts) 'Lights'
					HeatLight (2 polys, 6 verts) 'Lights'
					GunLight (2 polys, 6 verts) 'Lights'
					AAArmLight (2 polys, 6 verts) 'Lights'
			PanelBottom (12 polys, 36 verts) 'Material #2'
			CautionLights (22 polys, 66 verts) 'Material #2'
				EngineFireLight01 (2 polys, 6 verts) 'Lights'
				EngineFireLight02 (2 polys, 6 verts) 'Lights'
				EngineOverheatLight02 (2 polys, 6 verts) 'Lights'
				EngineOverheatLight01 (2 polys, 6 verts) 'Lights'
				CautionLights01 (2 polys, 6 verts) 'Lights'
			Plane01 (6 polys, 18 verts) 'hudglassj'
			gauges_set2 (227 polys, 681 verts) 'Material #16'
				ADI_BankIndicator (2 polys, 6 verts) 'needle white'
				ADIsphere (528 polys, 1584 verts) 'ADI'
				ADIswitchstand (12 polys, 36 verts) 'Material #2'
				HSIwheel (24 polys, 72 verts) 'Material #16'
					HSI_pointer (5 polys, 15 verts) 'needle white'
					HSI_center (12 polys, 36 verts) 'Material #16'
						HSI_CourseDeviation (2 polys, 6 verts) 'needle white'
						HSI_CourseArrow (7 polys, 21 verts) 'needle white'
						HSI_HeadingMarker (4 polys, 12 verts) 'needle white'
				HSI_plane (15 polys, 45 verts) 'needle white'
				turnsphere (48 polys, 144 verts) 'Material #2'
				ADI_watermark (14 polys, 42 verts) 'needle white'
				ADI_steering (2 polys, 6 verts) 'needle white'
				ADI_slope (2 polys, 6 verts) 'needle white'
				ADIknob (32 polys, 96 verts) 'Material #2'
				HSIknobs (64 polys, 192 verts) 'Material #2'
				HSI_coursedig2 (20 polys, 60 verts) 'ADI'
				HSI_coursedig3 (20 polys, 60 verts) 'ADI'
				HSI_rangedig1 (20 polys, 60 verts) 'ADI'
				HSI_rangedig2 (20 polys, 60 verts) 'ADI'
				HSI_rangedig3 (20 polys, 60 verts) 'ADI'
				HSI_coursedig1 (20 polys, 60 verts) 'ADI'
				HudHose (142 polys, 426 verts) 'hudglassj'
			gauges_set3 (4 polys, 12 verts) 'Material #13'
				needle_RPM2 (3 polys, 9 verts) 'needle white'
				needle_RPM1 (3 polys, 9 verts) 'needle white'
				needle_RPM1b (3 polys, 9 verts) 'needle white'
				needle_RPM2b (3 polys, 9 verts) 'needle white'
			gauges_set4 (24 polys, 72 verts) 'Material #14'
				fuel_darkbox (6 polys, 18 verts) 'black'
					fuel_dig1 (20 polys, 60 verts) 'ADI'
					fuel_dig2 (20 polys, 60 verts) 'ADI'
					fuel_dig3 (20 polys, 60 verts) 'ADI'
					fuel_dig4 (20 polys, 60 verts) 'ADI'
				alt_darkbox (8 polys, 24 verts) 'black'
					alt_dig2 (20 polys, 60 verts) 'ADI'
					alt_dig1 (20 polys, 60 verts) 'ADI'
					alt_dig3 (20 polys, 60 verts) 'ADI'
				needle_alt (7 polys, 21 verts) 'needle white'
				needle_climb (3 polys, 9 verts) 'needle white'
				altknob (32 polys, 96 verts) 'Material #2'
				speed_knob (32 polys, 96 verts) 'Material #2'
				radar_alt_knob (32 polys, 96 verts) 'Material #2'
				radar_alt_knob01 (32 polys, 96 verts) 'Material #2'
				radar_alt_knob02 (32 polys, 96 verts) 'Material #2'
				radar_alt_knob03 (32 polys, 96 verts) 'Material #2'
				radar_alt_knob04 (32 polys, 96 verts) 'Material #2'
			gauges_set1 (16 polys, 48 verts) 'Material #15'
				needle_radalt (3 polys, 9 verts) 'needle white'
				needle_AoA (3 polys, 9 verts) 'needle white'
				tas_darkbox (6 polys, 18 verts) 'black'
					tas_dig1 (20 polys, 60 verts) 'ADI'
					tas_dig2 (20 polys, 60 verts) 'ADI'
					tas_dig3 (20 polys, 60 verts) 'ADI'
					tas_dig4 (20 polys, 60 verts) 'ADI'
				radar_alt_light_off (32 polys, 96 verts) 'Material #2'
					radar_alt_light_on (12 polys, 36 verts) 'Lights'
				wheel_right (23 polys, 69 verts) 'Material #15'
					machscale (16 polys, 48 verts) 'Material #15'
					needle_speed (3 polys, 9 verts) 'needle white'
						machmeter_needle_small (4 polys, 12 verts) 'needle white'
						machwheel (15 polys, 45 verts) 'Material #15'
						speedwheel (16 polys, 48 verts) 'Material #15'
				Combustible (3 polys, 9 verts) 'needle white'
			NavControlPanel (72 polys, 216 verts) 'Material #2'
				NavToggle (84 polys, 252 verts) 'shiny switch'
			StationLight05 (2 polys, 6 verts) 'Lights'
			StationLight03 (2 polys, 6 verts) 'Lights'
			TAS (10 polys, 30 verts) 'Material #16'
			light_in_range_on (10 polys, 30 verts) 'Lights'
			gauges_set_6 (16 polys, 48 verts) 'Material #12'
			gauges_set05 (15 polys, 45 verts) 'Material #15'
			HUDcontrol (26 polys, 78 verts) 'Material #2'
			Plane03 (2 polys, 6 verts) 'Material #11'
		LeftPanel (58 polys, 174 verts) 'Material #3'
			Box01 (6 polys, 18 verts) 'Material #4'
			LeftBottom (14 polys, 42 verts) 'PanelLowRes'
		RightPanel (43 polys, 129 verts) 'Material #3'
			RightBottom (14 polys, 42 verts) 'PanelLowRes'
			SideSwitch06 (84 polys, 252 verts) 'shiny switch'
			SideSwitch07 (84 polys, 252 verts) 'shiny switch'
			SideSwitch08 (84 polys, 252 verts) 'shiny switch'
			SideSwitch10 (84 polys, 252 verts) 'shiny switch'
			SideSwitch13 (84 polys, 252 verts) 'shiny switch'
			SideSwitch14 (84 polys, 252 verts) 'shiny switch'
			SideSwitch01 (74 polys, 222 verts) 'Material #28'
			SideSwitch02 (74 polys, 222 verts) 'Material #28'
		BottomFloor (4 polys, 12 verts) 'Material #8'
		HookLever (17 polys, 51 verts) 'Material #2'
		GearLever (34 polys, 102 verts) 'needle white'
		CanopyFrame01 (160 polys, 480 verts) 'Material #2'
		Plane02 (10 polys, 30 verts) 'Material #8'
		CanopyFrame (348 polys, 1044 verts) 'Material #2'
			CompassFrame (136 polys, 408 verts) 'Material #2'
				CompassNeedle (2 polys, 6 verts) 'needle white'
				stby_comp_darkbox (24 polys, 72 verts) 'Material #8'
					stby_comp (16 polys, 48 verts) 'ADI'
				refuel_light_off01 (10 polys, 30 verts) 'Material #2'
			mirror_frame_center (21 polys, 63 verts) 'Material #2'
				mirror_center (21 polys, 63 verts) 'Mirror'
			mirror_frame_right (21 polys, 63 verts) 'Material #2'
				mirror_right (21 polys, 63 verts) 'Mirror'
			mirror_frame_left (21 polys, 63 verts) 'Material #2'
				mirror_left (21 polys, 63 verts) 'Mirror'
			canopy front (67 polys, 201 verts) 'canopy front'
			canopy rear (80 polys, 240 verts) 'canopy rear'
		LeftPanel02 (2 polys, 6 verts) 'Material #3'
	weaponspanel (131 polys, 393 verts) 'Material #2'
		StationLight02 (2 polys, 6 verts) 'Lights'
		StationLight04 (2 polys, 6 verts) 'Lights'
		StationLight01 (2 polys, 6 verts) 'Lights'
		Station5GunLight (2 polys, 6 verts) 'Lights'
		StationLight10 (2 polys, 6 verts) 'Lights'
		StationLight12 (2 polys, 6 verts) 'Lights'
		StationLight11 (2 polys, 6 verts) 'Lights'
		StationLight13 (2 polys, 6 verts) 'Lights'
		StationLight08 (2 polys, 6 verts) 'Lights'
		StationLight06 (2 polys, 6 verts) 'Lights'
		StationLight07 (2 polys, 6 verts) 'Lights'
		StationLight09 (2 polys, 6 verts) 'Lights'
	HUDglass (6 polys, 18 verts) 'hudglass'
		HUDGlassTop (6 polys, 18 verts) 'HUD glass sides'
		HUDGlassBottom (6 polys, 18 verts) 'HUD glass sides'
	AoAIndexerRight (36 polys, 108 verts) 'Material #2'
		indexer_slow_right (2 polys, 6 verts) 'Lights'
		indexer_on_speed_right (2 polys, 6 verts) 'Lights'
		indexer_fast_right (2 polys, 6 verts) 'Lights'
	AoAIndexerLeft (36 polys, 108 verts) 'Material #2'
		indexer_slow_left (2 polys, 6 verts) 'Lights'
		indexer_on_speed_left (2 polys, 6 verts) 'Lights'
		indexer_fast_left (2 polys, 6 verts) 'Lights'
	FrontFrameBottom (6 polys, 18 verts) 'Material #4'


Num Nodes: 160
Total:    (5458 polys, 16374 verts)
Mesh Max: (528 polys, 1584 verts)

25 Materials:
 (  1) PanelLowRes:
       Specular=0.00, Glossiness=0.00, Color:<0,0,0>
       Reflection=0.00
       F-4E_PANEL2.bmp
 (  2) Material #3:
       Specular=0.00, Glossiness=0.00, Color:<0,0,0>
       Reflection=0.00
       F-4E_PIT1.bmp
 (  3) hudglassj:
       MFD_frame.bmp
 (  4) Material #2:
       Specular=0.00, Glossiness=0.00, Color:<0,0,0>
       Reflection=0.00
       F-4E_PANEL.bmp
 (  5) rwr:
       Specular=0.00, Glossiness=0.00, Color:<0,0,0>
       Reflection=0.00
       f-4e_rwr.bmp
 (  6) needle white:
       Specular=0.00, Glossiness=0.00, Color:<0,0,0>
       Reflection=0.00
       <No Texture>
 (  7) Material #14:
       Specular=0.00, Glossiness=0.00, Color:<0,0,0>
       Reflection=0.00
       F-4E_GAU1.bmp
 (  8) Material #13:
       Specular=0.00, Glossiness=0.00, Color:<0,0,0>
       Reflection=0.00
       F-4E_GAU2.bmp
 (  9) Material #8:
       Specular=0.00, Glossiness=0.00, Color:<0,0,0>
       Reflection=0.00
       <No Texture>
 ( 10) radarscreen:
       Specular=0.00, Glossiness=0.00, Color:<0,0,0>
       Reflection=0.00
       f-4e_radar.bmp
 ( 11) Lights:
       Transparency enabled
       Self-illumination enabled
       Specular=0.00, Glossiness=0.00, Color:<0,0,0>
       Reflection=0.00
       F-4E_LIGHTS.tga
 ( 12) Material #16:
       Specular=0.00, Glossiness=0.00, Color:<0,0,0>
       Reflection=0.00
       F-4E_GAU4.bmp
 ( 13) ADI:
       Specular=0.30, Glossiness=0.50, Color:<229,229,229>
       Reflection=0.00
       F-4E_ATTITUDE.bmp
 ( 14) black:
       <No Texture>
 ( 15) Material #15:
       Specular=0.00, Glossiness=0.00, Color:<0,0,0>
       Reflection=0.00
       F-4E_GAU3.bmp
 ( 16) shiny switch:
       <No Texture>
 ( 17) Material #12:
       F-4E_GAU6.bmp
 ( 18) Material #11:
       Specular=0.00, Glossiness=0.00, Color:<0,0,0>
       Reflection=0.00
       f-4e_cowl.bmp
 ( 19) Material #4:
       Specular=0.00, Glossiness=0.00, Color:<0,0,0>
       Reflection=0.00
       <No Texture>
 ( 20) Material #28:
       <No Texture>
 ( 21) Mirror:
       Specular=1.00, Glossiness=0.50, Color:<220,220,220>
       Reflection=1.00
       f-4e_mirror.bmp
 ( 22) canopy front:
       Transparency enabled
       Specular=0.00, Glossiness=0.00, Color:<0,0,0>
       f-4e_reflec1.tga
 ( 23) canopy rear:
       Transparency enabled
       Specular=0.90, Glossiness=0.90, Color:<223,223,223>
       f-4e_reflec2.tga
 ( 24) hudglass:
       Transparency enabled
       Specular=0.60, Glossiness=0.25, Color:<223,223,223>
       Reflection=0.00
       f-4e_HUDReflection.tga
 ( 25) HUD glass sides:
       Transparency enabled
       Specular=1.00, Glossiness=0.25, Color:<223,223,223>
       Reflection=0.00
       F-4E_HUDGLASSTOP.TGA

19 Textures:
F-4E_PANEL2.bmp
F-4E_PIT1.bmp
MFD_frame.bmp
F-4E_PANEL.bmp
f-4e_rwr.bmp
F-4E_GAU1.bmp
F-4E_GAU2.bmp
f-4e_radar.bmp
F-4E_LIGHTS.tga
F-4E_GAU4.bmp
F-4E_ATTITUDE.bmp
F-4E_GAU3.bmp
F-4E_GAU6.bmp
f-4e_cowl.bmp
f-4e_mirror.bmp
f-4e_reflec1.tga
f-4e_reflec2.tga
f-4e_HUDReflection.tga
F-4E_HUDGLASSTOP.TGA
