	AMG-142 [1266 polys, 890 verts] '01 - Default'
		TailPlate [60 polys, 60 verts] '07 - Default'
			Radome [408 polys, 274 verts] '07 - Default'
			Protector [138 polys, 166 verts] '07 - Default'
			Cylinder02 [406 polys, 408 verts] '07 - Default'
				NozzleCover [22 polys, 24 verts] '07 - Default', AnimationID: 1 
		TailWing01 [60 polys, 68 verts] '07 - Default'
		TailWing02 [60 polys, 68 verts] '07 - Default'
		TailWing03 [60 polys, 68 verts] '07 - Default'
		TailWing04 [60 polys, 68 verts] '07 - Default'
		Wing01 [240 polys, 232 verts] '07 - Default'
		Wing02 [240 polys, 232 verts] '07 - Default'
		Wing03 [240 polys, 232 verts] '07 - Default'
		Wing04 [240 polys, 232 verts] '07 - Default'
		HookPlate [136 polys, 142 verts] '07 - Default'
			Hook [128 polys, 254 verts] '08 - Default'
		HookPlate01 [184 polys, 208 verts] '07 - Default'
			Hook01 [128 polys, 254 verts] '08 - Default'
		UpperCableTray [52 polys, 56 verts] '07 - Default'
			ConectorBase [52 polys, 54 verts] '07 - Default'
				Connector [124 polys, 126 verts] '07 - Default'
		Winglet [34 polys, 40 verts] '07 - Default'
		Winglet01 [34 polys, 40 verts] '07 - Default'
		SpanBand01 [140 polys, 146 verts] '09 - Default'
			SpannElement_01 [232 polys, 256 verts] '09 - Default'
				SpannBolzen02 [36 polys, 36 verts] '09 - Default'
					Screw [88 polys, 72 verts] '07 - Default'
						Bushing [36 polys, 36 verts] '08 - Default'
						Washer [160 polys, 108 verts] '08 - Default'
						Nut [88 polys, 116 verts] '08 - Default'
				SpannBolzen03 [36 polys, 36 verts] '09 - Default'
			SpannElement_02 [232 polys, 256 verts] '09 - Default'
				SpannBolzen01 [36 polys, 36 verts] '09 - Default'
					Screw01 [88 polys, 72 verts] '07 - Default'
						Bushing01 [36 polys, 36 verts] '08 - Default'
						Washer01 [160 polys, 108 verts] '08 - Default'
						Nut01 [88 polys, 116 verts] '08 - Default'
				SpannBolzen05 [36 polys, 36 verts] '09 - Default'
		SpanBand02 [140 polys, 146 verts] '09 - Default'
			SpannElement_03 [232 polys, 256 verts] '09 - Default'
				SpannBolzen06 [36 polys, 36 verts] '09 - Default'
					Screw02 [88 polys, 72 verts] '07 - Default'
						Bushing02 [36 polys, 36 verts] '08 - Default'
						Washer02 [160 polys, 108 verts] '08 - Default'
						Nut02 [88 polys, 116 verts] '08 - Default'
				SpannBolzen07 [36 polys, 36 verts] '09 - Default'
			SpannElement_04 [232 polys, 256 verts] '09 - Default'
				SpannBolzen08 [36 polys, 36 verts] '09 - Default'
					Screw03 [88 polys, 72 verts] '07 - Default'
						Bushing03 [36 polys, 36 verts] '08 - Default'
						Washer03 [160 polys, 108 verts] '08 - Default'
						Nut03 [88 polys, 116 verts] '08 - Default'
				SpannBolzen09 [36 polys, 36 verts] '09 - Default'
		SpanBand03 [140 polys, 146 verts] '09 - Default'
			SpannElement_05 [232 polys, 256 verts] '09 - Default'
				SpannBolzen10 [36 polys, 36 verts] '09 - Default'
					Screw04 [88 polys, 72 verts] '07 - Default'
						Bushing04 [36 polys, 36 verts] '08 - Default'
						Washer04 [160 polys, 108 verts] '08 - Default'
						Nut04 [88 polys, 116 verts] '08 - Default'
				SpannBolzen11 [36 polys, 36 verts] '09 - Default'
			SpannElement_06 [232 polys, 256 verts] '09 - Default'
				SpannBolzen04 [36 polys, 36 verts] '09 - Default'
					Screw05 [88 polys, 72 verts] '07 - Default'
						Bushing05 [36 polys, 36 verts] '08 - Default'
						Washer05 [160 polys, 108 verts] '08 - Default'
						Nut05 [88 polys, 116 verts] '08 - Default'
				SpannBolzen13 [36 polys, 36 verts] '09 - Default'
		SpanBand04 [244 polys, 336 verts] '09 - Default'
			Bracket01 [44 polys, 64 verts] '07 - Default'
				Bushing07 [104 polys, 108 verts] '07 - Default'
			Bracket [44 polys, 64 verts] '07 - Default'
				Bushing06 [160 polys, 108 verts] '07 - Default'
					Nut06 [60 polys, 110 verts] '08 - Default'
				Spindel [36 polys, 36 verts] '07 - Default'
				Box [12 polys, 24 verts] '07 - Default'
		Valve2 [52 polys, 54 verts] '07 - Default'
		Valve1 [52 polys, 54 verts] '07 - Default'
		Gauge [52 polys, 54 verts] '07 - Default'
		Fuse [52 polys, 54 verts] '08 - Default'
		Fuse01 [52 polys, 54 verts] '08 - Default'
		CableTray [245 polys, 234 verts] '07 - Default'
		IR-Sensor [402 polys, 260 verts] '03 - Default'
		IR-Glass [366 polys, 245 verts] 'Material #45'


Num Nodes: 84
Total:    (10825 polys, 10453 verts)
Mesh Max: (1266 polys, 890 verts)

6 Materials:
 (  1) 01 - Default:
       Specular=0.25, Glossiness=0.12, Color:<229,229,229>
       AGM-142D.jpg
 (  2) 07 - Default:
       Specular=0.25, Glossiness=0.12, Color:<229,229,229>
       AGM-142D_01.jpg
 (  3) 08 - Default:
       Specular=0.60, Glossiness=0.30, Color:<229,229,229>
       AGM-142D_01.jpg
 (  4) 09 - Default:
       Specular=0.80, Glossiness=0.40, Color:<229,229,229>
       Reflection=1.00
       AGM-142D_01.jpg
 (  5) 03 - Default:
       Specular=0.80, Glossiness=0.40, Color:<229,229,229>
       Reflection=1.00
       AGM-142D.jpg
 (  6) Material #45:
       Transparency enabled
       <No Texture>

2 Textures:
AGM-142D.jpg
AGM-142D_01.jpg

Points

Extents
