	Line31 (1081 polys, 3243 verts) '24 - Default'
		Cylinder20 (58 polys, 174 verts) '11 - Default'
		Cylinder65 (1076 polys, 3228 verts) '24 - Default'
			Box127 (2049 polys, 6147 verts) '24 - Default'
				Box152 (62 polys, 186 verts) '24 - Default'
				Box153 (62 polys, 186 verts) '24 - Default'
				Box154 (62 polys, 186 verts) '24 - Default'
				Box155 (62 polys, 186 verts) '24 - Default'
				Box156 (62 polys, 186 verts) '24 - Default'
				Box157 (62 polys, 186 verts) '24 - Default'
				Box158 (62 polys, 186 verts) '24 - Default'
				Box159 (62 polys, 186 verts) '24 - Default'
				Box160 (62 polys, 186 verts) '24 - Default'
				Box161 (62 polys, 186 verts) '24 - Default'
				Box162 (62 polys, 186 verts) '24 - Default'
				Box163 (62 polys, 186 verts) '24 - Default'
				Box164 (62 polys, 186 verts) '24 - Default'
				Box165 (62 polys, 186 verts) '24 - Default'
				Box166 (62 polys, 186 verts) '24 - Default'
				Box172 (62 polys, 186 verts) '24 - Default'
				Box173 (62 polys, 186 verts) '24 - Default'
				Box129 (62 polys, 186 verts) '24 - Default'
				Box131 (62 polys, 186 verts) '24 - Default'
				Box132 (62 polys, 186 verts) '24 - Default'
				Box133 (62 polys, 186 verts) '24 - Default'
				Box134 (62 polys, 186 verts) '24 - Default'
				Box135 (62 polys, 186 verts) '24 - Default'
				Box136 (62 polys, 186 verts) '24 - Default'
				Box137 (62 polys, 186 verts) '24 - Default'
				Box138 (62 polys, 186 verts) '24 - Default'
				Box139 (62 polys, 186 verts) '24 - Default'
				Box140 (62 polys, 186 verts) '24 - Default'
				Box141 (62 polys, 186 verts) '24 - Default'
				Box142 (62 polys, 186 verts) '24 - Default'
				Box143 (62 polys, 186 verts) '24 - Default'
				Box144 (62 polys, 186 verts) '24 - Default'
				Box150 (62 polys, 186 verts) '24 - Default'
				Box151 (62 polys, 186 verts) '24 - Default'
				Box07 (2047 polys, 6141 verts) '24 - Default'
				Box177 (1242 polys, 3726 verts) '05 - Default'
					RFC06 (60 polys, 180 verts) '11 - Default'
					RFC (60 polys, 180 verts) '01 - MR'
				Box178 (994 polys, 2982 verts) '05 - Default'
					RFL (60 polys, 180 verts) '01 - MR'
					RFC07 (60 polys, 180 verts) '11 - Default'
				Box179 (994 polys, 2982 verts) '05 - Default'
					RFR (60 polys, 180 verts) '01 - MR'
					RFC08 (60 polys, 180 verts) '11 - Default'
				Box183 (126 polys, 378 verts) '24 - Default'
					Box182 (196 polys, 588 verts) '24 - Default'
						Box181 (62 polys, 186 verts) '24 - Default'
					Box184 (190 polys, 570 verts) '24 - Default'
						Box185 (62 polys, 186 verts) '24 - Default'
					Box175 (190 polys, 570 verts) '24 - Default'
						Box187 (62 polys, 186 verts) '24 - Default'
					Box176 (282 polys, 846 verts) '24 - Default'
						Box189 (80 polys, 240 verts) '24 - Default'
					TableFrameL03 (155 polys, 465 verts) '24 - Default'
						Box210 (8 polys, 24 verts) '24 - Default'
				Box190 (126 polys, 378 verts) '24 - Default'
					Box191 (190 polys, 570 verts) '24 - Default'
						Box192 (62 polys, 186 verts) '24 - Default'
					Box194 (190 polys, 570 verts) '24 - Default'
						Box195 (62 polys, 186 verts) '24 - Default'
					TableFrameL01 (155 polys, 465 verts) '24 - Default'
						Box196 (8 polys, 24 verts) '24 - Default'
					TableFrameL02 (155 polys, 465 verts) '24 - Default'
						Box188 (6 polys, 18 verts) '24 - Default'
				Box220 (16 polys, 48 verts) 'Material #0'
				Box16 (136 polys, 408 verts) '11 - Default'
			Cylinder05 (127 polys, 381 verts) '24 - Default'
				Cylinder15 (84 polys, 252 verts) '24 - Default'
			Plane53 (16 polys, 48 verts) '24 - Default'
			Box12 (58 polys, 174 verts) '24 - Default'
				Cylinder18 (130 polys, 390 verts) '18 - Default'
			Box100146 (14 polys, 42 verts) '24 - Default'
				Box100147 (120 polys, 360 verts) '24 - Default'
			Box100144 (14 polys, 42 verts) '24 - Default'
				Box100145 (126 polys, 378 verts) '24 - Default'
			Box105 (38 polys, 114 verts) '24 - Default'
				Box206 (74 polys, 222 verts) '24 - Default'
			Box100135 (40 polys, 120 verts) '24 - Default'
				Box100136 (74 polys, 222 verts) '24 - Default'
			Cylinder41 (247 polys, 741 verts) '02 - Default'
			Box42 (111 polys, 333 verts) 'Material #0015'
				Cylinder32 (22 polys, 66 verts) '18 - Default'
					Turbo_handle (16 polys, 48 verts) 'Material #0015'
						Box45-1 (146 polys, 438 verts) 'Material #0015'
							Cylinder13173 (12 polys, 36 verts) '24 - Default'
								Cylinder13209 (48 polys, 144 verts) '24 - Default'
							Box13 (248 polys, 744 verts) 'Material #0015'
							Box47 (394 polys, 1182 verts) 'Material #0015'
								Cylinder13175 (34 polys, 102 verts) '18 - Default'
								Cylinder31 (68 polys, 204 verts) 'Material #0015'
									Cylinder13178 (48 polys, 144 verts) '24 - Default'
								Cylinder13179 (40 polys, 120 verts) 'Material #0015'
							Box45 (215 polys, 645 verts) 'Material #0015'
								Cylinder13180 (16 polys, 48 verts) '24 - Default'
									Cylinder13181 (48 polys, 144 verts) '24 - Default'
								Box48 (11 polys, 33 verts) 'Material #0015'
									Box49 (8 polys, 24 verts) 'Material #0015'
								Box50 (56 polys, 168 verts) 'Material #0015'
									Cylinder47 (50 polys, 150 verts) 'Material #0015'
								Box106798 (56 polys, 168 verts) 'Material #0015'
									Cylinder13182 (50 polys, 150 verts) 'Material #0015'
								Box51 (68 polys, 204 verts) 'Material #0015'
								Box106799 (68 polys, 204 verts) 'Material #0015'
				Box44 (84 polys, 252 verts) 'Material #0015'
					Cylinder13171 (22 polys, 66 verts) '18 - Default'
					Cylinder13170 (22 polys, 66 verts) '18 - Default'
				Box106796 (106 polys, 318 verts) 'Material #0015'
					Cylinder13169 (22 polys, 66 verts) '18 - Default'
					Cylinder13168 (22 polys, 66 verts) '18 - Default'
				Box43 (23 polys, 69 verts) 'Material #0015'
				Cylinder46 (24 polys, 72 verts) 'Material #0015'
				Cylinder13172 (22 polys, 66 verts) 'Material #0015'
				Box46 (30 polys, 90 verts) 'Material #0015'
				Box106797 (106 polys, 318 verts) 'Material #0015'
					Cylinder13176 (28 polys, 84 verts) '18 - Default'
					Cylinder13177 (28 polys, 84 verts) '18 - Default'
		Box106 (42 polys, 126 verts) '24 - Default'
			Box114 (152 polys, 456 verts) '24 - Default'
				Cylinder03 (120 polys, 360 verts) '24 - Default'
					Sphere01 (402 polys, 1206 verts) '24 - Default'
						Sphere01_Glass (160 polys, 480 verts) '11 - Default'
						Plane33 (6 polys, 18 verts) 'Material #1'
						compass01 (180 polys, 540 verts) '18 - Default'
							Cylinder184 (36 polys, 108 verts) 'Material #1'
				Cylinder12503 (160 polys, 480 verts) '24 - Default'
		Box99854 (56 polys, 168 verts) '24 - Default'
			Cylinder12505 (797 polys, 2391 verts) '24 - Default'
				Cylinder12506 (224 polys, 672 verts) '24 - Default'
		Box99855 (56 polys, 168 verts) '24 - Default'
			Cylinder12508 (793 polys, 2379 verts) '24 - Default'
				Cylinder12 (656 polys, 1968 verts) '24 - Default'
					Cylinder12499 (60 polys, 180 verts) '24 - Default'
					Cylinder12500 (72 polys, 216 verts) '24 - Default'
					Cylinder12501 (72 polys, 216 verts) '24 - Default'
					Cylinder12502 (72 polys, 216 verts) '24 - Default'
		Box01 (1095 polys, 3285 verts) 'Material #0'
			HUD_Base (74 polys, 222 verts) '04 - HUD Glass ball'
				Box14 (199 polys, 597 verts) '04 - HUD Glass ball'
					Cylinder04 (573 polys, 1719 verts) '04 - HUD Glass ball'
					Cylinder335 (162 polys, 486 verts) '04 - HUD Glass ball'
						Line45 (120 polys, 360 verts) '04 - HUD Glass ball'
					Cylinder06 (58 polys, 174 verts) '04 - HUD Glass ball'
						Cylinder336 (138 polys, 414 verts) '04 - HUD Glass ball'
				Box06 (66 polys, 198 verts) '04 - HUD Glass ball'
					Cylinder12454 (382 polys, 1146 verts) '05 - Default'
						Box113 (48 polys, 144 verts) '04 - HUD Glass ball'
					Box118 (52 polys, 156 verts) '05 - Default'
						Cylinder351 (65 polys, 195 verts) '04 - HUD Glass ball'
					Box122 (52 polys, 156 verts) '05 - Default'
						Cylinder12461 (68 polys, 204 verts) '04 - HUD Glass ball'
				Line174 (833 polys, 2499 verts) '04 - HUD Glass ball'
					Box107 (504 polys, 1512 verts) '05 - Default'
						HUD_Glass_F02 (84 polys, 252 verts) '03 - Default'
						HUD_Glass_F01 (62 polys, 186 verts) '03 - Default'
						HUD_True_airspeed2 (2 polys, 6 verts) 'Material #17'
						HUD_True_airspeed3 (2 polys, 6 verts) 'Material #17'
						HUD_True_airspeed1 (2 polys, 6 verts) 'Material #17'
						HUD_True_airspeed4 (2 polys, 6 verts) 'Material #17'
						HUD_ALT_counter3 (2 polys, 6 verts) 'Material #17'
						HUD_ALT_counter1 (2 polys, 6 verts) 'Material #17'
						HUD_ALT_counter4 (2 polys, 6 verts) 'Material #17'
						HUD_ALT_counter2 (2 polys, 6 verts) 'Material #17'
						HUD_ALT_counter5 (2 polys, 6 verts) 'Material #17'
					Box115 (482 polys, 1446 verts) '05 - Default'
					Cylinder343 (72 polys, 216 verts) '04 - HUD Glass ball'
					Cylinder13034 (72 polys, 216 verts) '04 - HUD Glass ball'
					Cylinder13035 (77 polys, 231 verts) '04 - HUD Glass ball'
					Cylinder13036 (78 polys, 234 verts) '04 - HUD Glass ball'
					Cylinder13037 (82 polys, 246 verts) '04 - HUD Glass ball'
					Cylinder13038 (80 polys, 240 verts) '04 - HUD Glass ball'
					HUD_GEAR_TRIGGER (2 polys, 6 verts) '05 - Default'
						TAKEOFF_MODE_ICON (2 polys, 6 verts) 'Material #16'
						Plane333 (2 polys, 6 verts) '13 - Reflation'
							Plane170 (2 polys, 6 verts) '13 - Reflation'
							Plane337 (2 polys, 6 verts) '13 - Reflation'
							Plane338 (2 polys, 6 verts) '13 - Reflation'
						LANDING_MODE_ICON (2 polys, 6 verts) 'Material #16'
							LANDING_MODE_GLIDE (2 polys, 6 verts) 'Material #16'
							LANDING_MODE_COURSE (2 polys, 6 verts) 'Material #16'
					HUD_FLIGHT_MODE (2 polys, 6 verts) '05 - Default'
						HUD_A2A_MODE (2 polys, 6 verts) '05 - Default'
							Plane335 (2 polys, 6 verts) '13 - Reflation'
							HUD_A2A_MODE_IRM (2 polys, 6 verts) '05 - Default'
								Plane336 (4 polys, 12 verts) '13 - Reflation'
									Plane336-02 (2 polys, 6 verts) 'Material #16'
									Plane336-1 (2 polys, 6 verts) 'Material #16'
							AA_MODE_LOCKED (2 polys, 6 verts) 'Material #16'
								HUD_SMALL_ADI (2 polys, 6 verts) 'Material #16'
							HUD_A2A_MODE_SHAM (2 polys, 6 verts) '05 - Default'
								HUD_RadarGuidedChannel (2 polys, 6 verts) 'Material #16'
								HUD_Acquiring_MANUAL (2 polys, 6 verts) 'Material #16'
								HUD_F_Hemisphere (2 polys, 6 verts) 'Material #16'
								HUD_JAMMER (2 polys, 6 verts) 'Material #16'
								HUD_MISSILE_GUIDING (2 polys, 6 verts) 'Material #16'
								HUD_AIRCRAFT_BANK_MARK03 (4 polys, 12 verts) 'Material #16'
									HUD_AIRCRAFT_INDEX01 (6 polys, 18 verts) '13 - Reflation'
							HUD_A2A_MODE_GUNS (2 polys, 6 verts) '05 - Default'
								HUD_SMALL_ADI01 (2 polys, 6 verts) 'Material #16'
							HUD_A2A_MODE_GUN_SELECTED (2 polys, 6 verts) '05 - Default'
								AA_MODE_ICON (2 polys, 6 verts) 'Material #16'
									Plane334 (2 polys, 6 verts) '13 - Reflation'
						HUD_A2G_MODE (2 polys, 6 verts) '05 - Default'
						HUD_NAV_MODE (2 polys, 6 verts) '05 - Default'
							NAV_MODE_ICON (2 polys, 6 verts) 'Material #16'
							LOWFLIGHT_MODE_ICON (2 polys, 6 verts) 'Material #16'
								LOWFLIGHT_MODE_P (2 polys, 6 verts) 'Material #16'
						HUD_AA_AG_MODE (2 polys, 6 verts) '05 - Default'
							HUD_GUN_MODE (2 polys, 6 verts) '05 - Default'
								HUD_WEAPON_STATION_BASE (20 polys, 60 verts) '13 - Reflation'
									HUD_STATION_ID_01 (2 polys, 6 verts) 'Material #16'
									HUD_STATION_ID_02 (2 polys, 6 verts) 'Material #16'
									HUD_STATION_ID_10 (2 polys, 6 verts) 'Material #16'
									HUD_STATION_ID_09 (2 polys, 6 verts) 'Material #16'
									HUD_STATION_ID_03 (2 polys, 6 verts) 'Material #16'
									HUD_STATION_ID_04 (2 polys, 6 verts) 'Material #16'
									HUD_STATION_ID_05 (2 polys, 6 verts) 'Material #16'
									HUD_STATION_ID_06 (2 polys, 6 verts) 'Material #16'
									HUD_STATION_ID_07 (2 polys, 6 verts) 'Material #16'
									HUD_STATION_ID_08 (2 polys, 6 verts) 'Material #16'
									HUD_FLASH_SYSTEM01 (2 polys, 6 verts) '05 - Default'
										HUD_FLASH_SYSTEM02 (2 polys, 6 verts) '05 - Default'
											HUD_FLASH_SYSTEM03 (2 polys, 6 verts) '05 - Default'
												HUD_FLASH_SYSTEM04 (2 polys, 6 verts) '05 - Default'
													HUD_FLASH_SYSTEM05 (2 polys, 6 verts) '05 - Default'
														HUD_FLASH_SYSTEM06 (2 polys, 6 verts) '05 - Default'
															HUD_STATION_SELECT_08 (2 polys, 6 verts) 'Material #16'
															HUD_STATION_SELECT_06 (2 polys, 6 verts) 'Material #16'
															HUD_STATION_SELECT_04 (2 polys, 6 verts) 'Material #16'
															HUD_STATION_SELECT_10 (2 polys, 6 verts) 'Material #16'
															HUD_STATION_SELECT_02 (2 polys, 6 verts) 'Material #16'
															HUD_STATION_SELECT_01 (2 polys, 6 verts) 'Material #16'
															HUD_STATION_SELECT_09 (2 polys, 6 verts) 'Material #16'
															HUD_STATION_SELECT_03 (2 polys, 6 verts) 'Material #16'
															HUD_STATION_SELECT_05 (2 polys, 6 verts) 'Material #16'
															HUD_STATION_SELECT_07 (2 polys, 6 verts) 'Material #16'
							HUD_WPS_ST01 (2 polys, 6 verts) '05 - Default'
								HUD_ST1_R-77 (2 polys, 6 verts) 'Material #16'
								HUD_ST1_R-27R (2 polys, 6 verts) 'Material #16'
								HUD_ST1_R-27ER (2 polys, 6 verts) 'Material #16'
								HUD_ST1_R-27P (2 polys, 6 verts) 'Material #16'
								HUD_ST1_R-27T (2 polys, 6 verts) 'Material #16'
								HUD_ST1_R-27ET (2 polys, 6 verts) 'Material #16'
								HUD_ST1_KH-31 (2 polys, 6 verts) 'Material #16'
								HUD_ST1_KH-29 (2 polys, 6 verts) 'Material #16'
								HUD_ST1_S-5 (2 polys, 6 verts) 'Material #16'
								HUD_ST1_S-13 (2 polys, 6 verts) 'Material #16'
								HUD_ST1_S-8 (2 polys, 6 verts) 'Material #16'
								HUD_ST1_Bombs01 (2 polys, 6 verts) 'Material #16'
								HUD_ST1_Bombs02 (2 polys, 6 verts) 'Material #16'
								HUD_ST1_R-27EP (2 polys, 6 verts) 'Material #16'
							HUD_WPS_ST02 (2 polys, 6 verts) '05 - Default'
								HUD_ST2_R-77 (2 polys, 6 verts) 'Material #16'
								HUD_ST2_R-27R (2 polys, 6 verts) 'Material #16'
								HUD_ST2_R-27ER (2 polys, 6 verts) 'Material #16'
								HUD_ST2_R-27P (2 polys, 6 verts) 'Material #16'
								HUD_ST2_R-27T (2 polys, 6 verts) 'Material #16'
								HUD_ST2_R-27ET (2 polys, 6 verts) 'Material #16'
								HUD_ST2_KH-31 (2 polys, 6 verts) 'Material #16'
								HUD_ST2_KH-29 (2 polys, 6 verts) 'Material #16'
								HUD_ST2_S-5 (2 polys, 6 verts) 'Material #16'
								HUD_ST2_S-13 (2 polys, 6 verts) 'Material #16'
								HUD_ST2_S-8 (2 polys, 6 verts) 'Material #16'
								HUD_ST2_Bombs01 (2 polys, 6 verts) 'Material #16'
								HUD_ST2_Bombs02 (2 polys, 6 verts) 'Material #16'
								HUD_ST2_R-27EP (2 polys, 6 verts) 'Material #16'
							HUD_WPS_ST03 (2 polys, 6 verts) '05 - Default'
								HUD_ST3_R-73 (2 polys, 6 verts) 'Material #16'
								HUD_ST3_R-77 (2 polys, 6 verts) 'Material #16'
								HUD_ST3_R-27R (2 polys, 6 verts) 'Material #16'
								HUD_ST3_R-27ER (2 polys, 6 verts) 'Material #16'
								HUD_ST3_R-27P (2 polys, 6 verts) 'Material #16'
								HUD_ST3_R-27T (2 polys, 6 verts) 'Material #16'
								HUD_ST3_R-27ET (2 polys, 6 verts) 'Material #16'
								HUD_ST3_KH-31 (2 polys, 6 verts) 'Material #16'
								HUD_ST3_KH-29 (2 polys, 6 verts) 'Material #16'
								HUD_ST3_S-5 (2 polys, 6 verts) 'Material #16'
								HUD_ST3_S-13 (2 polys, 6 verts) 'Material #16'
								HUD_ST3_S-8 (2 polys, 6 verts) 'Material #16'
								HUD_ST3_Bombs01 (2 polys, 6 verts) 'Material #16'
								HUD_ST3_Bombs02 (2 polys, 6 verts) 'Material #16'
								HUD_ST3_R-27EP (2 polys, 6 verts) 'Material #16'
							HUD_WPS_ST04 (2 polys, 6 verts) '05 - Default'
								HUD_ST4_R-73 (2 polys, 6 verts) 'Material #16'
								HUD_ST4_R-77 (2 polys, 6 verts) 'Material #16'
								HUD_ST4_R-27R (2 polys, 6 verts) 'Material #16'
								HUD_ST4_R-27ER (2 polys, 6 verts) 'Material #16'
								HUD_ST4_R-27P (2 polys, 6 verts) 'Material #16'
								HUD_ST4_R-27T (2 polys, 6 verts) 'Material #16'
								HUD_ST4_R-27ET (2 polys, 6 verts) 'Material #16'
								HUD_ST4_KH-31 (2 polys, 6 verts) 'Material #16'
								HUD_ST4_KH-29 (2 polys, 6 verts) 'Material #16'
								HUD_ST4_S-5 (2 polys, 6 verts) 'Material #16'
								HUD_ST4_S-13 (2 polys, 6 verts) 'Material #16'
								HUD_ST4_S-8 (2 polys, 6 verts) 'Material #16'
								HUD_ST4_Bombs01 (2 polys, 6 verts) 'Material #16'
								HUD_ST4_Bombs02 (2 polys, 6 verts) 'Material #16'
								HUD_ST4_R-27EP (2 polys, 6 verts) 'Material #16'
							HUD_WPS_ST05 (2 polys, 6 verts) '05 - Default'
								HUD_ST5_R-73 (2 polys, 6 verts) 'Material #16'
							HUD_WPS_ST06 (2 polys, 6 verts) '05 - Default'
								HUD_ST6_R-73 (2 polys, 6 verts) 'Material #16'
							HUD_WPS_ST07 (2 polys, 6 verts) '05 - Default'
								HUD_ST7_R-73 (2 polys, 6 verts) 'Material #16'
							HUD_WPS_ST08 (2 polys, 6 verts) '05 - Default'
								HUD_ST8_R-73 (2 polys, 6 verts) 'Material #16'
							HUD_WPS_ST09 (2 polys, 6 verts) '05 - Default'
								HUD_ST9_R-77 (2 polys, 6 verts) 'Material #16'
								HUD_ST9_R-27R (2 polys, 6 verts) 'Material #16'
								HUD_ST9_R-27ER (2 polys, 6 verts) 'Material #16'
								HUD_ST9_R-27P (2 polys, 6 verts) 'Material #16'
								HUD_ST9_R-27T (2 polys, 6 verts) 'Material #16'
								HUD_ST9_R-27ET (2 polys, 6 verts) 'Material #16'
								HUD_ST9_KH-31 (2 polys, 6 verts) 'Material #16'
								HUD_ST9_KH-29 (2 polys, 6 verts) 'Material #16'
								HUD_ST9_S-5 (2 polys, 6 verts) 'Material #16'
								HUD_ST9_S-13 (2 polys, 6 verts) 'Material #16'
								HUD_ST9_S-8 (2 polys, 6 verts) 'Material #16'
								HUD_ST9_Bombs01 (2 polys, 6 verts) 'Material #16'
								HUD_ST9_Bombs02 (2 polys, 6 verts) 'Material #16'
								HUD_ST9_R-27EP (2 polys, 6 verts) 'Material #16'
							HUD_WPS_ST10 (2 polys, 6 verts) '05 - Default'
								HUD_ST10_R-77 (2 polys, 6 verts) 'Material #16'
								HUD_ST10_R-27R (2 polys, 6 verts) 'Material #16'
								HUD_ST10_R-27ER (2 polys, 6 verts) 'Material #16'
								HUD_ST10_R-27P (2 polys, 6 verts) 'Material #16'
								HUD_ST10_R-27T (2 polys, 6 verts) 'Material #16'
								HUD_ST10_R-27ET (2 polys, 6 verts) 'Material #16'
								HUD_ST10_KH-31 (2 polys, 6 verts) 'Material #16'
								HUD_ST10_KH-29 (2 polys, 6 verts) 'Material #16'
								HUD_ST10_S-5 (2 polys, 6 verts) 'Material #16'
								HUD_ST10_S-13 (2 polys, 6 verts) 'Material #16'
								HUD_ST10_S-8 (2 polys, 6 verts) 'Material #16'
								HUD_ST10_Bombs01 (2 polys, 6 verts) 'Material #16'
								HUD_ST10_Bombs02 (2 polys, 6 verts) 'Material #16'
								HUD_ST10_R-27EP (2 polys, 6 verts) 'Material #16'
							HUD_WPS_ST11 (2 polys, 6 verts) '05 - Default'
							HUD_WPS_ST12 (2 polys, 6 verts) '05 - Default'
							HUD_ROCKET_MODE (2 polys, 6 verts) '05 - Default'
								HUD_Cross_grid (2 polys, 6 verts) 'Material #19'
					Plane327 (2 polys, 6 verts) '13 - Reflation'
						Plane179 (2 polys, 6 verts) '13 - Reflation'
					Plane328 (2 polys, 6 verts) '13 - Reflation'
						Plane329 (2 polys, 6 verts) 'Material #16'
					HUD_AURCRAFT_INDEX_BASE01 (2 polys, 6 verts) '05 - Default'
						HUD_INDEX_NVA_TRIGGER (2 polys, 6 verts) '05 - Default'
							HUD_INDEX_R73_TRIGGER01 (2 polys, 6 verts) '05 - Default'
								HUD_AIRCRAFT_INDEX (6 polys, 18 verts) '13 - Reflation'
								HUD_AIRCRAFT_BANK_MARK01 (20 polys, 60 verts) 'Material #16'
								HUD_AIRCRAFT_BANK_MARK02 (4 polys, 12 verts) 'Material #16'
					Box15 (161 polys, 483 verts) '05 - Default'
						Box79 (2 polys, 6 verts) '18 - Default'
						Box106994 (2 polys, 6 verts) '18 - Default'
						Box106995 (2 polys, 6 verts) '18 - Default'
						indexer_on_speed_left (2 polys, 6 verts) 'Material #1'
						indexer_slow_left (2 polys, 6 verts) 'Material #1'
						indexer_fast_left (2 polys, 6 verts) 'Material #1'
						Box106997 (62 polys, 186 verts) '24 - Default'
						Box106996 (62 polys, 186 verts) '24 - Default'
				Line175 (835 polys, 2505 verts) '04 - HUD Glass ball'
				Box111 (32 polys, 96 verts) '04 - HUD Glass ball'
					HUD_Projector_Base (454 polys, 1362 verts) '04 - HUD Glass ball'
						HUD_Projector_Glass (120 polys, 360 verts) '04 - HUD Glass ball'
				Box03 (270 polys, 810 verts) '05 - Default'
					Box120 (270 polys, 810 verts) '05 - Default'
				Box10-01 (86 polys, 258 verts) '05 - Default'
					Cylinder08 (104 polys, 312 verts) '05 - Default'
					Box10 (223 polys, 669 verts) '05 - Default'
						Cylinder09 (16 polys, 48 verts) '05 - Default'
							Box99846 (24 polys, 72 verts) '04 - HUD Glass ball'
				Box02 (524 polys, 1572 verts) '05 - Default'
					Box08 (54 polys, 162 verts) '05 - Default'
						Box08-03 (6 polys, 18 verts) '05 - Default'
					HSLdig1 (12 polys, 36 verts) '02 - Default'
						Cylinder07 (248 polys, 744 verts) '05 - Default'
					Box04 (73 polys, 219 verts) '11 - Default'
				Box106853 (524 polys, 1572 verts) '05 - Default'
					Box106854 (73 polys, 219 verts) '11 - Default'
					HSRdig1 (10 polys, 30 verts) '02 - Default'
						Cylinder02 (248 polys, 744 verts) '05 - Default'
					Box124 (54 polys, 162 verts) '05 - Default'
						Box08-04 (6 polys, 18 verts) '05 - Default'
				Box22 (326 polys, 978 verts) '04 - HUD Glass ball'
					Line02 (204 polys, 612 verts) '04 - HUD Glass ball'
					Box106855 (16 polys, 48 verts) '24 - Default'
				Box62 (86 polys, 258 verts) '05 - Default'
					Box106857 (160 polys, 480 verts) '18 - Default'
						Box126-37 (6 polys, 18 verts) '18 - Default'
							Box998741-02 (6 polys, 18 verts) 'Material #1'
					Cylinder13212 (12 polys, 36 verts) '18 - Default'
					Cylinder13213 (12 polys, 36 verts) '18 - Default'
				Box76 (52 polys, 156 verts) '05 - Default'
					Cylinder13215 (16 polys, 48 verts) '18 - Default'
					Cylinder13214 (16 polys, 48 verts) '18 - Default'
					Cylinder10 (16 polys, 48 verts) '18 - Default'
					Cylinder01 (16 polys, 48 verts) '18 - Default'
					Box77 (448 polys, 1344 verts) '05 - Default'
						Cylinder13 (16 polys, 48 verts) '18 - Default'
						Cylinder21 (16 polys, 48 verts) '18 - Default'
						Cylinder13216 (16 polys, 48 verts) '18 - Default'
						Cylinder13217 (16 polys, 48 verts) '18 - Default'
						Box106869 (2 polys, 6 verts) '11 - Default'
						Box126-43 (2 polys, 6 verts) '18 - Default'
						Box106870 (2 polys, 6 verts) 'Material #1'
						Box106977 (2 polys, 6 verts) 'Material #1'
						Box106978 (2 polys, 6 verts) 'Material #1'
						Box106979 (2 polys, 6 verts) 'Material #1'
						Box106980 (2 polys, 6 verts) 'Material #1'
						Box106981 (2 polys, 6 verts) 'Material #1'
						Box106982 (2 polys, 6 verts) 'Material #1'
						Box106983 (2 polys, 6 verts) 'Material #1'
						Box106984 (2 polys, 6 verts) 'Material #1'
						Box106985 (2 polys, 6 verts) 'Material #1'
						Box106986 (2 polys, 6 verts) 'Material #1'
						Box106987 (2 polys, 6 verts) 'Material #1'
						STATION_SELECT_07 (2 polys, 6 verts) 'Material #1'
						STATION_SELECT_05 (2 polys, 6 verts) 'Material #1'
						STATION_SELECT_03 (2 polys, 6 verts) 'Material #1'
						STATION_SELECT_09 (2 polys, 6 verts) 'Material #1'
						STATION_SELECT_01 (2 polys, 6 verts) 'Material #1'
						STATION_SELECT_02 (2 polys, 6 verts) 'Material #1'
						STATION_SELECT_10 (2 polys, 6 verts) 'Material #1'
						STATION_SELECT_04 (2 polys, 6 verts) 'Material #1'
						STATION_SELECT_06 (2 polys, 6 verts) 'Material #1'
						STATION_SELECT_08 (2 polys, 6 verts) 'Material #1'
				Box106868 (22 polys, 66 verts) '05 - Default'
				Box18 (22 polys, 66 verts) '05 - Default'
				Box78 (47 polys, 141 verts) '05 - Default'
					Box106858 (144 polys, 432 verts) '18 - Default'
						Box126-38 (6 polys, 18 verts) '18 - Default'
						Box180 (6 polys, 18 verts) 'Material #1'
					Box106866 (144 polys, 432 verts) '18 - Default'
						Box126-42 (6 polys, 18 verts) '18 - Default'
						Box99877 (6 polys, 18 verts) 'Material #1'
					Box106862 (144 polys, 432 verts) '18 - Default'
						Box126-40 (6 polys, 18 verts) '18 - Default'
						Box99909 (6 polys, 18 verts) 'Material #1'
					Box106864 (144 polys, 432 verts) '18 - Default'
						Box126-41 (6 polys, 18 verts) '18 - Default'
						Box99907 (6 polys, 18 verts) 'Material #1'
					Box106860 (144 polys, 432 verts) '18 - Default'
						Box126-39 (6 polys, 18 verts) '18 - Default'
						Box99911 (6 polys, 18 verts) 'Material #1'
					Box106916 (144 polys, 432 verts) '18 - Default'
						Box99921 (6 polys, 18 verts) 'Material #1'
						Box126-59 (6 polys, 18 verts) '18 - Default'
				Box108 (71 polys, 213 verts) '18 - Default'
					Cylinder12512 (94 polys, 282 verts) '18 - Default'
						Box11 (232 polys, 696 verts) '18 - Default'
					Cylinder14 (16 polys, 48 verts) '18 - Default'
					Box82 (498 polys, 1494 verts) '18 - Default'
						Plane339 (18 polys, 54 verts) '12 - Default'
							Cylinder13224 (168 polys, 504 verts) '24 - Default'
						Plane340 (18 polys, 54 verts) '12 - Default'
							Cylinder13225 (168 polys, 504 verts) '24 - Default'
						Plane343 (2 polys, 6 verts) '12 - Default'
						Cylinder13228 (168 polys, 504 verts) '24 - Default'
						Plane344 (2 polys, 6 verts) '12 - Default'
						Plane345 (2 polys, 6 verts) '12 - Default'
						Plane346 (2 polys, 6 verts) '12 - Default'
						Plane347 (2 polys, 6 verts) '12 - Default'
						Plane348 (2 polys, 6 verts) '12 - Default'
						meter_reflection13 (4 polys, 12 verts) '11 - Default'
						Box106881 (2 polys, 6 verts) 'Material #1'
						Cylinder13227 (154 polys, 462 verts) '09 - Default'
						Box106882 (82 polys, 246 verts) '18 - Default'
						Box106883 (82 polys, 246 verts) '18 - Default'
						Box106884 (82 polys, 246 verts) '18 - Default'
						Box106885 (82 polys, 246 verts) '18 - Default'
						Box106886 (82 polys, 246 verts) '18 - Default'
						Plane350 (2 polys, 6 verts) '07 - Default'
						Plane01 (2 polys, 6 verts) '07 - Default'
						Plane341 (2 polys, 6 verts) '07 - Default'
						Plane342 (2 polys, 6 verts) '07 - Default'
						Plane349 (2 polys, 6 verts) '07 - Default'
						Cylinder13232 (16 polys, 48 verts) '24 - Default'
							Cylinder13231 (48 polys, 144 verts) '24 - Default'
						Box106990 (2 polys, 6 verts) 'Material #1'
						Box106991 (2 polys, 6 verts) 'Material #1'
						Weapon_Quantity_count_dig1 (20 polys, 60 verts) '19 - Default'
						Weapon_Quantity_count_dig2 (20 polys, 60 verts) '19 - Default'
						Box106992 (2 polys, 6 verts) 'Material #1'
						Box106993 (2 polys, 6 verts) 'Material #1'
						Cylinder13348 (168 polys, 504 verts) '24 - Default'
					Cylinder13229 (16 polys, 48 verts) '18 - Default'
					Cylinder13230 (16 polys, 48 verts) '18 - Default'
				Box100 (152 polys, 456 verts) '05 - Default'
					Cylinder13349 (77 polys, 231 verts) '04 - HUD Glass ball'
					Cylinder13350 (72 polys, 216 verts) '04 - HUD Glass ball'
			Centerpanel (851 polys, 2553 verts) '02 - Default'
				Cylinder12645 (466 polys, 1398 verts) '18 - Default'
					meter_reflection06 (8 polys, 24 verts) '11 - Default'
					Plane37 (2 polys, 6 verts) '03 - Default'
						Box100123 (2 polys, 6 verts) '19 - Default'
						Box100124 (2 polys, 6 verts) '19 - Default'
				Cylinder97 (538 polys, 1614 verts) '18 - Default'
					meter_reflection07 (8 polys, 24 verts) '11 - Default'
					Plane39 (2 polys, 6 verts) '03 - Default'
						Box100127 (2 polys, 6 verts) '19 - Default'
						Box100128 (2 polys, 6 verts) '19 - Default'
				Cylinder12646 (466 polys, 1398 verts) '18 - Default'
					meter_reflection08 (8 polys, 24 verts) '11 - Default'
					Plane11 (4 polys, 12 verts) '19 - Default'
						Box100065 (2 polys, 6 verts) '19 - Default'
				Cylinder12761 (16 polys, 48 verts) '18 - Default'
				Cylinder12762 (16 polys, 48 verts) '18 - Default'
				Cylinder12763 (16 polys, 48 verts) '18 - Default'
				Cylinder12764 (16 polys, 48 verts) '18 - Default'
				Cylinder12765 (16 polys, 48 verts) '18 - Default'
				Cylinder12766 (16 polys, 48 verts) '18 - Default'
				Cylinder12767 (16 polys, 48 verts) '18 - Default'
				Cylinder12768 (16 polys, 48 verts) '18 - Default'
				Box204 (84 polys, 252 verts) '09 - Default'
					Box21 (121 polys, 363 verts) '09 - Default'
				Box40 (12 polys, 36 verts) 'Material #0015'
					Box52 (192 polys, 576 verts) 'Material #0015'
					Cylinder50 (232 polys, 696 verts) 'Material #0015'
						ControlStick_roll (8 polys, 24 verts) 'Material #0015'
							ControlStick_pitch (8 polys, 24 verts) 'Material #0015'
								Cylinder13188 (234 polys, 702 verts) 'Material #0015'
								Cylinder13187 (234 polys, 702 verts) 'Material #0015'
								Cylinder13186 (234 polys, 702 verts) 'Material #0015'
								Cylinder13185 (234 polys, 702 verts) 'Material #0015'
								ControlStick_pitch01 (434 polys, 1302 verts) 'Material #0015'
									Line05_base (267 polys, 801 verts) 'Material #0015'
										Line05 (838 polys, 2514 verts) '24 - Default'
											Cylinder13198 (78 polys, 234 verts) '18 - Default'
												Cylinder13199 (48 polys, 144 verts) '24 - Default'
											stick_detail03 (2 polys, 6 verts) '17 - Default'
											stick_detail02 (4 polys, 12 verts) '17 - Default'
											Box53 (28 polys, 84 verts) 'Material #0015'
											Cylinder13200 (14 polys, 42 verts) '18 - Default'
												Cylinder13201 (132 polys, 396 verts) '24 - Default'
											stick_detail01 (88 polys, 264 verts) '17 - Default'
											Box55 (228 polys, 684 verts) 'Material #0015'
												Box106801 (12 polys, 36 verts) 'Material #0015'
											Cylinder13202 (96 polys, 288 verts) 'Material #0015'
												Cylinder13203 (80 polys, 240 verts) 'Material #0015'
											Cylinder13204 (58 polys, 174 verts) 'Material #0015'
												Cylinder13205 (208 polys, 624 verts) 'Material #0015'
												Cylinder13312 (16 polys, 48 verts) '18 - Default'
									Box57 (124 polys, 372 verts) 'Material #0015'
								Cylinder13184 (234 polys, 702 verts) 'Material #0015'
						Cylinder13183 (234 polys, 702 verts) 'Material #0015'
					Box106802 (192 polys, 576 verts) 'Material #0015'
					Cylinder28 (288 polys, 864 verts) '18 - Default'
					pedal_left01 (186 polys, 558 verts) 'Seat #1'
						Box71 (116 polys, 348 verts) 'Seat #1'
					pedal_right01 (186 polys, 558 verts) 'Seat #1'
						Box106809 (116 polys, 348 verts) 'Seat #1'
				Box100134 (51 polys, 153 verts) '09 - Default'
					Cylinder12782 (20 polys, 60 verts) '18 - Default'
						Box209 (60 polys, 180 verts) '09 - Default'
					Plane54 (2 polys, 6 verts) '24 - Default'
					Box92 (215 polys, 645 verts) '07 - Default'
						Plane388 (14 polys, 42 verts) '12 - Default'
						Cylinder13276 (88 polys, 264 verts) '24 - Default'
						Plane387 (14 polys, 42 verts) '12 - Default'
						Cylinder13275 (88 polys, 264 verts) '24 - Default'
						Cylinder12780 (16 polys, 48 verts) '18 - Default'
						Cylinder13395 (16 polys, 48 verts) '18 - Default'
						Cylinder13396 (16 polys, 48 verts) '18 - Default'
						Cylinder13279 (16 polys, 48 verts) '24 - Default'
							Cylinder13280 (48 polys, 144 verts) '24 - Default'
				Box205 (13 polys, 39 verts) '09 - Default'
					Cylinder12776 (16 polys, 48 verts) '18 - Default'
					Cylinder12777 (16 polys, 48 verts) '18 - Default'
					Cylinder12774 (16 polys, 48 verts) '18 - Default'
					Cylinder12775 (16 polys, 48 verts) '18 - Default'
					Plane52 (54 polys, 162 verts) '09 - Default'
					Box100131 (144 polys, 432 verts) '18 - Default'
						Box126-35 (6 polys, 18 verts) '18 - Default'
						Box126-36 (6 polys, 18 verts) '18 - Default'
				Cylinder13233 (16 polys, 48 verts) '18 - Default'
				Cylinder13234 (16 polys, 48 verts) '18 - Default'
				Cylinder13237 (552 polys, 1656 verts) '18 - Default'
					Plane09 (2 polys, 6 verts) '19 - Default'
						Box100057 (31 polys, 93 verts) '19 - Default'
						Box95 (14 polys, 42 verts) '19 - Default'
					meter_reflection03 (8 polys, 24 verts) '11 - Default'
				Box106888 (545 polys, 1635 verts) '18 - Default'
					meter_reflection14 (8 polys, 24 verts) '11 - Default'
					Cylinder13299 (140 polys, 420 verts) '18 - Default'
					Plane07 (2 polys, 6 verts) '19 - Default'
						Box100055 (14 polys, 42 verts) '19 - Default'
					Cylinder22 (10 polys, 30 verts) '19 - Default'
				Box20 (108 polys, 324 verts) '02 - Default'
					Cylinder33 (328 polys, 984 verts) '18 - Default'
						G_meter_Nom1 (28 polys, 84 verts) '19 - Default'
							Plane02 (4 polys, 12 verts) '19 - Default'
							Box214 (3 polys, 9 verts) '19 - Default'
							Box213 (3 polys, 9 verts) '19 - Default'
							Cylinder33-L01 (28 polys, 84 verts) '18 - Default'
						meter_reflection11 (8 polys, 24 verts) '11 - Default'
				Box106889 (191 polys, 573 verts) '02 - Default'
					Cylinder169 (78 polys, 234 verts) '18 - Default'
						Box19 (76 polys, 228 verts) '18 - Default'
							Cylinder171 (360 polys, 1080 verts) '18 - Default'
					Cylinder12637 (466 polys, 1398 verts) '18 - Default'
						Cylinder12740 (88 polys, 264 verts) '18 - Default'
						Cylinder12741 (88 polys, 264 verts) '18 - Default'
						meter_reflection05 (8 polys, 24 verts) '11 - Default'
						Plane10 (3 polys, 9 verts) '19 - Default'
							ClockNeedleHOU (2 polys, 6 verts) '19 - Default'
							ClockNeedleMIN (2 polys, 6 verts) '19 - Default'
							ClockNeedleSec (2 polys, 6 verts) '19 - Default'
						Cylinder13252 (88 polys, 264 verts) '18 - Default'
					Plane20 (54 polys, 162 verts) '09 - Default'
						Plane22 (2 polys, 6 verts) 'Material #1'
						Plane21 (2 polys, 6 verts) 'Material #1'
						Plane23 (2 polys, 6 verts) 'Material #1'
						Plane24 (2 polys, 6 verts) 'Material #1'
						Plane25 (2 polys, 6 verts) 'Material #1'
						Plane26 (2 polys, 6 verts) 'Material #1'
						Plane27 (2 polys, 6 verts) 'Material #1'
						Plane28 (2 polys, 6 verts) 'Material #1'
						Plane29 (2 polys, 6 verts) 'Material #1'
						meter_reflection10 (6 polys, 18 verts) '11 - Default'
						Plane415 (2 polys, 6 verts) 'Material #1'
						Plane416 (2 polys, 6 verts) 'Material #1'
						Plane417 (2 polys, 6 verts) 'Material #1'
					Cylinder13244 (16 polys, 48 verts) '18 - Default'
					Cylinder13245 (16 polys, 48 verts) '18 - Default'
					Cylinder13239 (16 polys, 48 verts) '18 - Default'
					Cylinder13238 (16 polys, 48 verts) '18 - Default'
					Cylinder13240 (16 polys, 48 verts) '18 - Default'
					Cylinder13242 (16 polys, 48 verts) '18 - Default'
					Cylinder13243 (16 polys, 48 verts) '18 - Default'
					Cylinder13241 (16 polys, 48 verts) '18 - Default'
					Box17 (96 polys, 288 verts) '02 - Default'
				Cylinder13251 (16 polys, 48 verts) '18 - Default'
				Box83 (52 polys, 156 verts) '02 - Default'
					Cylinder13258 (16 polys, 48 verts) '18 - Default'
					Cylinder13259 (16 polys, 48 verts) '18 - Default'
					Cylinder13260 (88 polys, 264 verts) '24 - Default'
					Plane353 (14 polys, 42 verts) '12 - Default'
				Box106893 (208 polys, 624 verts) '18 - Default'
					Box126-46 (6 polys, 18 verts) '18 - Default'
					Box100071 (6 polys, 18 verts) 'Material #1'
				Box106894 (208 polys, 624 verts) '18 - Default'
					Box126-47 (6 polys, 18 verts) '18 - Default'
					Box100072 (6 polys, 18 verts) 'Material #1'
				Box100067 (208 polys, 624 verts) '18 - Default'
					Box126-29 (6 polys, 18 verts) '18 - Default'
					Box100068 (6 polys, 18 verts) 'Material #1'
				Box86 (46 polys, 138 verts) '02 - Default'
				Plane355 (6 polys, 18 verts) '24 - Default'
				Box89 (256 polys, 768 verts) '09 - Default'
					Cylinder12739 (88 polys, 264 verts) '18 - Default'
					meter_reflection09 (8 polys, 24 verts) '11 - Default'
					Plane41 (178 polys, 534 verts) '18 - Default'
						Plane44 (24 polys, 72 verts) '03 - Default'
						Plane03 (72 polys, 216 verts) '18 - Default'
							compass02 (36 polys, 108 verts) '03 - Default'
								Plane43 (6 polys, 18 verts) '03 - Default'
								Plane42 (4 polys, 12 verts) '03 - Default'
						Plane395 (2 polys, 6 verts) '03 - Default'
						Plane394 (2 polys, 6 verts) '03 - Default'
						Plane396 (6 polys, 18 verts) '03 - Default'
						Plane399 (12 polys, 36 verts) '03 - Default'
						Plane397 (12 polys, 36 verts) '03 - Default'
						Plane46 (16 polys, 48 verts) '19 - Default'
						Plane400 (2 polys, 6 verts) '03 - Default'
						Plane401 (2 polys, 6 verts) '03 - Default'
						Plane402 (2 polys, 6 verts) '03 - Default'
						Plane403 (2 polys, 6 verts) '03 - Default'
						Cylinder23 (22 polys, 66 verts) '18 - Default'
							Compass_range_dig1 (20 polys, 60 verts) '19 - Default'
							Compass_range_dig2 (20 polys, 60 verts) '19 - Default'
							Compass_range_dig3 (20 polys, 60 verts) '19 - Default'
						Cylinder13303 (22 polys, 66 verts) '18 - Default'
							Compass_course_dig2 (20 polys, 60 verts) '19 - Default'
							Compass_course_dig3 (20 polys, 60 verts) '19 - Default'
							Compass_course_dig1 (20 polys, 60 verts) '19 - Default'
						Cylinder13304 (22 polys, 66 verts) '18 - Default'
						Plane404 (2 polys, 6 verts) '19 - Default'
							Box98 (2 polys, 6 verts) '19 - Default'
					Cylinder13302 (88 polys, 264 verts) '18 - Default'
					DeviationNeedle (2 polys, 6 verts) '19 - Default'
				Plane356 (86 polys, 258 verts) '09 - Default'
					meter_reflection16 (2 polys, 6 verts) '11 - Default'
					Plane405 (2 polys, 6 verts) '19 - Default'
					Plane406 (2 polys, 6 verts) '19 - Default'
					Cylinder13306 (96 polys, 288 verts) '04 - HUD Glass ball'
					Cylinder13307 (96 polys, 288 verts) '04 - HUD Glass ball'
				Box100073 (144 polys, 432 verts) '18 - Default'
					Box126-32 (6 polys, 18 verts) '18 - Default'
					Box100074 (6 polys, 18 verts) 'Material #1'
					Box126-33 (6 polys, 18 verts) '18 - Default'
					Box126-34 (6 polys, 18 verts) '18 - Default'
					Box100075 (6 polys, 18 verts) 'Material #1'
					Box100076 (6 polys, 18 verts) 'Material #1'
				Box106902 (112 polys, 336 verts) '18 - Default'
					Box126-50 (6 polys, 18 verts) '18 - Default'
					Box126-51 (6 polys, 18 verts) '18 - Default'
					Box106975 (6 polys, 18 verts) 'Material #1'
						Box106976 (6 polys, 18 verts) 'Material #1'
				Box94 (238 polys, 714 verts) '09 - Default'
					Box106922 (48 polys, 144 verts) '18 - Default'
						Box126-63 (6 polys, 18 verts) '18 - Default'
					Box106923 (48 polys, 144 verts) '18 - Default'
						Box126-64 (6 polys, 18 verts) '18 - Default'
					Box106924 (48 polys, 144 verts) '18 - Default'
						Box126-65 (6 polys, 18 verts) '18 - Default'
					Plane391 (2 polys, 6 verts) '11 - Default'
					Cylinder13293 (16 polys, 48 verts) '18 - Default'
					Cylinder13292 (16 polys, 48 verts) '18 - Default'
					Cylinder13290 (16 polys, 48 verts) '18 - Default'
					Cylinder13291 (16 polys, 48 verts) '18 - Default'
				RWR_BASE (32 polys, 96 verts) '09 - Default'
					RWR_PANEL (14 polys, 42 verts) 'Material #X21'
						RWR_display (134 polys, 402 verts) '16 - Default'
						Cylinder13294 (124 polys, 372 verts) '24 - Default'
							Cylinder13295 (61 polys, 183 verts) '24 - Default'
						Cylinder13296 (232 polys, 696 verts) '18 - Default'
				Box106918 (144 polys, 432 verts) '18 - Default'
					Box126-62 (6 polys, 18 verts) '18 - Default'
					Box99919 (6 polys, 18 verts) 'Material #1'
				Box106919 (144 polys, 432 verts) '18 - Default'
					Box126-61 (6 polys, 18 verts) '18 - Default'
					Box99922 (6 polys, 18 verts) 'Material #1'
				Box106911 (144 polys, 432 verts) '18 - Default'
					Box126-56 (6 polys, 18 verts) '18 - Default'
					Box106989 (6 polys, 18 verts) 'Material #1'
				Box106910 (144 polys, 432 verts) '18 - Default'
					Box126-55 (6 polys, 18 verts) '18 - Default'
					Box106988 (6 polys, 18 verts) 'Material #1'
				Box106914 (144 polys, 432 verts) '18 - Default'
					Box126-54 (6 polys, 18 verts) '18 - Default'
					Box99917 (6 polys, 18 verts) 'Material #1'
				Box87 (266 polys, 798 verts) '09 - Default'
					Cylinder13261 (344 polys, 1032 verts) '18 - Default'
						Plane392 (2 polys, 6 verts) '19 - Default'
							Box106925 (2 polys, 6 verts) '19 - Default'
						Plane393 (2 polys, 6 verts) '19 - Default'
							Box106926 (2 polys, 6 verts) '19 - Default'
						Box106927 (2 polys, 6 verts) '19 - Default'
						Box96 (2 polys, 6 verts) '19 - Default'
					meter_reflection04 (8 polys, 24 verts) '11 - Default'
					Cylinder181 (168 polys, 504 verts) '19 - Default'
					Cylinder12736 (34 polys, 102 verts) '19 - Default'
					Plane31 (2 polys, 6 verts) '18 - Default'
					Cylinder182 (22 polys, 66 verts) '24 - Default'
					Cylinder12647 (88 polys, 264 verts) '18 - Default'
					Cylinder12738 (20 polys, 60 verts) '24 - Default'
					Plane49 (2 polys, 6 verts) '19 - Default'
					Plane30 (2 polys, 6 verts) '19 - Default'
					Cylinder12734 (16 polys, 48 verts) '08 - Default'
						Cylinder12735 (16 polys, 48 verts) '08 - Default'
					Cylinder13266 (52 polys, 156 verts) '09 - Default'
					Cylinder13267 (52 polys, 156 verts) '09 - Default'
					Cylinder13264 (52 polys, 156 verts) '09 - Default'
					Cylinder13265 (52 polys, 156 verts) '09 - Default'
					Cylinder13268 (16 polys, 48 verts) '18 - Default'
					Box88 (196 polys, 588 verts) '02 - Default'
						Box106896 (62 polys, 186 verts) '24 - Default'
						Cylinder13262 (88 polys, 264 verts) '02 - Default'
						Box106897 (62 polys, 186 verts) '24 - Default'
						Line03 (240 polys, 720 verts) 'Material #0015'
					Cylinder13269 (16 polys, 48 verts) '18 - Default'
					Box106898 (196 polys, 588 verts) '02 - Default'
						Box106899 (62 polys, 186 verts) '24 - Default'
						Cylinder13263 (88 polys, 264 verts) '02 - Default'
						Box106900 (62 polys, 186 verts) '24 - Default'
					Cylinder16 (96 polys, 288 verts) '18 - Default'
						Cylinder17 (48 polys, 144 verts) '18 - Default'
					Cylinder13297 (16 polys, 48 verts) '18 - Default'
					Cylinder13298 (16 polys, 48 verts) '18 - Default'
				Cylinder13300 (16 polys, 48 verts) '18 - Default'
				Cylinder13301 (16 polys, 48 verts) '18 - Default'
				Cylinder13305 (466 polys, 1398 verts) '18 - Default'
					meter_reflection01 (8 polys, 24 verts) '11 - Default'
					Box100053 (17 polys, 51 verts) '19 - Default'
						Cylinder11 (168 polys, 504 verts) '18 - Default'
					Plane05 (2 polys, 6 verts) '19 - Default'
				Box199 (480 polys, 1440 verts) '18 - Default'
					Plane07x (2 polys, 6 verts) '19 - Default'
						Box106929 (2 polys, 6 verts) '19 - Default'
					meter_reflection15 (8 polys, 24 verts) '11 - Default'
				Box97 (286 polys, 858 verts) '09 - Default'
					Cylinder12773 (40 polys, 120 verts) '18 - Default'
					Cylinder12772 (40 polys, 120 verts) '18 - Default'
					Plane51 (4 polys, 12 verts) '09 - Default'
					Plane50 (26 polys, 78 verts) '09 - Default'
						Plane219 (2 polys, 6 verts) '08 - Default'
						Total_Fuel_Quantity_count_dig1 (20 polys, 60 verts) '19 - Default'
						Total_Fuel_Quantity_count_dig2 (20 polys, 60 verts) '19 - Default'
						Total_Fuel_Quantity_count_dig3 (20 polys, 60 verts) '19 - Default'
						Total_Fuel_Quantity_count_dig4 (20 polys, 60 verts) '19 - Default'
						Total_Fuel_Quantity_count_dig5 (20 polys, 60 verts) '19 - Default'
					Plane147 (2 polys, 6 verts) '13 - Reflation'
					Plane220 (2 polys, 6 verts) '13 - Reflation'
					Plane221 (2 polys, 6 verts) '13 - Reflation'
					Plane222 (2 polys, 6 verts) '13 - Reflation'
					Plane224 (3 polys, 9 verts) '11 - Default'
				Cylinder12656 (16 polys, 48 verts) '18 - Default'
				Cylinder12655 (16 polys, 48 verts) '18 - Default'
				Cylinder12658 (16 polys, 48 verts) '18 - Default'
				Cylinder12657 (16 polys, 48 verts) '18 - Default'
				Cylinder13351 (16 polys, 48 verts) '18 - Default'
				Cylinder13352 (16 polys, 48 verts) '18 - Default'
				Box106999 (178 polys, 534 verts) '09 - Default'
					Cylinder13353 (16 polys, 48 verts) '18 - Default'
					Cylinder13354 (16 polys, 48 verts) '18 - Default'
					Cylinder13355 (16 polys, 48 verts) '18 - Default'
					Plane352 (2 polys, 6 verts) '12 - Default'
					Cylinder13253 (88 polys, 264 verts) '24 - Default'
					Cylinder13357 (36 polys, 108 verts) '24 - Default'
						Cylinder13356 (232 polys, 696 verts) '18 - Default'
					Cylinder13358 (36 polys, 108 verts) '24 - Default'
						Cylinder13359 (232 polys, 696 verts) '18 - Default'
					Cylinder13360 (36 polys, 108 verts) '24 - Default'
						Cylinder13361 (232 polys, 696 verts) '18 - Default'
				Box107000 (208 polys, 624 verts) '18 - Default'
					Box99913 (6 polys, 18 verts) 'Material #1'
					Box126-48 (6 polys, 18 verts) '18 - Default'
				Box107001 (208 polys, 624 verts) '18 - Default'
					Box126-21 (6 polys, 18 verts) '18 - Default'
					Box99915 (6 polys, 18 verts) 'Material #1'
				Cylinder13362 (16 polys, 48 verts) '18 - Default'
				Cylinder13363 (16 polys, 48 verts) '18 - Default'
				Cylinder13364 (16 polys, 48 verts) '18 - Default'
				Cylinder13365 (16 polys, 48 verts) '18 - Default'
				Cylinder13366 (16 polys, 48 verts) '18 - Default'
				Cylinder13367 (16 polys, 48 verts) '18 - Default'
				Cylinder13368 (16 polys, 48 verts) '18 - Default'
				Cylinder13369 (16 polys, 48 verts) '18 - Default'
				Box81 (76 polys, 228 verts) '09 - Default'
					Cylinder13371 (16 polys, 48 verts) '18 - Default'
					Cylinder13370 (16 polys, 48 verts) '18 - Default'
					Cylinder13281 (16 polys, 48 verts) '24 - Default'
						Cylinder13282 (48 polys, 144 verts) '24 - Default'
					Cylinder13286 (88 polys, 264 verts) '24 - Default'
					Plane389 (14 polys, 42 verts) '12 - Default'
				Cylinder13372 (16 polys, 48 verts) '18 - Default'
				Cylinder13373 (16 polys, 48 verts) '18 - Default'
				Cylinder13374 (16 polys, 48 verts) '18 - Default'
				Cylinder13375 (16 polys, 48 verts) '18 - Default'
				Box85 (46 polys, 138 verts) '09 - Default'
				Box107002 (46 polys, 138 verts) '09 - Default'
					Cylinder13377 (16 polys, 48 verts) '18 - Default'
					Cylinder13376 (16 polys, 48 verts) '18 - Default'
				Box90 (30 polys, 90 verts) '02 - Default'
					Box107003 (94 polys, 282 verts) '09 - Default'
						Cylinder13378 (16 polys, 48 verts) '18 - Default'
						Cylinder13379 (16 polys, 48 verts) '18 - Default'
					Box106903 (10 polys, 30 verts) '12 - Default'
						Box106904 (90 polys, 270 verts) '07 - Default'
							Plane357 (2 polys, 6 verts) '17 - Default'
							Plane358 (2 polys, 6 verts) '17 - Default'
							Plane359 (14 polys, 42 verts) '17 - Default'
							Plane360 (2 polys, 6 verts) '17 - Default'
							Plane361 (4 polys, 12 verts) '17 - Default'
						Box106905 (90 polys, 270 verts) '07 - Default'
							Plane363 (2 polys, 6 verts) '17 - Default'
							Plane364 (2 polys, 6 verts) '17 - Default'
							Plane365 (14 polys, 42 verts) '17 - Default'
							Plane366 (2 polys, 6 verts) '17 - Default'
							Plane367 (4 polys, 12 verts) '17 - Default'
						Box106906 (90 polys, 270 verts) '07 - Default'
							Plane369 (2 polys, 6 verts) '17 - Default'
							Plane370 (2 polys, 6 verts) '17 - Default'
							Plane371 (14 polys, 42 verts) '17 - Default'
							Plane372 (2 polys, 6 verts) '17 - Default'
						Cylinder13273 (16 polys, 48 verts) '24 - Default'
							Cylinder13274 (48 polys, 144 verts) '24 - Default'
						meter_reflection17 (42 polys, 126 verts) '11 - Default'
					Cylinder13385 (16 polys, 48 verts) '18 - Default'
					Cylinder13382 (16 polys, 48 verts) '18 - Default'
					Cylinder13380 (16 polys, 48 verts) '18 - Default'
					Cylinder13381 (16 polys, 48 verts) '18 - Default'
					Cylinder13383 (16 polys, 48 verts) '18 - Default'
					Cylinder13384 (16 polys, 48 verts) '18 - Default'
				Box91 (233 polys, 699 verts) '07 - Default'
					Cylinder13386 (88 polys, 264 verts) '24 - Default'
					Plane418 (14 polys, 42 verts) '12 - Default'
					Box101 (192 polys, 576 verts) '18 - Default'
						Cylinder13388 (16 polys, 48 verts) '18 - Default'
						Cylinder13389 (16 polys, 48 verts) '18 - Default'
						Cylinder13387 (168 polys, 504 verts) '24 - Default'
					Cylinder13391 (88 polys, 264 verts) '24 - Default'
					Plane419 (14 polys, 42 verts) '12 - Default'
					Plane420 (14 polys, 42 verts) '12 - Default'
					Cylinder13392 (68 polys, 204 verts) '24 - Default'
				Cylinder13390 (88 polys, 264 verts) '24 - Default'
				Box106917 (144 polys, 432 verts) '18 - Default'
					Box99924 (6 polys, 18 verts) 'Material #1'
					Box126-58 (6 polys, 18 verts) '18 - Default'
				Box107004 (46 polys, 138 verts) '09 - Default'
					Cylinder12726 (363 polys, 1089 verts) '09 - Default'
				Box106909 (208 polys, 624 verts) '18 - Default'
					Box126-52 (6 polys, 18 verts) '18 - Default'
				Box107005 (124 polys, 372 verts) '09 - Default'
					Cylinder13394 (363 polys, 1089 verts) '09 - Default'
					Cylinder13393 (363 polys, 1089 verts) '09 - Default'
			Cylinder12518 (224 polys, 672 verts) '18 - Default'
				Sphere04 (616 polys, 1848 verts) '18 - Default'
					Sphere04_in (416 polys, 1248 verts) '18 - Default'
			Box75 (207 polys, 621 verts) '18 - Default'
				Box09 (259 polys, 777 verts) '18 - Default'
					radar_screen_right01 (2 polys, 6 verts) '10 - Default'
					Cylinder13221 (124 polys, 372 verts) '24 - Default'
						Cylinder13222 (61 polys, 183 verts) '24 - Default'
					Cylinder13220 (124 polys, 372 verts) '24 - Default'
						Cylinder13219 (61 polys, 183 verts) '24 - Default'
					Box80 (2 polys, 6 verts) '11 - Default'
					Cylinder13223 (204 polys, 612 verts) '04 - HUD Glass ball'
		Box100133 (58 polys, 174 verts) '24 - Default'
			Cylinder12779 (130 polys, 390 verts) '18 - Default'
		Box100139 (38 polys, 114 verts) '24 - Default'
			Box100140 (78 polys, 234 verts) '24 - Default'
		Box100137 (38 polys, 114 verts) '24 - Default'
			Box100138 (74 polys, 222 verts) '24 - Default'
		Box215 (14 polys, 42 verts) '24 - Default'
			Box216 (128 polys, 384 verts) '24 - Default'
		Box100142 (14 polys, 42 verts) '24 - Default'
			Box100143 (128 polys, 384 verts) '24 - Default'
		Box222 (26 polys, 78 verts) '09 - Default'
			Cylinder12823 (20 polys, 60 verts) '18 - Default'
				Box223 (150 polys, 450 verts) '09 - Default'
		Box05 (8 polys, 24 verts) 'Material #0015'
			Box100148 (40 polys, 120 verts) '02 - Default'
				Plane55 (66 polys, 198 verts) '09 - Default'
					Cylinder12783 (128 polys, 384 verts) '24 - Default'
					Plane56 (2 polys, 6 verts) '09 - Default'
				Cylinder12784 (16 polys, 48 verts) '18 - Default'
				Cylinder12785 (16 polys, 48 verts) '18 - Default'
				Cylinder12786 (16 polys, 48 verts) '18 - Default'
				Cylinder12787 (16 polys, 48 verts) '18 - Default'
			Box100149 (100 polys, 300 verts) '02 - Default'
				Cylinder12789 (16 polys, 48 verts) '18 - Default'
				Cylinder12788 (16 polys, 48 verts) '18 - Default'
				Cylinder12791 (16 polys, 48 verts) '18 - Default'
				Cylinder12790 (16 polys, 48 verts) '18 - Default'
				Box100150 (99 polys, 297 verts) '09 - Default'
					Plane57 (66 polys, 198 verts) '09 - Default'
						Cylinder12792 (128 polys, 384 verts) '24 - Default'
						Plane470 (2 polys, 6 verts) '09 - Default'
					Box100151 (46 polys, 138 verts) '09 - Default'
					Box54-1 (58 polys, 174 verts) '09 - Default'
						Box54 (76 polys, 228 verts) '09 - Default'
					Cylinder12793 (405 polys, 1215 verts) '04 - HUD Glass ball'
					Box100152 (14 polys, 42 verts) '09 - Default'
					Cylinder30 (88 polys, 264 verts) '09 - Default'
				Cylinder12966 (24 polys, 72 verts) '09 - Default'
					Cylinder12794 (246 polys, 738 verts) '09 - Default'
			Box100153 (148 polys, 444 verts) '02 - Default'
				Box100155 (2 polys, 6 verts) '09 - Default'
				Box100154 (10 polys, 30 verts) '09 - Default'
				Plane61 (66 polys, 198 verts) '09 - Default'
					Cylinder12796 (108 polys, 324 verts) '24 - Default'
				Plane59 (66 polys, 198 verts) '09 - Default'
					Cylinder12795 (108 polys, 324 verts) '24 - Default'
					Plane471 (2 polys, 6 verts) '09 - Default'
					Plane472 (2 polys, 6 verts) '09 - Default'
				Cylinder12797 (68 polys, 204 verts) '24 - Default'
				Box100156 (16 polys, 48 verts) '18 - Default'
					Cylinder12798 (212 polys, 636 verts) '18 - Default'
				Box60 (22 polys, 66 verts) '09 - Default'
				Box217 (102 polys, 306 verts) '09 - Default'
					Box218 (78 polys, 234 verts) '09 - Default'
				Box219 (10 polys, 30 verts) 'Material #0015'
				Box100157 (8 polys, 24 verts) 'Material #0015'
			Box106577 (163 polys, 489 verts) '02 - Default'
				Cylinder12799 (88 polys, 264 verts) '24 - Default'
				Cylinder12800 (88 polys, 264 verts) '24 - Default'
				Cylinder12801 (88 polys, 264 verts) '24 - Default'
				Cylinder12802 (88 polys, 264 verts) '24 - Default'
				Cylinder12803 (88 polys, 264 verts) '24 - Default'
				Cylinder12804 (88 polys, 264 verts) '24 - Default'
				Cylinder12805 (88 polys, 264 verts) '24 - Default'
				Cylinder12806 (88 polys, 264 verts) '24 - Default'
				Box221 (52 polys, 156 verts) '09 - Default'
				Cylinder12807 (16 polys, 48 verts) '18 - Default'
				Cylinder12808 (16 polys, 48 verts) '18 - Default'
				Cylinder12809 (16 polys, 48 verts) '18 - Default'
				Cylinder12810 (16 polys, 48 verts) '18 - Default'
				Cylinder12811 (16 polys, 48 verts) '18 - Default'
				Cylinder12812 (16 polys, 48 verts) '18 - Default'
				Cylinder12813 (16 polys, 48 verts) '18 - Default'
				Cylinder12814 (16 polys, 48 verts) '18 - Default'
				Cylinder12815 (16 polys, 48 verts) '18 - Default'
				Cylinder12816 (16 polys, 48 verts) '18 - Default'
				Cylinder12817 (16 polys, 48 verts) '18 - Default'
				Cylinder12818 (16 polys, 48 verts) '18 - Default'
				Cylinder12819 (16 polys, 48 verts) '18 - Default'
				Cylinder12820 (16 polys, 48 verts) '18 - Default'
				Cylinder12821 (16 polys, 48 verts) '18 - Default'
				Cylinder12822 (16 polys, 48 verts) '18 - Default'
				Cylinder12824 (16 polys, 48 verts) '18 - Default'
				Cylinder12825 (16 polys, 48 verts) '18 - Default'
				Cylinder12826 (16 polys, 48 verts) '18 - Default'
				Cylinder12827 (16 polys, 48 verts) '18 - Default'
				Plane455 (2 polys, 6 verts) '09 - Default'
				Plane456 (2 polys, 6 verts) '09 - Default'
				Plane457 (2 polys, 6 verts) '09 - Default'
				Plane458 (2 polys, 6 verts) '09 - Default'
				Plane459 (2 polys, 6 verts) '09 - Default'
				Plane460 (2 polys, 6 verts) '09 - Default'
				Plane461 (2 polys, 6 verts) '09 - Default'
				Plane463 (2 polys, 6 verts) '09 - Default'
			Box106578 (53 polys, 159 verts) '02 - Default'
				Cylinder12828 (16 polys, 48 verts) '18 - Default'
				Cylinder12829 (16 polys, 48 verts) '18 - Default'
				Cylinder12830 (16 polys, 48 verts) '18 - Default'
				Cylinder12831 (16 polys, 48 verts) '18 - Default'
				Box224 (226 polys, 678 verts) '12 - Default'
					Cylinder12836 (16 polys, 48 verts) '18 - Default'
					Cylinder12837 (16 polys, 48 verts) '18 - Default'
					Cylinder12838 (16 polys, 48 verts) '18 - Default'
					Cylinder12839 (16 polys, 48 verts) '18 - Default'
					Plane71 (8 polys, 24 verts) '09 - Default'
						Cylinder12840 (16 polys, 48 verts) '18 - Default'
						Cylinder12841 (16 polys, 48 verts) '18 - Default'
						Plane72 (32 polys, 96 verts) '19 - Default'
					Cylinder12842 (99 polys, 297 verts) '04 - HUD Glass ball'
					Cylinder12843 (99 polys, 297 verts) '04 - HUD Glass ball'
					Box54-02 (58 polys, 174 verts) '09 - Default'
						Box106580 (76 polys, 228 verts) '09 - Default'
					Plane148 (2 polys, 6 verts) '13 - Reflation'
					Plane223 (2 polys, 6 verts) '13 - Reflation'
				Box106581 (68 polys, 204 verts) '12 - Default'
					Cylinder12868 (16 polys, 48 verts) '18 - Default'
					Cylinder12867 (16 polys, 48 verts) '18 - Default'
					Cylinder12869 (16 polys, 48 verts) '18 - Default'
					Cylinder12870 (16 polys, 48 verts) '18 - Default'
					Cylinder12871 (16 polys, 48 verts) '18 - Default'
					Cylinder12872 (16 polys, 48 verts) '18 - Default'
					Cylinder12873 (16 polys, 48 verts) '18 - Default'
					Cylinder12874 (16 polys, 48 verts) '18 - Default'
					Cylinder12921 (178 polys, 534 verts) '09 - Default'
				Box225 (108 polys, 324 verts) '12 - Default'
					Box228 (28 polys, 84 verts) '18 - Default'
					Box106584 (28 polys, 84 verts) '18 - Default'
					Box54-03 (58 polys, 174 verts) '09 - Default'
						Plane73 (158 polys, 474 verts) '09 - Default'
						Box106585 (12 polys, 36 verts) '18 - Default'
					Box229 (124 polys, 372 verts) '09 - Default'
					Box54-04 (80 polys, 240 verts) '09 - Default'
						Box106586 (12 polys, 36 verts) '18 - Default'
						Cylinder48 (125 polys, 375 verts) '09 - Default'
					Cylinder12853 (16 polys, 48 verts) '18 - Default'
					Cylinder12854 (16 polys, 48 verts) '18 - Default'
					Cylinder12855 (16 polys, 48 verts) '18 - Default'
					Cylinder12856 (16 polys, 48 verts) '18 - Default'
					Cylinder12857 (16 polys, 48 verts) '18 - Default'
					Cylinder12858 (16 polys, 48 verts) '18 - Default'
					Cylinder12859 (16 polys, 48 verts) '18 - Default'
					Cylinder12860 (16 polys, 48 verts) '18 - Default'
					Cylinder12861 (16 polys, 48 verts) '18 - Default'
				Box226 (46 polys, 138 verts) '12 - Default'
					Cylinder12865 (16 polys, 48 verts) '18 - Default'
					Cylinder12864 (16 polys, 48 verts) '18 - Default'
					Cylinder12863 (16 polys, 48 verts) '18 - Default'
					Cylinder12862 (178 polys, 534 verts) '09 - Default'
				Box54-05 (58 polys, 174 verts) '09 - Default'
					Box106587 (36 polys, 108 verts) '09 - Default'
			Box106579 (46 polys, 138 verts) '02 - Default'
				Cylinder12832 (16 polys, 48 verts) '18 - Default'
				Cylinder12833 (16 polys, 48 verts) '18 - Default'
				Cylinder12834 (16 polys, 48 verts) '18 - Default'
				Cylinder12835 (16 polys, 48 verts) '18 - Default'
				Box230 (76 polys, 228 verts) '12 - Default'
					Box106588 (68 polys, 204 verts) '18 - Default'
						Box106589 (2 polys, 6 verts) '18 - Default'
					Box231 (68 polys, 204 verts) '18 - Default'
						Box232 (2 polys, 6 verts) '18 - Default'
					Cylinder12875 (124 polys, 372 verts) '18 - Default'
						Plane76 (2 polys, 6 verts) '03 - Default'
							Box106592 (2 polys, 6 verts) '19 - Default'
					Cylinder12876 (124 polys, 372 verts) '18 - Default'
						Plane77 (2 polys, 6 verts) '03 - Default'
							Box106593 (2 polys, 6 verts) '19 - Default'
					Box54-06 (58 polys, 174 verts) '09 - Default'
						Box106590 (36 polys, 108 verts) '09 - Default'
					Box64 (91 polys, 273 verts) '12 - Default'
						Cylinder12877 (124 polys, 372 verts) '24 - Default'
							Cylinder12878 (61 polys, 183 verts) '24 - Default'
					Box106591 (91 polys, 273 verts) '12 - Default'
						Cylinder12879 (124 polys, 372 verts) '24 - Default'
							Cylinder12880 (61 polys, 183 verts) '24 - Default'
					Cylinder12881 (48 polys, 144 verts) '18 - Default'
					Cylinder12882 (48 polys, 144 verts) '18 - Default'
					Cylinder12883 (48 polys, 144 verts) '18 - Default'
					Cylinder12884 (48 polys, 144 verts) '18 - Default'
					Cylinder12885 (144 polys, 432 verts) '09 - Default'
					Plane74 (15 polys, 45 verts) '12 - Default'
					Plane75 (6 polys, 18 verts) '12 - Default'
				Box106594 (46 polys, 138 verts) '12 - Default'
					Cylinder12892 (16 polys, 48 verts) '18 - Default'
					Cylinder12891 (16 polys, 48 verts) '18 - Default'
					Cylinder12890 (16 polys, 48 verts) '18 - Default'
					Cylinder12893 (16 polys, 48 verts) '18 - Default'
					Box66 (208 polys, 624 verts) '12 - Default'
						Plane473 (2 polys, 6 verts) '09 - Default'
						Plane474 (2 polys, 6 verts) '09 - Default'
						Cylinder12895 (88 polys, 264 verts) '24 - Default'
						Cylinder12894 (88 polys, 264 verts) '24 - Default'
				Box65 (46 polys, 138 verts) '12 - Default'
					Cylinder12888 (16 polys, 48 verts) '18 - Default'
					Cylinder12889 (16 polys, 48 verts) '18 - Default'
					Cylinder12887 (16 polys, 48 verts) '18 - Default'
					Cylinder12886 (16 polys, 48 verts) '18 - Default'
					Box54-07 (58 polys, 174 verts) '09 - Default'
						Box106595 (46 polys, 138 verts) '09 - Default'
							Plane78 (2 polys, 6 verts) '09 - Default'
					Box54-08 (58 polys, 174 verts) '09 - Default'
						Box106596 (46 polys, 138 verts) '09 - Default'
							Plane79 (2 polys, 6 verts) '09 - Default'
					Box67 (34 polys, 102 verts) '12 - Default'
					Box68 (44 polys, 132 verts) '12 - Default'
					Cylinder12896 (56 polys, 168 verts) '09 - Default'
			Box106611 (315 polys, 945 verts) '12 - Default'
				Cylinder12935 (28 polys, 84 verts) '18 - Default'
				Cylinder12937 (28 polys, 84 verts) '18 - Default'
				Cylinder12938 (28 polys, 84 verts) '18 - Default'
				Cylinder12939 (28 polys, 84 verts) '18 - Default'
				Box1f03 (34 polys, 102 verts) '12 - Default'
				Box1f2 (34 polys, 102 verts) '12 - Default'
				Box106619 (28 polys, 84 verts) '18 - Default'
				Box106618 (28 polys, 84 verts) '18 - Default'
				Box106614 (32 polys, 96 verts) '12 - Default'
				Box106615 (32 polys, 96 verts) '12 - Default'
				Box106616 (32 polys, 96 verts) '12 - Default'
				Box106617 (32 polys, 96 verts) '12 - Default'
				Box106620 (112 polys, 336 verts) '09 - Default'
					Box24 (116 polys, 348 verts) '12 - Default'
						Plane90 (2 polys, 6 verts) '12 - Default'
					Cylinder27 (88 polys, 264 verts) '24 - Default'
				Box106621 (112 polys, 336 verts) '09 - Default'
					Box106622 (116 polys, 348 verts) '12 - Default'
						Plane91 (2 polys, 6 verts) '12 - Default'
					Cylinder12942 (88 polys, 264 verts) '24 - Default'
				Cylinder43 (8 polys, 24 verts) '12 - Default'
				Cylinder44 (82 polys, 246 verts) '12 - Default'
				Cylinder45 (66 polys, 198 verts) '09 - Default'
			Box106623 (328 polys, 984 verts) '12 - Default'
				Cylinder12943 (28 polys, 84 verts) '18 - Default'
				Cylinder12944 (28 polys, 84 verts) '18 - Default'
				Cylinder12945 (28 polys, 84 verts) '18 - Default'
				Cylinder12946 (28 polys, 84 verts) '18 - Default'
				Box106633 (86 polys, 258 verts) '09 - Default'
					Box106634 (58 polys, 174 verts) '09 - Default'
				Cylinder12947 (88 polys, 264 verts) '24 - Default'
				Cylinder12949 (68 polys, 204 verts) '24 - Default'
				Cylinder12948 (68 polys, 204 verts) '24 - Default'
				Cylinder12950 (88 polys, 264 verts) '24 - Default'
				Cylinder12951 (61 polys, 183 verts) '24 - Default'
				Plane92 (2 polys, 6 verts) '12 - Default'
				Plane93 (2 polys, 6 verts) '12 - Default'
				Plane94 (2 polys, 6 verts) '12 - Default'
				Plane95 (2 polys, 6 verts) '12 - Default'
				Plane96 (2 polys, 6 verts) '12 - Default'
				Box1f05 (34 polys, 102 verts) '12 - Default'
				Box1f06 (34 polys, 102 verts) '12 - Default'
			Box106635 (231 polys, 693 verts) '12 - Default'
				Cylinder12955 (28 polys, 84 verts) '18 - Default'
				Cylinder12954 (28 polys, 84 verts) '18 - Default'
				Cylinder12953 (28 polys, 84 verts) '18 - Default'
				Cylinder12956 (28 polys, 84 verts) '18 - Default'
				Box106641 (115 polys, 345 verts) '09 - Default'
					Cylinder12961 (61 polys, 183 verts) '24 - Default'
					Box106661 (58 polys, 174 verts) '12 - Default'
					Box106662 (58 polys, 174 verts) '12 - Default'
					Box106664 (58 polys, 174 verts) '12 - Default'
				Box106643 (115 polys, 345 verts) '09 - Default'
					Cylinder12962 (61 polys, 183 verts) '24 - Default'
					Box106657 (122 polys, 366 verts) '12 - Default'
				Box106645 (115 polys, 345 verts) '09 - Default'
					Box106660 (58 polys, 174 verts) '12 - Default'
				Box106647 (115 polys, 345 verts) '09 - Default'
				Box106649 (115 polys, 345 verts) '09 - Default'
				Box106652 (115 polys, 345 verts) '09 - Default'
					Box106642 (58 polys, 174 verts) '12 - Default'
				Box106654 (115 polys, 345 verts) '09 - Default'
					Box106663 (58 polys, 174 verts) '12 - Default'
				Cylinder12959 (68 polys, 204 verts) '24 - Default'
				Plane102 (2 polys, 6 verts) '12 - Default'
				Plane103 (2 polys, 6 verts) '12 - Default'
					Cylinder12958 (68 polys, 204 verts) '24 - Default'
					Cylinder12963 (68 polys, 204 verts) '24 - Default'
					Cylinder12965 (68 polys, 204 verts) '24 - Default'
				Box106658 (115 polys, 345 verts) '09 - Default'
					Cylinder12964 (61 polys, 183 verts) '24 - Default'
					Box106659 (122 polys, 366 verts) '12 - Default'
				Plane97 (2 polys, 6 verts) '12 - Default'
				Plane104 (2 polys, 6 verts) '12 - Default'
				Plane105 (2 polys, 6 verts) '12 - Default'
				Box106665 (96 polys, 288 verts) '09 - Default'
					Box106666 (136 polys, 408 verts) '12 - Default'
						Plane106 (2 polys, 6 verts) '12 - Default'
				Plane124 (2 polys, 6 verts) '12 - Default'
			Box106667 (86 polys, 258 verts) '12 - Default'
				Cylinder12967 (28 polys, 84 verts) '18 - Default'
				Cylinder12968 (28 polys, 84 verts) '18 - Default'
				Cylinder12969 (28 polys, 84 verts) '18 - Default'
				Cylinder12970 (28 polys, 84 verts) '18 - Default'
				Box1f07 (34 polys, 102 verts) '12 - Default'
				Box1f08 (34 polys, 102 verts) '12 - Default'
				Box106668 (28 polys, 84 verts) '18 - Default'
				Box106669 (28 polys, 84 verts) '18 - Default'
				Cylinder12974 (8 polys, 24 verts) '12 - Default'
				Box106689 (28 polys, 84 verts) '18 - Default'
				Box106690 (28 polys, 84 verts) '18 - Default'
				Box106667_BG (2 polys, 6 verts) '18 - Default'
				Box106667_L (10 polys, 30 verts) '13 - Reflation'
				Box106691 (28 polys, 84 verts) '18 - Default'
				Box106692 (28 polys, 84 verts) '18 - Default'
				Cylinder12991 (128 polys, 384 verts) '09 - Default'
				Cylinder12990 (128 polys, 384 verts) '09 - Default'
				Cylinder12989 (128 polys, 384 verts) '09 - Default'
				Cylinder12987 (128 polys, 384 verts) '09 - Default'
				Cylinder12988 (128 polys, 384 verts) '09 - Default'
				Cylinder12986 (128 polys, 384 verts) '09 - Default'
				Cylinder38 (28 polys, 84 verts) '12 - Default'
			Box106693 (86 polys, 258 verts) '12 - Default'
				Cylinder12992 (28 polys, 84 verts) '18 - Default'
				Cylinder12993 (28 polys, 84 verts) '18 - Default'
				Cylinder12994 (28 polys, 84 verts) '18 - Default'
				Cylinder12995 (28 polys, 84 verts) '18 - Default'
				Cylinder13001 (28 polys, 84 verts) '12 - Default'
				Cylinder13000 (28 polys, 84 verts) '12 - Default'
				Cylinder13002 (28 polys, 84 verts) '12 - Default'
				Cylinder13003 (28 polys, 84 verts) '12 - Default'
				Cylinder13004 (28 polys, 84 verts) '12 - Default'
				Cylinder13005 (28 polys, 84 verts) '12 - Default'
				Cylinder13006 (28 polys, 84 verts) '12 - Default'
				Cylinder13007 (28 polys, 84 verts) '12 - Default'
				Box106667_BG01 (2 polys, 6 verts) '18 - Default'
				Cylinder12999 (128 polys, 384 verts) '09 - Default'
				Cylinder12996 (128 polys, 384 verts) '09 - Default'
				Cylinder12997 (128 polys, 384 verts) '09 - Default'
				Box106667_L01 (2 polys, 6 verts) '13 - Reflation'
				Box106667_L02 (2 polys, 6 verts) '13 - Reflation'
				Box106667_L03 (2 polys, 6 verts) '13 - Reflation'
				Box106667_L04 (2 polys, 6 verts) '13 - Reflation'
				Box106667_L05 (2 polys, 6 verts) '13 - Reflation'
			Box106694 (56 polys, 168 verts) '12 - Default'
				Cylinder13008 (28 polys, 84 verts) '18 - Default'
				Cylinder13009 (28 polys, 84 verts) '18 - Default'
				Cylinder13010 (28 polys, 84 verts) '18 - Default'
				Cylinder13011 (28 polys, 84 verts) '18 - Default'
				Cylinder13013 (146 polys, 438 verts) '09 - Default'
				Cylinder13014 (320 polys, 960 verts) '09 - Default'
				Cylinder13015 (320 polys, 960 verts) '09 - Default'
				Cylinder13016 (320 polys, 960 verts) '09 - Default'
				Cylinder13017 (68 polys, 204 verts) '24 - Default'
			Box106695 (44 polys, 132 verts) '12 - Default'
				Cylinder13018 (28 polys, 84 verts) '18 - Default'
				Cylinder13019 (28 polys, 84 verts) '18 - Default'
				Cylinder13020 (28 polys, 84 verts) '18 - Default'
				Cylinder13021 (28 polys, 84 verts) '18 - Default'
				Cylinder13022 (88 polys, 264 verts) '24 - Default'
				Cylinder13023 (88 polys, 264 verts) '24 - Default'
				Cylinder13024 (88 polys, 264 verts) '24 - Default'
				Cylinder13025 (88 polys, 264 verts) '24 - Default'
				Cylinder13026 (88 polys, 264 verts) '24 - Default'
				Cylinder13027 (88 polys, 264 verts) '24 - Default'
				Cylinder13028 (88 polys, 264 verts) '24 - Default'
				Cylinder13029 (88 polys, 264 verts) '24 - Default'
				Cylinder13030 (88 polys, 264 verts) '24 - Default'
				Cylinder13031 (88 polys, 264 verts) '24 - Default'
				Cylinder13032 (88 polys, 264 verts) '24 - Default'
				Cylinder13033 (88 polys, 264 verts) '24 - Default'
				Box106699 (80 polys, 240 verts) '12 - Default'
				Box106700 (80 polys, 240 verts) '12 - Default'
				Box106698 (80 polys, 240 verts) '12 - Default'
				Box106697 (80 polys, 240 verts) '12 - Default'
				Box106696 (80 polys, 240 verts) '12 - Default'
				Box25 (80 polys, 240 verts) '12 - Default'
			Box106711 (22 polys, 66 verts) '12 - Default'
				Cylinder13069 (28 polys, 84 verts) '18 - Default'
				Cylinder13070 (28 polys, 84 verts) '18 - Default'
				Cylinder13071 (28 polys, 84 verts) '18 - Default'
				Cylinder13072 (28 polys, 84 verts) '18 - Default'
				Box106718 (144 polys, 432 verts) '12 - Default'
					Cylinder13077 (28 polys, 84 verts) '12 - Default'
				Box106717 (144 polys, 432 verts) '12 - Default'
					Cylinder13078 (28 polys, 84 verts) '12 - Default'
				Box106713 (144 polys, 432 verts) '12 - Default'
					Cylinder13074 (28 polys, 84 verts) '12 - Default'
				Box106715 (108 polys, 324 verts) '12 - Default'
				Box106714 (144 polys, 432 verts) '12 - Default'
					Cylinder13075 (28 polys, 84 verts) '12 - Default'
				Box106716 (144 polys, 432 verts) '12 - Default'
					Cylinder13076 (28 polys, 84 verts) '12 - Default'
				Box106712 (144 polys, 432 verts) '12 - Default'
					Cylinder13073 (28 polys, 84 verts) '12 - Default'
				Box29 (10 polys, 30 verts) '12 - Default'
				Box28 (38 polys, 114 verts) '12 - Default'
					Cylinder13080 (16 polys, 48 verts) '18 - Default'
					Cylinder13079 (16 polys, 48 verts) '18 - Default'
					Cylinder13081 (16 polys, 48 verts) '18 - Default'
					Cylinder13082 (16 polys, 48 verts) '18 - Default'
					Plane99 (36 polys, 108 verts) '12 - Default'
						Plane100 (2 polys, 6 verts) '07 - Default'
						Plane168 (2 polys, 6 verts) '17 - Default'
						Plane167 (2 polys, 6 verts) '17 - Default'
						Plane166 (2 polys, 6 verts) '17 - Default'
						Plane165 (2 polys, 6 verts) '17 - Default'
						Plane169 (2 polys, 6 verts) '17 - Default'
				Box30 (54 polys, 162 verts) '07 - Default'
					Box1f09 (34 polys, 102 verts) '12 - Default'
					Box106719 (28 polys, 84 verts) '18 - Default'
					Box1f10 (34 polys, 102 verts) '12 - Default'
					Box106720 (28 polys, 84 verts) '18 - Default'
					Cylinder13085 (48 polys, 144 verts) '24 - Default'
					Cylinder13086 (144 polys, 432 verts) '09 - Default'
				Cylinder13083 (106 polys, 318 verts) '04 - HUD Glass ball'
				Cylinder13084 (106 polys, 318 verts) '04 - HUD Glass ball'
			Box106735 (34 polys, 102 verts) '12 - Default'
				Cylinder13110 (28 polys, 84 verts) '18 - Default'
				Cylinder13111 (28 polys, 84 verts) '18 - Default'
				Cylinder13112 (28 polys, 84 verts) '18 - Default'
				Cylinder13113 (28 polys, 84 verts) '18 - Default'
				Cylinder13122 (28 polys, 84 verts) '18 - Default'
				Cylinder13123 (28 polys, 84 verts) '18 - Default'
				Box32 (36 polys, 108 verts) '07 - Default'
					Box107052 (38 polys, 114 verts) '12 - Default'
						Plane427 (2 polys, 6 verts) '17 - Default'
					Box107047 (38 polys, 114 verts) '12 - Default'
						Plane436 (2 polys, 6 verts) '17 - Default'
						Plane435 (2 polys, 6 verts) '17 - Default'
						Plane437 (2 polys, 6 verts) '17 - Default'
					Box107048 (38 polys, 114 verts) '12 - Default'
						Plane432 (2 polys, 6 verts) '17 - Default'
						Plane434 (2 polys, 6 verts) '17 - Default'
						Plane433 (2 polys, 6 verts) '17 - Default'
					Box107051 (38 polys, 114 verts) '12 - Default'
						Plane441 (2 polys, 6 verts) '17 - Default'
					Box107046 (38 polys, 114 verts) '12 - Default'
						Plane428 (2 polys, 6 verts) '17 - Default'
					Box107053 (38 polys, 114 verts) '12 - Default'
						Plane431 (2 polys, 6 verts) '17 - Default'
					Box107045 (38 polys, 114 verts) '12 - Default'
						Plane425 (2 polys, 6 verts) '17 - Default'
						Plane424 (2 polys, 6 verts) '17 - Default'
						Plane426 (2 polys, 6 verts) '17 - Default'
					Box107044 (38 polys, 114 verts) '12 - Default'
						Plane429 (2 polys, 6 verts) '17 - Default'
						Plane430 (2 polys, 6 verts) '17 - Default'
					Box107043 (38 polys, 114 verts) '12 - Default'
						Plane422 (2 polys, 6 verts) '17 - Default'
						Plane423 (2 polys, 6 verts) '17 - Default'
						Plane421 (2 polys, 6 verts) '17 - Default'
					Box107042 (38 polys, 114 verts) '12 - Default'
						Plane446 (2 polys, 6 verts) '17 - Default'
						Plane447 (2 polys, 6 verts) '17 - Default'
					Box107041 (38 polys, 114 verts) '12 - Default'
						Plane445 (2 polys, 6 verts) '17 - Default'
						Plane444 (2 polys, 6 verts) '17 - Default'
					Box107050 (38 polys, 114 verts) '12 - Default'
						Plane448 (2 polys, 6 verts) '17 - Default'
					Box107055 (38 polys, 114 verts) '12 - Default'
						Plane450 (2 polys, 6 verts) '17 - Default'
						Plane449 (2 polys, 6 verts) '17 - Default'
					Box107054 (38 polys, 114 verts) '12 - Default'
						Plane452 (2 polys, 6 verts) '17 - Default'
						Plane451 (2 polys, 6 verts) '17 - Default'
					Box107049 (38 polys, 114 verts) '12 - Default'
						Plane454 (2 polys, 6 verts) '17 - Default'
						Plane453 (2 polys, 6 verts) '17 - Default'
					Box107056 (38 polys, 114 verts) '12 - Default'
						Plane438 (2 polys, 6 verts) '17 - Default'
						Plane439 (2 polys, 6 verts) '17 - Default'
					Box107057 (38 polys, 114 verts) '12 - Default'
					Box107058 (38 polys, 114 verts) '12 - Default'
						Plane443 (2 polys, 6 verts) '17 - Default'
					Box107059 (38 polys, 114 verts) '12 - Default'
						Plane440 (2 polys, 6 verts) '17 - Default'
						Plane442 (2 polys, 6 verts) '17 - Default'
					Cylinder13408 (144 polys, 432 verts) '09 - Default'
					Cylinder13409 (144 polys, 432 verts) '09 - Default'
					Cylinder13107 (61 polys, 183 verts) '24 - Default'
					Box106667_BG04 (2 polys, 6 verts) '18 - Default'
					Cylinder13410 (61 polys, 183 verts) '24 - Default'
					Cylinder13411 (61 polys, 183 verts) '24 - Default'
					Cylinder13412 (61 polys, 183 verts) '24 - Default'
					Cylinder13106 (16 polys, 48 verts) '18 - Default'
					Cylinder13416 (16 polys, 48 verts) '18 - Default'
					Cylinder13417 (16 polys, 48 verts) '18 - Default'
					Cylinder13418 (16 polys, 48 verts) '18 - Default'
				Box107040 (16 polys, 48 verts) '07 - Default'
					Box107062 (38 polys, 114 verts) '12 - Default'
					Box107063 (38 polys, 114 verts) '12 - Default'
					Box107060 (38 polys, 114 verts) '12 - Default'
					Box107061 (38 polys, 114 verts) '12 - Default'
					Cylinder13413 (61 polys, 183 verts) '24 - Default'
					Cylinder13414 (61 polys, 183 verts) '24 - Default'
					Cylinder13415 (144 polys, 432 verts) '09 - Default'
				Box106733 (86 polys, 258 verts) '09 - Default'
					Box106734 (58 polys, 174 verts) '09 - Default'
				Box106725 (108 polys, 324 verts) '12 - Default'
				Box106726 (144 polys, 432 verts) '12 - Default'
					Cylinder13094 (28 polys, 84 verts) '12 - Default'
			Box106795 (22 polys, 66 verts) '07 - Default'
				Cylinder13155 (28 polys, 84 verts) '18 - Default'
				Cylinder13156 (28 polys, 84 verts) '18 - Default'
				Cylinder13157 (28 polys, 84 verts) '18 - Default'
				Cylinder13158 (28 polys, 84 verts) '18 - Default'
				Cylinder13159 (28 polys, 84 verts) '24 - Default'
					Cylinder13160 (48 polys, 144 verts) '24 - Default'
				Cylinder13162 (88 polys, 264 verts) '24 - Default'
				Cylinder13161 (88 polys, 264 verts) '24 - Default'
				Cylinder13167 (144 polys, 432 verts) '09 - Default'
				Cylinder13163 (144 polys, 432 verts) '09 - Default'
				Cylinder13164 (144 polys, 432 verts) '09 - Default'
				Cylinder13166 (144 polys, 432 verts) '09 - Default'
				Cylinder13165 (144 polys, 432 verts) '09 - Default'
			Box109 (54 polys, 162 verts) 'Material #0015'
				Box41 (35 polys, 105 verts) 'Material #0015'
				Box72 (35 polys, 105 verts) 'Material #0015'
			Box100132 (54 polys, 162 verts) 'Material #0015'
			Box106931 (22 polys, 66 verts) '07 - Default'
				Cylinder13314 (28 polys, 84 verts) '18 - Default'
				Cylinder13315 (28 polys, 84 verts) '18 - Default'
				Cylinder13316 (28 polys, 84 verts) '18 - Default'
				Cylinder13317 (28 polys, 84 verts) '18 - Default'
				Box26 (118 polys, 354 verts) '07 - Default'
					Box106949 (28 polys, 84 verts) '18 - Default'
					Plane408 (18 polys, 54 verts) '12 - Default'
						Cylinder13335 (168 polys, 504 verts) '24 - Default'
					Box106951 (144 polys, 432 verts) '07 - Default'
						Cylinder13318 (28 polys, 84 verts) '12 - Default'
					Box106953 (144 polys, 432 verts) '07 - Default'
						Cylinder13324 (28 polys, 84 verts) '12 - Default'
					Box106954 (144 polys, 432 verts) '07 - Default'
						Cylinder13325 (28 polys, 84 verts) '12 - Default'
					Box106952 (144 polys, 432 verts) '07 - Default'
						Cylinder13319 (28 polys, 84 verts) '12 - Default'
					Box106959 (144 polys, 432 verts) '07 - Default'
						Cylinder13320 (28 polys, 84 verts) '12 - Default'
					Box106955 (144 polys, 432 verts) '07 - Default'
						Cylinder13326 (28 polys, 84 verts) '12 - Default'
					Box106960 (144 polys, 432 verts) '07 - Default'
						Cylinder13321 (28 polys, 84 verts) '12 - Default'
					Box106950 (144 polys, 432 verts) '07 - Default'
						Cylinder13327 (28 polys, 84 verts) '12 - Default'
					Box106965 (144 polys, 432 verts) '07 - Default'
						Cylinder13322 (28 polys, 84 verts) '12 - Default'
					Box106957 (144 polys, 432 verts) '07 - Default'
						Cylinder13328 (28 polys, 84 verts) '12 - Default'
					Box99 (144 polys, 432 verts) '07 - Default'
						Cylinder13334 (28 polys, 84 verts) '12 - Default'
					Box106969 (144 polys, 432 verts) '07 - Default'
						Cylinder13333 (28 polys, 84 verts) '12 - Default'
					Box27 (144 polys, 432 verts) '07 - Default'
						Cylinder13329 (28 polys, 84 verts) '12 - Default'
					Box106937 (144 polys, 432 verts) '07 - Default'
						Cylinder13323 (28 polys, 84 verts) '12 - Default'
					Box106968 (144 polys, 432 verts) '07 - Default'
						Cylinder13332 (28 polys, 84 verts) '12 - Default'
					Box106967 (144 polys, 432 verts) '07 - Default'
						Cylinder13331 (28 polys, 84 verts) '12 - Default'
					Box106966 (144 polys, 432 verts) '07 - Default'
						Cylinder13330 (28 polys, 84 verts) '12 - Default'
			Box106970 (22 polys, 66 verts) '12 - Default'
				Cylinder13336 (28 polys, 84 verts) '18 - Default'
				Cylinder13337 (28 polys, 84 verts) '18 - Default'
				Cylinder13338 (28 polys, 84 verts) '18 - Default'
				Cylinder13339 (28 polys, 84 verts) '18 - Default'
				Box69 (247 polys, 741 verts) '07 - Default'
					Box106971 (144 polys, 432 verts) '18 - Default'
						Box126-66 (6 polys, 18 verts) '18 - Default'
					Box106972 (144 polys, 432 verts) '18 - Default'
						Box126-67 (6 polys, 18 verts) '18 - Default'
					Box106973 (144 polys, 432 verts) '18 - Default'
						Box126-68 (6 polys, 18 verts) '18 - Default'
					Cylinder13341 (106 polys, 318 verts) '04 - HUD Glass ball'
					Cylinder13340 (144 polys, 432 verts) '09 - Default'
					Plane410 (2 polys, 6 verts) '09 - Default'
						Cylinder13342 (128 polys, 384 verts) '24 - Default'
					Plane411 (2 polys, 6 verts) '09 - Default'
						Cylinder13343 (128 polys, 384 verts) '24 - Default'
					Plane412 (2 polys, 6 verts) '09 - Default'
						Cylinder13344 (128 polys, 384 verts) '24 - Default'
					Plane413 (2 polys, 6 verts) '09 - Default'
						Cylinder13345 (128 polys, 384 verts) '24 - Default'
					Cylinder13346 (124 polys, 372 verts) '24 - Default'
						Cylinder13347 (61 polys, 183 verts) '24 - Default'
					Plane414 (2 polys, 6 verts) '09 - Default'
						Box106974 (28 polys, 84 verts) '18 - Default'
			Box107064 (22 polys, 66 verts) '12 - Default'
				Cylinder13419 (28 polys, 84 verts) '18 - Default'
				Cylinder13420 (28 polys, 84 verts) '18 - Default'
				Cylinder13421 (28 polys, 84 verts) '18 - Default'
				Cylinder13422 (28 polys, 84 verts) '18 - Default'
				Box107074 (208 polys, 624 verts) '18 - Default'
					Box126-77 (6 polys, 18 verts) '18 - Default'
				Box107073 (208 polys, 624 verts) '18 - Default'
					Box126-76 (6 polys, 18 verts) '18 - Default'
				Box107068 (208 polys, 624 verts) '18 - Default'
					Box126-71 (6 polys, 18 verts) '18 - Default'
				Box107069 (208 polys, 624 verts) '18 - Default'
					Box126-72 (6 polys, 18 verts) '18 - Default'
				Box107070 (208 polys, 624 verts) '18 - Default'
					Box126-73 (6 polys, 18 verts) '18 - Default'
				Box107066 (208 polys, 624 verts) '18 - Default'
					Box126-69 (6 polys, 18 verts) '18 - Default'
				Box107067 (208 polys, 624 verts) '18 - Default'
					Box126-70 (6 polys, 18 verts) '18 - Default'
				Box107072 (208 polys, 624 verts) '18 - Default'
					Box126-75 (6 polys, 18 verts) '18 - Default'
				Box107071 (208 polys, 624 verts) '18 - Default'
					Box126-74 (6 polys, 18 verts) '18 - Default'
				Box31 (378 polys, 1134 verts) '07 - Default'
					Cylinder13423 (88 polys, 264 verts) '24 - Default'
					Cylinder13424 (88 polys, 264 verts) '24 - Default'
					Cylinder13425 (88 polys, 264 verts) '24 - Default'
					Cylinder13426 (124 polys, 372 verts) '24 - Default'
						Cylinder13427 (88 polys, 264 verts) '24 - Default'
					Cylinder13428 (124 polys, 372 verts) '24 - Default'
						Cylinder13429 (88 polys, 264 verts) '24 - Default'
					Plane464 (2 polys, 6 verts) '12 - Default'
					Plane465 (2 polys, 6 verts) '12 - Default'
					Plane466 (2 polys, 6 verts) '12 - Default'
					Cylinder13430 (124 polys, 372 verts) '24 - Default'
						Cylinder13431 (88 polys, 264 verts) '24 - Default'
					Plane467 (2 polys, 6 verts) '12 - Default'
					Cylinder13432 (88 polys, 264 verts) '24 - Default'
					Box107078 (116 polys, 348 verts) '09 - Default'
						Box107079 (146 polys, 438 verts) '12 - Default'
						Cylinder13433 (68 polys, 204 verts) '24 - Default'
						Plane468 (2 polys, 6 verts) '12 - Default'
					Box107080 (116 polys, 348 verts) '09 - Default'
						Box107081 (146 polys, 438 verts) '12 - Default'
						Cylinder13434 (68 polys, 204 verts) '24 - Default'
						Plane469 (2 polys, 6 verts) '12 - Default'
				Box54-09 (58 polys, 174 verts) '09 - Default'
					Box107077 (36 polys, 108 verts) '09 - Default'
			Box107091 (22 polys, 66 verts) '12 - Default'
				Box33 (202 polys, 606 verts) '07 - Default'
					Cylinder13435 (58 polys, 174 verts) '09 - Default'
					Cylinder13436 (58 polys, 174 verts) '09 - Default'
					Cylinder13439 (108 polys, 324 verts) '24 - Default'
						Box107094 (82 polys, 246 verts) '18 - Default'
					Cylinder13437 (108 polys, 324 verts) '24 - Default'
						Box107093 (82 polys, 246 verts) '18 - Default'
					Box107095 (108 polys, 324 verts) '12 - Default'
					Box107098 (108 polys, 324 verts) '12 - Default'
					Box34 (108 polys, 324 verts) '12 - Default'
					Box35 (108 polys, 324 verts) '12 - Default'
					Box107099 (108 polys, 324 verts) '12 - Default'
					Box107100 (108 polys, 324 verts) '12 - Default'
					Box107101 (108 polys, 324 verts) '12 - Default'
					Box107102 (108 polys, 324 verts) '12 - Default'
					Box107103 (108 polys, 324 verts) '12 - Default'
					Box107104 (108 polys, 324 verts) '12 - Default'
				Cylinder13440 (28 polys, 84 verts) '18 - Default'
				Cylinder13441 (28 polys, 84 verts) '18 - Default'
				Cylinder13442 (28 polys, 84 verts) '18 - Default'
				Cylinder13443 (28 polys, 84 verts) '18 - Default'
		Box106576 (38 polys, 114 verts) 'Material #0'
		SeatBase (56 polys, 168 verts) 'Seat #1'
			Plane108 (4 polys, 12 verts) 'Seat #1'
				Cylinder13210 (16 polys, 48 verts) '18 - Default'
				Cylinder13211 (16 polys, 48 verts) '18 - Default'
				Cylinder49 (16 polys, 48 verts) '18 - Default'
				Cylinder52 (16 polys, 48 verts) '18 - Default'
			K36 (278 polys, 834 verts) 'Seat #1'
				Box56 (106 polys, 318 verts) 'Seat #1'
				Box59 (41 polys, 123 verts) 'Seat #1'
				Box61 (20 polys, 60 verts) 'Seat #1'
				Box106803 (93 polys, 279 verts) 'Seat #1'
				Box58 (93 polys, 279 verts) 'Seat #1'
				Box63 (194 polys, 582 verts) 'Seat #1'
				Cylinder24 (32 polys, 96 verts) '18 - Default'
				Box73 (168 polys, 504 verts) 'Seat #1'
				Box106806 (35 polys, 105 verts) 'Seat #1'
				Box70 (129 polys, 387 verts) 'Seat #1'
				Box106807 (41 polys, 123 verts) 'Seat #1'
				Box74 (341 polys, 1023 verts) 'Seat #1'
				Box106808 (194 polys, 582 verts) 'Seat #1'


Num Nodes: 1576
Total:    (106374 polys, 319122 verts)
Mesh Max: (2049 polys, 6147 verts)

25 Materials:
 (  1) 24 - Default:
       cockpitframe01.bmp
 (  2) 11 - Default:
       Transparency enabled
       GlassReflection.tga
 (  3) 05 - Default:
       hud_frame.bmp
 (  4) 01 - MR:
       Mirror.bmp
 (  5) Material #0:
       fountcover.bmp
 (  6) 18 - Default:
       upper_panel.bmp
 (  7) 02 - Default:
       center_panel.bmp
 (  8) Material #0015:
       Specular=0.51, Glossiness=0.21, Color:<229,229,229>
       fountcover.bmp
 (  9) Material #1:
       Transparency enabled
       Self-illumination enabled
       light_display.tga
 ( 10) 04 - HUD Glass ball:
       Specular=0.42, Glossiness=0.34, Color:<229,229,229>
       projector.bmp
 ( 11) 03 - Default:
       Transparency enabled
       instruments_02.tga
 ( 12) Material #17:
       Transparency enabled
       Self-illumination enabled
       hudgreen_numbers.tga
 ( 13) Material #16:
       Transparency enabled
       Self-illumination enabled
       instruments_03.tga
 ( 14) 13 - Reflation:
       Transparency enabled
       Self-illumination enabled
       instruments_02.tga
 ( 15) Material #19:
       Transparency enabled
       Self-illumination enabled
       cross_grid.tga
 ( 16) 12 - Default:
       side panel_1.bmp
 ( 17) 09 - Default:
       controlpanel.bmp
 ( 18) 07 - Default:
       side panel_2.bmp
 ( 19) 19 - Default:
       Transparency enabled
       light_display.tga
 ( 20) 17 - Default:
       Transparency enabled
       instruments_02.tga
 ( 21) Seat #1:
       Specular=0.39, Glossiness=0.17, Color:<229,229,229>
       ejectseat.bmp
 ( 22) Material #X21:
       Transparency enabled
       meter2.tga
 ( 23) 16 - Default:
       rwr.bmp
 ( 24) 08 - Default:
       instruments_01.bmp
 ( 25) 10 - Default:
       Self-illumination enabled
       radar_screen.bmp

21 Textures:
cockpitframe01.bmp
GlassReflection.tga
hud_frame.bmp
Mirror.bmp
fountcover.bmp
upper_panel.bmp
center_panel.bmp
light_display.tga
projector.bmp
instruments_02.tga
hudgreen_numbers.tga
instruments_03.tga
cross_grid.tga
side panel_1.bmp
controlpanel.bmp
side panel_2.bmp
ejectseat.bmp
meter2.tga
rwr.bmp
instruments_01.bmp
radar_screen.bmp
