	Cockpit (668 polys, 2004 verts) '04 - Default'
		Glass_Left (32 polys, 96 verts) '01 - Default'
		Glass_Top_L (26 polys, 78 verts) '01 - Default'
		Glass_Front_L (68 polys, 204 verts) '01 - Default'
		Canopy_Bow_L (157 polys, 471 verts) '03 - Default'
			Wander_Light_L (190 polys, 570 verts) '02 - Default'
		Center_Strut (14 polys, 42 verts) '03 - Default'
			AAR_Box (6 polys, 18 verts) '02 - Default'
				AAR_LATCHED (6 polys, 18 verts) '02 - Default'
				AAR_READY_NWS (6 polys, 18 verts) '02 - Default'
					NWS_Light (2 polys, 6 verts) '02 - Default'
				AAR_DISC (6 polys, 18 verts) '02 - Default'
		Dash (196 polys, 588 verts) '04 - Default'
			Dash_Bump_L (50 polys, 150 verts) '04 - Default'
				Dash_Cap_L (68 polys, 204 verts) '16 - Default'
					Tip_L (28 polys, 84 verts) '16 - Default'
			AFCS_Box_L (6 polys, 18 verts) '02 - Default'
				AFCS_Buttons_L (54 polys, 162 verts) '02 - Default'
			AFCS_Box_R (6 polys, 18 verts) '02 - Default'
				AFCS_Buttons_R (54 polys, 162 verts) '02 - Default'
			Dash_Bump_R (50 polys, 150 verts) '04 - Default'
				Dash_Cap_R (68 polys, 204 verts) '16 - Default'
					Tip_R (28 polys, 84 verts) '16 - Default'
			Laptop_Frame (32 polys, 96 verts) '20 - Default'
				Laptop_Screen (122 polys, 366 verts) '20 - Default'
					Background (2 polys, 6 verts) '20 - Default'
						Laptop_Map (2 polys, 6 verts) '18 - Default'
							Map_Own_Ship (18 polys, 54 verts) '12 - Default'
						Laptop_RWR (2 polys, 6 verts) '19 - Default'
						Laptop_Radar_Mode (1 polys, 3 verts) '12 - Default'
							Laptop_Radar (2 polys, 6 verts) '10 - Default'
					Laptop_Screw (36 polys, 108 verts) '12 - Default'
		Front_Panel (772 polys, 2316 verts) '17 - Default'
			Vent_Base_LL (10 polys, 30 verts) '02 - Default'
				Vent_LL (156 polys, 468 verts) '02 - Default'
			Pedal_Adjust_L (100 polys, 300 verts) '02 - Default'
			Park_Brake (136 polys, 408 verts) '02 - Default'
			Pedal_Adjust_R (100 polys, 300 verts) '02 - Default'
			Vent_Base_LR (10 polys, 30 verts) '02 - Default'
				Vent_LR (156 polys, 468 verts) '02 - Default'
			Caution_Panel (22 polys, 66 verts) '16 - Default'
			Aux_CAU_Panel (8 polys, 24 verts) '16 - Default'
			Blank_Panel (6 polys, 18 verts) '16 - Default'
			MAC_Panel (6 polys, 18 verts) '16 - Default'
				Switch135 (12 polys, 36 verts) '02 - Default'
				Dial30 (28 polys, 84 verts) '02 - Default'
				Switch136 (12 polys, 36 verts) '02 - Default'
			CP_MCAU_Panel (6 polys, 18 verts) '16 - Default'
				Lights07 (16 polys, 48 verts) '16 - Default'
				CP_Audio_Cut (82 polys, 246 verts) '15 - Default'
					CP_Cutout_Switch (22 polys, 66 verts) '15 - Default'
				CP_Eject_Guard (36 polys, 108 verts) '15 - Default'
				CP_MasterCaution (10 polys, 30 verts) '16 - Default'
					Light_CP_MCAU (2 polys, 6 verts) '16 - Default'
				Switch137 (12 polys, 36 verts) '02 - Default'
			Ext_Fuel_Panel (6 polys, 18 verts) '16 - Default'
				Selector14 (44 polys, 132 verts) '02 - Default'
				Switch131 (12 polys, 36 verts) '02 - Default'
				Switch132 (12 polys, 36 verts) '02 - Default'
				Switch133 (12 polys, 36 verts) '02 - Default'
				Switch134 (12 polys, 36 verts) '02 - Default'
			Flap_Panel (6 polys, 18 verts) '16 - Default'
				Slat_Indicator (2 polys, 6 verts) '16 - Default'
				RSpoiler_Needle (12 polys, 36 verts) '12 - Default'
				LSpoiler_Needle (12 polys, 36 verts) '12 - Default'
				Stab_Needle (12 polys, 36 verts) '12 - Default'
				Rudder_Needle (12 polys, 36 verts) '12 - Default'
				AirBrake_Needle (12 polys, 36 verts) '12 - Default'
				Flap_Needle (12 polys, 36 verts) '12 - Default'
				Wing_Sweep_Needle (12 polys, 36 verts) '12 - Default'
			LG_Panel (6 polys, 18 verts) '16 - Default'
				LG_Light_Base (24 polys, 72 verts) '15 - Default'
					LG_Lights (6 polys, 18 verts) '15 - Default'
				LG_Handle (6 polys, 18 verts) '16 - Default'
					LG_Knob (84 polys, 252 verts) '16 - Default'
				ALT_Gear (14 polys, 42 verts) '04 - Default'
			P_IAS_Frame (44 polys, 132 verts) '16 - Default'
				P_IAS_Plate (20 polys, 60 verts) '15 - Default'
					P_IAS_dig1 (20 polys, 60 verts) '05 - Default'
					P_IAS_dig2 (20 polys, 60 verts) '05 - Default'
					P_IAS_dig3 (20 polys, 60 verts) '05 - Default'
					P_MACH_dig3 (20 polys, 60 verts) '05 - Default'
					P_MACH_dig2 (20 polys, 60 verts) '05 - Default'
					P_MACH_dig1 (20 polys, 60 verts) '05 - Default'
					P_MAX_G_dig2 (20 polys, 60 verts) '05 - Default'
					P_MAX_G_dig1 (20 polys, 60 verts) '05 - Default'
					Decimal02 (1 polys, 3 verts) '12 - Default'
					Decimal03 (1 polys, 3 verts) '12 - Default'
					P_AOA_Tape (2 polys, 6 verts) '06 - Default'
					P_G_Tape (2 polys, 6 verts) '06 - Default'
					P_Mach_Tape (2 polys, 6 verts) '06 - Default'
					P_IAS_Tape (2 polys, 6 verts) '06 - Default'
					Lubber_Line02 (6 polys, 18 verts) '12 - Default'
					Backing_Plate08 (2 polys, 6 verts) '16 - Default'
				Toggle02 (10 polys, 30 verts) '12 - Default'
				Toggle03 (10 polys, 30 verts) '12 - Default'
			P_FDCont_Panel (8 polys, 24 verts) '16 - Default'
				Switch130 (12 polys, 36 verts) '02 - Default'
				Selector13 (44 polys, 132 verts) '02 - Default'
			P_HSI_Frame (34 polys, 102 verts) '16 - Default'
				P_HSI_Face (14 polys, 42 verts) '16 - Default'
					P_Compass (18 polys, 54 verts) '11 - Default'
						P_Course (5 polys, 15 verts) '12 - Default'
							P_CDI_Bar (2 polys, 6 verts) '12 - Default'
							P_CDI_Face (18 polys, 54 verts) '11 - Default'
					P_Own_Ship (18 polys, 54 verts) '12 - Default'
					P_CRS_dig1 (20 polys, 60 verts) '05 - Default'
					P_CRS_dig2 (20 polys, 60 verts) '05 - Default'
					P_CRS_dig3 (20 polys, 60 verts) '05 - Default'
					P_DIST_dig2 (20 polys, 60 verts) '05 - Default'
					P_DIST_dig3 (20 polys, 60 verts) '05 - Default'
					P_DIST_dig4 (20 polys, 60 verts) '05 - Default'
					P_DIST_dig1 (20 polys, 60 verts) '05 - Default'
					Decimal04 (1 polys, 3 verts) '12 - Default'
					Backing_Plate07 (4 polys, 12 verts) '16 - Default'
				P_HDG_Knob (34 polys, 102 verts) '12 - Default'
				P_CRS_Knob (34 polys, 102 verts) '12 - Default'
			P_VSD_Frame (64 polys, 192 verts) '16 - Default'
				P_Skidball (10 polys, 30 verts) '12 - Default'
				P_Turn (6 polys, 18 verts) '12 - Default'
				P_Waterline (10 polys, 30 verts) '15 - Default'
				P_CDI_Scale (26 polys, 78 verts) '15 - Default'
				P_CDI (1 polys, 3 verts) '15 - Default'
				P_AoB_Scale (22 polys, 66 verts) '15 - Default'
				P_ADI (14 polys, 42 verts) '14 - Default'
				Dial25 (28 polys, 84 verts) '02 - Default'
					Dial26 (28 polys, 84 verts) '02 - Default'
				Selector12 (44 polys, 132 verts) '02 - Default'
				Dial27 (28 polys, 84 verts) '02 - Default'
					Dial28 (28 polys, 84 verts) '02 - Default'
				Dial29 (28 polys, 84 verts) '02 - Default'
				P_VSD_ALT_dig1 (20 polys, 60 verts) '08 - Default'
				P_VSD_ALT_dig2 (20 polys, 60 verts) '08 - Default'
				P_VSD_ALT_dig3 (20 polys, 60 verts) '08 - Default'
				P_VSD_ALT_dig4 (20 polys, 60 verts) '08 - Default'
				P_VSD_ALT_dig5 (20 polys, 60 verts) '08 - Default'
				P_VSD_IAS_dig1 (20 polys, 60 verts) '08 - Default'
				P_VSD_IAS_dig2 (20 polys, 60 verts) '08 - Default'
				P_VSD_IAS_dig3 (20 polys, 60 verts) '08 - Default'
				P_VSD_HDG_dig1 (20 polys, 60 verts) '08 - Default'
				P_VSD_HDG_dig2 (20 polys, 60 verts) '08 - Default'
				P_VSD_HDG_dig3 (20 polys, 60 verts) '08 - Default'
				P_VSD_HDG_Tape (2 polys, 6 verts) '09 - Default'
				P_VSD_Lubber (2 polys, 6 verts) '15 - Default'
				P_Skid_Scale (4 polys, 12 verts) '12 - Default'
				P_GS (1 polys, 3 verts) '15 - Default'
				P_GS_Scale (26 polys, 78 verts) '15 - Default'
				Backing_Plate05 (2 polys, 6 verts) '16 - Default'
			Stores_Panel (6 polys, 18 verts) '16 - Default'
				Door_Close (8 polys, 24 verts) '15 - Default'
				NUC_Jett (14 polys, 42 verts) '02 - Default'
				Dial23 (28 polys, 84 verts) '02 - Default'
				ARM_FWD_BAY (2 polys, 6 verts) '16 - Default'
				ARM_AFT_BAY (2 polys, 6 verts) '16 - Default'
				ARM_INTMD_BAY (2 polys, 6 verts) '16 - Default'
				ARM_AFT_BAY_LARGE (2 polys, 6 verts) '16 - Default'
				ARM_FWD_BAY_LARGE (2 polys, 6 verts) '16 - Default'
				ARM_INTMD_BAY_LARGE (2 polys, 6 verts) '16 - Default'
			TFR_Panel (6 polys, 18 verts) '16 - Default'
				Dial21 (28 polys, 84 verts) '02 - Default'
				Dial22 (28 polys, 84 verts) '02 - Default'
				Selector09 (44 polys, 132 verts) '02 - Default'
				Selector10 (44 polys, 132 verts) '02 - Default'
				Switch98 (12 polys, 36 verts) '02 - Default'
				Switch99 (12 polys, 36 verts) '02 - Default'
				Switch100 (12 polys, 36 verts) '02 - Default'
				Switch101 (12 polys, 36 verts) '02 - Default'
			P_RadioCall (16 polys, 48 verts) '16 - Default'
			GS_TAS_Panel (12 polys, 36 verts) '16 - Default'
				TAS_dig4 (20 polys, 60 verts) '05 - Default'
				TAS_dig3 (20 polys, 60 verts) '05 - Default'
				TAS_dig2 (20 polys, 60 verts) '05 - Default'
				TAS_dig1 (20 polys, 60 verts) '05 - Default'
				Dial24 (28 polys, 84 verts) '02 - Default'
				Backing_Plate03 (2 polys, 6 verts) '16 - Default'
			Lights01 (6 polys, 18 verts) '16 - Default'
			Lights02 (6 polys, 18 verts) '16 - Default'
			Lights03 (6 polys, 18 verts) '16 - Default'
			Eng_PWR_Frame (44 polys, 132 verts) '16 - Default'
				PWR_Plate (2 polys, 6 verts) '15 - Default'
					PWR1_Tape (2 polys, 6 verts) '06 - Default'
					PWR2_Tape (2 polys, 6 verts) '06 - Default'
					PWR3_Tape (2 polys, 6 verts) '06 - Default'
					PWR4_Tape (2 polys, 6 verts) '06 - Default'
			CoG_Panel (12 polys, 36 verts) '15 - Default'
				FUEL_dig1 (20 polys, 60 verts) '05 - Default'
				FUEL_dig2 (20 polys, 60 verts) '05 - Default'
				FUEL_dig3 (20 polys, 60 verts) '05 - Default'
				FUEL_dig4 (20 polys, 60 verts) '05 - Default'
				Decimal05 (1 polys, 3 verts) '12 - Default'
				Backing_Plate02 (2 polys, 6 verts) '16 - Default'
			Fuel_Panel (19 polys, 57 verts) '16 - Default'
				Fuel_Dump (14 polys, 42 verts) '02 - Default'
				Selector11 (44 polys, 132 verts) '02 - Default'
				Switch102 (12 polys, 36 verts) '02 - Default'
				Switch103 (12 polys, 36 verts) '02 - Default'
				Switch104 (12 polys, 36 verts) '02 - Default'
				Switch105 (12 polys, 36 verts) '02 - Default'
				Switch106 (12 polys, 36 verts) '02 - Default'
				Switch107 (12 polys, 36 verts) '02 - Default'
				Switch108 (12 polys, 36 verts) '02 - Default'
				Switch109 (12 polys, 36 verts) '02 - Default'
				Switch110 (12 polys, 36 verts) '02 - Default'
				Switch111 (12 polys, 36 verts) '02 - Default'
				Switch112 (12 polys, 36 verts) '02 - Default'
				Switch113 (12 polys, 36 verts) '02 - Default'
				Switch114 (12 polys, 36 verts) '02 - Default'
				Switch115 (12 polys, 36 verts) '02 - Default'
				Switch116 (12 polys, 36 verts) '02 - Default'
				Switch117 (12 polys, 36 verts) '02 - Default'
				Switch118 (12 polys, 36 verts) '02 - Default'
				Switch119 (12 polys, 36 verts) '02 - Default'
				Switch120 (12 polys, 36 verts) '02 - Default'
				Switch121 (12 polys, 36 verts) '02 - Default'
				Switch122 (12 polys, 36 verts) '02 - Default'
				Switch123 (12 polys, 36 verts) '02 - Default'
				Switch124 (12 polys, 36 verts) '02 - Default'
				Switch125 (12 polys, 36 verts) '02 - Default'
				Fuel_Guard (24 polys, 72 verts) '15 - Default'
				Decimal06 (1 polys, 3 verts) '12 - Default'
				L_FUEL_dig3 (20 polys, 60 verts) '05 - Default'
				L_FUEL_dig4 (20 polys, 60 verts) '05 - Default'
				L_FUEL_dig5 (20 polys, 60 verts) '05 - Default'
				L_FUEL_dig2 (20 polys, 60 verts) '05 - Default'
				L_FUEL_dig1 (20 polys, 60 verts) '05 - Default'
				Decimal07 (1 polys, 3 verts) '12 - Default'
				R_FUEL_dig1 (20 polys, 60 verts) '05 - Default'
				R_FUEL_dig2 (20 polys, 60 verts) '05 - Default'
				R_FUEL_dig3 (20 polys, 60 verts) '05 - Default'
				R_FUEL_dig4 (20 polys, 60 verts) '05 - Default'
				R_FUEL_dig5 (20 polys, 60 verts) '05 - Default'
				Backing_Plate06 (2 polys, 6 verts) '16 - Default'
				Fus1_Fuel_Tape (2 polys, 6 verts) '06 - Default'
				Fus2_Fuel_Tape (2 polys, 6 verts) '06 - Default'
				Fus3_Fuel_Tape (2 polys, 6 verts) '06 - Default'
				Fus4_Fuel_Tape (2 polys, 6 verts) '06 - Default'
				WingL_Fuel_Tape (2 polys, 6 verts) '06 - Default'
				WingR_Fuel_Tape (2 polys, 6 verts) '06 - Default'
				L_Fuel_Tape (2 polys, 6 verts) '06 - Default'
				R_Fuel_Tape (2 polys, 6 verts) '06 - Default'
			STBY_AI_Frame (104 polys, 312 verts) '12 - Default'
				STBY_AI_Ball (90 polys, 270 verts) '13 - Default'
					STBY_AoB_Scale (36 polys, 108 verts) '11 - Default'
				STBY_Waterline (17 polys, 51 verts) '12 - Default'
				STBY_Pointer (1 polys, 3 verts) '12 - Default'
				STBY_Turn (6 polys, 18 verts) '12 - Default'
				STBY_Skid (10 polys, 30 verts) '12 - Default'
				Cage_Knob (34 polys, 102 verts) '12 - Default'
				STBY_Skid_Scale (16 polys, 48 verts) '12 - Default'
			STBY_ALT_Frame (90 polys, 270 verts) '12 - Default'
				ALT_Face (12 polys, 36 verts) '11 - Default'
					STBY_ALT_Needle (14 polys, 42 verts) '12 - Default'
					STBY_ALT_dig1 (20 polys, 60 verts) '05 - Default'
					STBY_ALT_dig2 (20 polys, 60 verts) '05 - Default'
					STBY_ALT_dig3 (20 polys, 60 verts) '05 - Default'
					Backing_Plate04 (2 polys, 6 verts) '16 - Default'
				Knob01 (34 polys, 102 verts) '12 - Default'
			Fire_Panel (12 polys, 36 verts) '16 - Default'
				ENG1_Fire (22 polys, 66 verts) '15 - Default'
					Light_ENG1 (2 polys, 6 verts) '15 - Default'
				Switch126 (12 polys, 36 verts) '02 - Default'
				Switch127 (12 polys, 36 verts) '02 - Default'
				Switch128 (12 polys, 36 verts) '02 - Default'
				LAPU_Fire (22 polys, 66 verts) '15 - Default'
				RAPU_Fire (22 polys, 66 verts) '15 - Default'
				ROWF_Fire (22 polys, 66 verts) '15 - Default'
				LOWF_Fire (22 polys, 66 verts) '15 - Default'
				ENG2_Fire (22 polys, 66 verts) '15 - Default'
					Light_ENG2 (2 polys, 6 verts) '15 - Default'
				ENG3_Fire (22 polys, 66 verts) '15 - Default'
					Light_ENG3 (2 polys, 6 verts) '15 - Default'
				ENG4_Fire (22 polys, 66 verts) '15 - Default'
					Light_ENG4 (2 polys, 6 verts) '15 - Default'
			P_MCAU_Panel (14 polys, 42 verts) '16 - Default'
				Lights04 (16 polys, 48 verts) '16 - Default'
				P_MasterCaution (10 polys, 30 verts) '16 - Default'
					Light_P_MCAU (2 polys, 6 verts) '16 - Default'
				P_Eject_Guard (36 polys, 108 verts) '15 - Default'
				P_Audio_Cut (82 polys, 246 verts) '15 - Default'
					P_Cutout_Switch (22 polys, 66 verts) '15 - Default'
				Switch129 (12 polys, 36 verts) '02 - Default'
			P_ALT_Frame (44 polys, 132 verts) '16 - Default'
				Toggle01 (10 polys, 30 verts) '12 - Default'
				P_ALT_Plate (8 polys, 24 verts) '15 - Default'
					Decimal01 (1 polys, 3 verts) '12 - Default'
					Lubber_Line (4 polys, 12 verts) '12 - Default'
					P_ALT_dig1 (20 polys, 60 verts) '05 - Default'
					P_ALT_dig2 (20 polys, 60 verts) '05 - Default'
					P_ALT_dig3 (20 polys, 60 verts) '05 - Default'
					P_ALT_dig4 (20 polys, 60 verts) '05 - Default'
					P_ALT_dig5 (20 polys, 60 verts) '05 - Default'
					P_ALT1000_Tape (2 polys, 6 verts) '06 - Default'
					P_ALT100_Tape (2 polys, 6 verts) '06 - Default'
					P_ALT10000_Tape (2 polys, 6 verts) '06 - Default'
					P_VSI (1 polys, 3 verts) '12 - Default'
					Backing_Plate09 (2 polys, 6 verts) '16 - Default'
				P_BARO_Knob (34 polys, 102 verts) '12 - Default'
			STBY_ASI_Frame (90 polys, 270 verts) '12 - Default'
				ASI_Face (2 polys, 6 verts) '11 - Default'
					STBY_ASI_Needle (28 polys, 84 verts) '12 - Default'
						Mach_Scale (18 polys, 54 verts) '11 - Default'
				Knob02 (34 polys, 102 verts) '12 - Default'
			RADALT_Frame (90 polys, 270 verts) '12 - Default'
				Knob03 (34 polys, 102 verts) '12 - Default'
				RADALT_Face (2 polys, 6 verts) '11 - Default'
					RADALT_Needle (21 polys, 63 verts) '12 - Default'
			P_Clock_Frame (90 polys, 270 verts) '12 - Default'
				Knob04 (34 polys, 102 verts) '12 - Default'
				P_Clock_Face (2 polys, 6 verts) '11 - Default'
					P_Clock_H_Needle (3 polys, 9 verts) '12 - Default'
					P_Clock_M_Needle (3 polys, 9 verts) '12 - Default'
					P_Clock_S_Needle (9 polys, 27 verts) '12 - Default'
			TAT_Frame (90 polys, 270 verts) '12 - Default'
				TAT_Face (2 polys, 6 verts) '11 - Default'
					TotalTemp_Needle (21 polys, 63 verts) '12 - Default'
			FF_Frame (90 polys, 270 verts) '12 - Default'
				FF_Face (8 polys, 24 verts) '11 - Default'
					FF_dig3 (20 polys, 60 verts) '05 - Default'
					FF_dig2 (20 polys, 60 verts) '05 - Default'
					FF_dig1 (20 polys, 60 verts) '05 - Default'
					FF_digit (20 polys, 60 verts) '05 - Default'
					Backing_Plate01 (2 polys, 6 verts) '16 - Default'
			CP_Clock_Frame (90 polys, 270 verts) '12 - Default'
				Knob05 (34 polys, 102 verts) '12 - Default'
				CP_Clock_Face (2 polys, 6 verts) '11 - Default'
					CP_Clock_H_Needle (3 polys, 9 verts) '12 - Default'
					CP_Clock_M_Needle (3 polys, 9 verts) '12 - Default'
					CP_Clock_S_Needle (9 polys, 27 verts) '12 - Default'
			Eng_FANRPM_Frame (44 polys, 132 verts) '16 - Default'
				FANRPM_Plate (2 polys, 6 verts) '15 - Default'
					FanRPM1_Tape (2 polys, 6 verts) '06 - Default'
					FanRPM2_Tape (2 polys, 6 verts) '06 - Default'
					FanRPM3_Tape (2 polys, 6 verts) '06 - Default'
					FanRPM4_Tape (2 polys, 6 verts) '06 - Default'
			Eng_TEMP_Frame (44 polys, 132 verts) '16 - Default'
				TEMP_Plate (2 polys, 6 verts) '15 - Default'
					Temp1_Tape (2 polys, 6 verts) '06 - Default'
					Temp2_Tape (2 polys, 6 verts) '06 - Default'
					Temp3_Tape (2 polys, 6 verts) '06 - Default'
					Temp4_Tape (2 polys, 6 verts) '06 - Default'
			Eng_FF_Frame (44 polys, 132 verts) '16 - Default'
				FF_Plate (2 polys, 6 verts) '15 - Default'
					FF1_Tape (2 polys, 6 verts) '06 - Default'
					FF2_Tape (2 polys, 6 verts) '06 - Default'
					FF3_Tape (2 polys, 6 verts) '06 - Default'
					FF4_Tape (2 polys, 6 verts) '06 - Default'
					AB_Light_ENG1 (2 polys, 6 verts) '15 - Default'
					AB_Light_ENG2 (2 polys, 6 verts) '15 - Default'
					AB_Light_ENG3 (2 polys, 6 verts) '15 - Default'
					AB_Light_ENG4 (2 polys, 6 verts) '15 - Default'
			Eng_RPMNOZ_Frame (44 polys, 132 verts) '16 - Default'
				RPMNOZ_Plate (2 polys, 6 verts) '15 - Default'
					CoreRPM1_Tape (2 polys, 6 verts) '06 - Default'
					CoreRPM2_Tape (2 polys, 6 verts) '06 - Default'
					CoreRPM3_Tape (2 polys, 6 verts) '06 - Default'
					CoreRPM4_Tape (2 polys, 6 verts) '06 - Default'
					NOZPosn1_Tape (2 polys, 6 verts) '06 - Default'
					NOZPosn2_Tape (2 polys, 6 verts) '06 - Default'
					NOZPosn3_Tape (2 polys, 6 verts) '06 - Default'
					NOZPosn4_Tape (2 polys, 6 verts) '06 - Default'
			Eng_OIL_Frame (44 polys, 132 verts) '16 - Default'
				OIL_Plate (2 polys, 6 verts) '15 - Default'
					OilPress1_Tape (2 polys, 6 verts) '06 - Default'
					OilPress2_Tape (2 polys, 6 verts) '06 - Default'
					OilPress3_Tape (2 polys, 6 verts) '06 - Default'
					OilPress4_Tape (2 polys, 6 verts) '06 - Default'
					OILQTY1_Tape (2 polys, 6 verts) '06 - Default'
					OILQTY2_Tape (2 polys, 6 verts) '06 - Default'
					OILQTY3_Tape (2 polys, 6 verts) '06 - Default'
					OILQTY4_Tape (2 polys, 6 verts) '06 - Default'
			CP_RadioCall (16 polys, 48 verts) '16 - Default'
			Lights05 (6 polys, 18 verts) '16 - Default'
			Lights06 (6 polys, 18 verts) '16 - Default'
			CP_FDCont_Panel (8 polys, 24 verts) '16 - Default'
				Selector15 (44 polys, 132 verts) '02 - Default'
				Switch138 (12 polys, 36 verts) '02 - Default'
			CP_ALT_Frame (44 polys, 132 verts) '16 - Default'
				CP_ALT_Plate (8 polys, 24 verts) '15 - Default'
					CP_ALT_dig1 (20 polys, 60 verts) '05 - Default'
					CP_ALT_dig2 (20 polys, 60 verts) '05 - Default'
					CP_ALT_dig3 (20 polys, 60 verts) '05 - Default'
					CP_ALT_dig4 (20 polys, 60 verts) '05 - Default'
					CP_ALT_dig5 (20 polys, 60 verts) '05 - Default'
					Backing_Plate10 (2 polys, 6 verts) '16 - Default'
					Decimal08 (1 polys, 3 verts) '12 - Default'
					Lubber_Line04 (4 polys, 12 verts) '12 - Default'
					CP_ALT10000_Tape (2 polys, 6 verts) '06 - Default'
					CP_ALT1000_Tape (2 polys, 6 verts) '06 - Default'
					CP_ALT100_Tape (2 polys, 6 verts) '06 - Default'
					CP_VSI (1 polys, 3 verts) '12 - Default'
				CP_BARO_Knob (34 polys, 102 verts) '12 - Default'
				Toggle04 (10 polys, 30 verts) '12 - Default'
			CP_HSI_Frame (34 polys, 102 verts) '16 - Default'
				CP_CRS_Knob (34 polys, 102 verts) '12 - Default'
				CP_HDG_Knob (34 polys, 102 verts) '12 - Default'
				CP_HSI_Face (14 polys, 42 verts) '16 - Default'
					Backing_Plate11 (4 polys, 12 verts) '16 - Default'
					CP_CRS_dig1 (20 polys, 60 verts) '05 - Default'
					CP_CRS_dig2 (20 polys, 60 verts) '05 - Default'
					CP_CRS_dig3 (20 polys, 60 verts) '05 - Default'
					Decimal09 (1 polys, 3 verts) '12 - Default'
					CP_DIST_dig1 (20 polys, 60 verts) '05 - Default'
					CP_DIST_dig2 (20 polys, 60 verts) '05 - Default'
					CP_DIST_dig3 (20 polys, 60 verts) '05 - Default'
					CP_DIST_dig4 (20 polys, 60 verts) '05 - Default'
					CP_Own_Ship (18 polys, 54 verts) '12 - Default'
					CP_Compass (18 polys, 54 verts) '11 - Default'
						CP_Course (5 polys, 15 verts) '12 - Default'
							CP_CDI_Bar (2 polys, 6 verts) '12 - Default'
							CP_CDI_Face (18 polys, 54 verts) '11 - Default'
			CP_IAS_Frame (44 polys, 132 verts) '16 - Default'
				CP_IAS_Plate (20 polys, 60 verts) '15 - Default'
					Backing_Plate12 (2 polys, 6 verts) '16 - Default'
					Decimal10 (1 polys, 3 verts) '12 - Default'
					Decimal11 (1 polys, 3 verts) '12 - Default'
					CP_IAS_dig1 (20 polys, 60 verts) '05 - Default'
					CP_IAS_dig2 (20 polys, 60 verts) '05 - Default'
					CP_IAS_dig3	 (20 polys, 60 verts) '05 - Default'
					Lubber_Line05 (6 polys, 18 verts) '12 - Default'
					CP_MACH_dig1 (20 polys, 60 verts) '05 - Default'
					CP_MACH_dig2 (20 polys, 60 verts) '05 - Default'
					CP_MACH_dig3 (20 polys, 60 verts) '05 - Default'
					CP_MAX_G_dig2 (20 polys, 60 verts) '05 - Default'
					CP_MAX_G_dig1 (20 polys, 60 verts) '05 - Default'
					CP_AOA_Tape (2 polys, 6 verts) '06 - Default'
					CP_G_Tape (2 polys, 6 verts) '06 - Default'
					CP_IAS_Tape (2 polys, 6 verts) '06 - Default'
					CP_Mach_Tape (2 polys, 6 verts) '06 - Default'
				Toggle05 (10 polys, 30 verts) '12 - Default'
				Toggle06 (10 polys, 30 verts) '12 - Default'
			CP_VSD_Frame (64 polys, 192 verts) '16 - Default'
				Backing_Plate13 (2 polys, 6 verts) '16 - Default'
				Dial31 (28 polys, 84 verts) '02 - Default'
					Dial32 (28 polys, 84 verts) '02 - Default'
				Dial33 (28 polys, 84 verts) '02 - Default'
					Dial34 (28 polys, 84 verts) '02 - Default'
				Dial35 (28 polys, 84 verts) '02 - Default'
				CP_ADI (14 polys, 42 verts) '14 - Default'
				CP_AoB_Scale (22 polys, 66 verts) '15 - Default'
				CP_CDI (1 polys, 3 verts) '15 - Default'
				CP_CDI_Scale (26 polys, 78 verts) '15 - Default'
				CP_GS (1 polys, 3 verts) '15 - Default'
				CP_GS_Scale (26 polys, 78 verts) '15 - Default'
				CP_Skid_Scale (4 polys, 12 verts) '12 - Default'
				CP_Skidball (10 polys, 30 verts) '12 - Default'
				CP_Turn (6 polys, 18 verts) '12 - Default'
				CP_VSD_Lubber (2 polys, 6 verts) '15 - Default'
				CP_Waterline (10 polys, 30 verts) '15 - Default'
				Selector16 (44 polys, 132 verts) '02 - Default'
				CP_VSD_ALT_dig1 (20 polys, 60 verts) '08 - Default'
				CP_VSD_ALT_dig2 (20 polys, 60 verts) '08 - Default'
				CP_VSD_ALT_dig3 (20 polys, 60 verts) '08 - Default'
				CP_VSD_ALT_dig4 (20 polys, 60 verts) '08 - Default'
				CP_VSD_ALT_dig5 (20 polys, 60 verts) '08 - Default'
				CP_VSD_HDG_dig1 (20 polys, 60 verts) '08 - Default'
				CP_VSD_HDG_dig2 (20 polys, 60 verts) '08 - Default'
				CP_VSD_HDG_dig3 (20 polys, 60 verts) '08 - Default'
				CP_VSD_HDG_Tape (2 polys, 6 verts) '09 - Default'
				CP_VSD_IAS_dig1 (20 polys, 60 verts) '08 - Default'
				CP_VSD_IAS_dig2 (20 polys, 60 verts) '08 - Default'
				CP_VSD_IAS_dig3 (20 polys, 60 verts) '08 - Default'
		Side_Console_L (271 polys, 813 verts) '04 - Default'
			Pilot_Side_Panel (23 polys, 69 verts) '02 - Default'
			Hatch_Jett_L (42 polys, 126 verts) '02 - Default'
			Wing_Sweep_L (152 polys, 456 verts) '02 - Default'
			Throttle_L1 (24 polys, 72 verts) '02 - Default'
				Cylinder_L1 (30 polys, 90 verts) '02 - Default'
				Throttle_L2 (24 polys, 72 verts) '02 - Default'
					Cylinder_L2 (30 polys, 90 verts) '02 - Default'
				Throttle_L3 (24 polys, 72 verts) '02 - Default'
					Cylinder_L3 (30 polys, 90 verts) '02 - Default'
				Throttle_L4 (24 polys, 72 verts) '02 - Default'
					Throttle_L4_Top (77 polys, 231 verts) '02 - Default'
						T_L4_Cylinder (28 polys, 84 verts) '02 - Default'
							T_Switch_L3 (22 polys, 66 verts) '02 - Default'
						T_Switch_L1 (24 polys, 72 verts) '02 - Default'
						T_Switch_L2 (16 polys, 48 verts) '02 - Default'
		Upper_Fwd_Console (200 polys, 600 verts) '04 - Default'
			Vent_Base_UL (10 polys, 30 verts) '02 - Default'
				Vent_UL (156 polys, 468 verts) '02 - Default'
			Vent_Base_UR (10 polys, 30 verts) '02 - Default'
				Vent_UR (156 polys, 468 verts) '02 - Default'
			STBY_Compass_Case (88 polys, 264 verts) '16 - Default'
				STBY_Compass (24 polys, 72 verts) '07 - Default'
				Lubber_Line03 (2 polys, 6 verts) '12 - Default'
		Overhead_Base (22 polys, 66 verts) '04 - Default'
			Upper_Centre_Panel (10 polys, 30 verts) '02 - Default'
				Refuel_Handle (10 polys, 30 verts) '02 - Default'
				Hatch_Jett_C (42 polys, 126 verts) '02 - Default'
				Switch55 (12 polys, 36 verts) '02 - Default'
				Selector08 (44 polys, 132 verts) '02 - Default'
				Guard02 (14 polys, 42 verts) '02 - Default'
				Guard03 (14 polys, 42 verts) '02 - Default'
				Guard04 (14 polys, 42 verts) '02 - Default'
				Switch56 (12 polys, 36 verts) '02 - Default'
				Switch57 (12 polys, 36 verts) '02 - Default'
				Guard05 (14 polys, 42 verts) '02 - Default'
				Guard06 (14 polys, 42 verts) '02 - Default'
				Guard07 (14 polys, 42 verts) '02 - Default'
				Guard08 (14 polys, 42 verts) '02 - Default'
				Switch58 (12 polys, 36 verts) '02 - Default'
				Dial17 (28 polys, 84 verts) '02 - Default'
				Switch59 (12 polys, 36 verts) '02 - Default'
				Switch60 (12 polys, 36 verts) '02 - Default'
				Switch61 (12 polys, 36 verts) '02 - Default'
				Dial18 (28 polys, 84 verts) '02 - Default'
				Dial19 (28 polys, 84 verts) '02 - Default'
			Upper_Copilot_Panel (10 polys, 30 verts) '02 - Default'
				Dial20 (28 polys, 84 verts) '02 - Default'
				Switch62 (12 polys, 36 verts) '02 - Default'
				Switch63 (12 polys, 36 verts) '02 - Default'
				Switch64 (12 polys, 36 verts) '02 - Default'
				Switch65 (12 polys, 36 verts) '02 - Default'
				Switch66 (12 polys, 36 verts) '02 - Default'
				Switch67 (12 polys, 36 verts) '02 - Default'
				Switch68 (12 polys, 36 verts) '02 - Default'
				Switch69 (12 polys, 36 verts) '02 - Default'
				Switch70 (12 polys, 36 verts) '02 - Default'
				Switch71 (12 polys, 36 verts) '02 - Default'
				Switch72 (12 polys, 36 verts) '02 - Default'
				Switch73 (12 polys, 36 verts) '02 - Default'
				Switch74 (12 polys, 36 verts) '02 - Default'
				Switch75 (12 polys, 36 verts) '02 - Default'
				Switch76 (12 polys, 36 verts) '02 - Default'
				Switch77 (12 polys, 36 verts) '02 - Default'
				Switch78 (12 polys, 36 verts) '02 - Default'
				Switch79 (12 polys, 36 verts) '02 - Default'
				Switch80 (12 polys, 36 verts) '02 - Default'
				Switch81 (12 polys, 36 verts) '02 - Default'
				Switch82 (12 polys, 36 verts) '02 - Default'
				Switch83 (12 polys, 36 verts) '02 - Default'
				Switch84 (12 polys, 36 verts) '02 - Default'
				Switch85 (12 polys, 36 verts) '02 - Default'
				Switch86 (12 polys, 36 verts) '02 - Default'
				Switch87 (12 polys, 36 verts) '02 - Default'
				Switch88 (12 polys, 36 verts) '02 - Default'
				Switch89 (12 polys, 36 verts) '02 - Default'
				Switch90 (12 polys, 36 verts) '02 - Default'
				Switch91 (12 polys, 36 verts) '02 - Default'
				Switch92 (12 polys, 36 verts) '02 - Default'
				Switch93 (12 polys, 36 verts) '02 - Default'
				Switch94 (12 polys, 36 verts) '02 - Default'
				Switch95 (12 polys, 36 verts) '02 - Default'
				Switch96 (12 polys, 36 verts) '02 - Default'
				Switch97 (12 polys, 36 verts) '02 - Default'
			Upper_Pilot_Panel (10 polys, 30 verts) '02 - Default'
				Dial09 (28 polys, 84 verts) '02 - Default'
				Switch42 (12 polys, 36 verts) '02 - Default'
				Dial10 (28 polys, 84 verts) '02 - Default'
				Dial11 (28 polys, 84 verts) '02 - Default'
				Dial12 (28 polys, 84 verts) '02 - Default'
				Dial13 (28 polys, 84 verts) '02 - Default'
				Dial14 (28 polys, 84 verts) '02 - Default'
				Switch43 (12 polys, 36 verts) '02 - Default'
				Switch44 (12 polys, 36 verts) '02 - Default'
				Switch45 (12 polys, 36 verts) '02 - Default'
				Switch46 (12 polys, 36 verts) '02 - Default'
				Switch47 (12 polys, 36 verts) '02 - Default'
				Switch48 (12 polys, 36 verts) '02 - Default'
				Switch49 (12 polys, 36 verts) '02 - Default'
				Switch50 (12 polys, 36 verts) '02 - Default'
				Switch51 (12 polys, 36 verts) '02 - Default'
				Switch52 (12 polys, 36 verts) '02 - Default'
				Switch53 (12 polys, 36 verts) '02 - Default'
				Switch54 (12 polys, 36 verts) '02 - Default'
				Dial15 (28 polys, 84 verts) '02 - Default'
				Dial16 (28 polys, 84 verts) '02 - Default'
		Centre_Console (6 polys, 18 verts) '04 - Default'
			Centre_Console_Base (34 polys, 102 verts) '02 - Default'
				Throttle_Quadrant (21 polys, 63 verts) '02 - Default'
					Flap_Lever (24 polys, 72 verts) '02 - Default'
						Slat_Lever (43 polys, 129 verts) '02 - Default'
					Throttle_R1 (32 polys, 96 verts) '02 - Default'
						Cylinder_R1 (30 polys, 90 verts) '02 - Default'
						Throttle_R2 (32 polys, 96 verts) '02 - Default'
							Cylinder_R2 (30 polys, 90 verts) '02 - Default'
						Throttle_R3 (32 polys, 96 verts) '02 - Default'
							Cylinder_R3 (30 polys, 90 verts) '02 - Default'
						Throttle_R4 (32 polys, 96 verts) '02 - Default'
							Throttle_R4_Top (63 polys, 189 verts) '02 - Default'
								T_R4_Cylinder (28 polys, 84 verts) '02 - Default'
									T_Switch_R3 (22 polys, 66 verts) '02 - Default'
				Switch01 (12 polys, 36 verts) '02 - Default'
				Dial01 (28 polys, 84 verts) '02 - Default'
				Selector01 (44 polys, 132 verts) '02 - Default'
				Dial02 (28 polys, 84 verts) '02 - Default'
				Dial03 (28 polys, 84 verts) '02 - Default'
				Dial04 (28 polys, 84 verts) '02 - Default'
				Selector02 (44 polys, 132 verts) '02 - Default'
				Selector03 (44 polys, 132 verts) '02 - Default'
				Switch02 (12 polys, 36 verts) '02 - Default'
				Switch03 (12 polys, 36 verts) '02 - Default'
				Switch04 (12 polys, 36 verts) '02 - Default'
				Switch05 (12 polys, 36 verts) '02 - Default'
				Switch06 (12 polys, 36 verts) '02 - Default'
				Switch07 (12 polys, 36 verts) '02 - Default'
				Switch08 (12 polys, 36 verts) '02 - Default'
				Switch09 (12 polys, 36 verts) '02 - Default'
				Dial05 (28 polys, 84 verts) '02 - Default'
				Selector04 (44 polys, 132 verts) '02 - Default'
				Dial06 (28 polys, 84 verts) '02 - Default'
				Dial07 (28 polys, 84 verts) '02 - Default'
				Switch10 (12 polys, 36 verts) '02 - Default'
				Switch11 (12 polys, 36 verts) '02 - Default'
				Switch12 (12 polys, 36 verts) '02 - Default'
				Switch13 (12 polys, 36 verts) '02 - Default'
				Switch14 (12 polys, 36 verts) '02 - Default'
				Selector05 (44 polys, 132 verts) '02 - Default'
				Selector06 (44 polys, 132 verts) '02 - Default'
				Selector07 (44 polys, 132 verts) '02 - Default'
				Dial08 (28 polys, 84 verts) '02 - Default'
				Switch15 (12 polys, 36 verts) '02 - Default'
				Switch16 (12 polys, 36 verts) '02 - Default'
				Switch17 (12 polys, 36 verts) '02 - Default'
				Switch18 (12 polys, 36 verts) '02 - Default'
				Switch19 (12 polys, 36 verts) '02 - Default'
				Switch20 (12 polys, 36 verts) '02 - Default'
				Switch21 (12 polys, 36 verts) '02 - Default'
				Switch22 (12 polys, 36 verts) '02 - Default'
				Switch23 (12 polys, 36 verts) '02 - Default'
				Switch24 (12 polys, 36 verts) '02 - Default'
				Switch25 (12 polys, 36 verts) '02 - Default'
				Switch26 (12 polys, 36 verts) '02 - Default'
				Switch27 (12 polys, 36 verts) '02 - Default'
				Switch28 (12 polys, 36 verts) '02 - Default'
				Switch29 (12 polys, 36 verts) '02 - Default'
				Switch30 (12 polys, 36 verts) '02 - Default'
				Switch31 (12 polys, 36 verts) '02 - Default'
				Switch32 (12 polys, 36 verts) '02 - Default'
				Switch33 (12 polys, 36 verts) '02 - Default'
				Switch34 (12 polys, 36 verts) '02 - Default'
				Switch35 (12 polys, 36 verts) '02 - Default'
				Switch36 (12 polys, 36 verts) '02 - Default'
				Switch37 (12 polys, 36 verts) '02 - Default'
				Switch38 (12 polys, 36 verts) '02 - Default'
				Switch39 (12 polys, 36 verts) '02 - Default'
				Switch40 (12 polys, 36 verts) '02 - Default'
				Switch41 (12 polys, 36 verts) '02 - Default'
		Joystick_Base (82 polys, 246 verts) '17 - Default'
			Joystick_L_Roll (1 polys, 3 verts) '17 - Default'
				Joystick_L (406 polys, 1218 verts) '17 - Default'
					J_Switch_1 (28 polys, 84 verts) '17 - Default'
					J_Switch_2 (58 polys, 174 verts) '17 - Default'
					J_Switch_3 (22 polys, 66 verts) '17 - Default'
					J_Switch_4 (40 polys, 120 verts) '17 - Default'
					J_Switch_5 (22 polys, 66 verts) '17 - Default'
		RudderPedal_L (111 polys, 333 verts) '17 - Default'
		Canopy_Bow_R (157 polys, 471 verts) '03 - Default'
			Wander_Light_R (190 polys, 570 verts) '02 - Default'
		Side_Console_R (264 polys, 792 verts) '04 - Default'
			Hatch_Jett_R (42 polys, 126 verts) '02 - Default'
			Wing_Sweep_R (144 polys, 432 verts) '02 - Default'
			Copilot_Side_Panel (23 polys, 69 verts) '02 - Default'
		RudderPedal_R (111 polys, 333 verts) '17 - Default'
		Floor (80 polys, 240 verts) '04 - Default'
		Glass_Front_R (68 polys, 204 verts) '01 - Default'
		Glass_Top_R (26 polys, 78 verts) '01 - Default'
		Glass_Right (32 polys, 96 verts) '01 - Default'
		Joystick_Base_R (82 polys, 246 verts) '17 - Default'
			Joystick_R_Roll (1 polys, 3 verts) '17 - Default'
				Joystick_R (406 polys, 1218 verts) '17 - Default'
					J_Switch_6 (28 polys, 84 verts) '17 - Default'
					J_Switch_7 (58 polys, 174 verts) '17 - Default'
					J_Switch_8 (22 polys, 66 verts) '17 - Default'
					J_Switch_9 (40 polys, 120 verts) '17 - Default'


Num Nodes: 665
Total:    (17076 polys, 51228 verts)
Mesh Max: (772 polys, 2316 verts)

20 Materials:
 (  1) 04 - Default:
       B-1_Cockpit.bmp
 (  2) 01 - Default:
       Transparency enabled
       B-1_Glass.tga
 (  3) 03 - Default:
       B-1_Struts.bmp
 (  4) 02 - Default:
       B-1_Consoles.bmp
 (  5) 16 - Default:
       B-1_Panel.bmp
 (  6) 20 - Default:
       B-1_Laptop.bmp
 (  7) 18 - Default:
       Map.bmp
 (  8) 12 - Default:
       B-1_Cases.bmp
 (  9) 19 - Default:
       RWR.bmp
 ( 10) 10 - Default:
       Transparency enabled
       B-1_Radar.tga
 ( 11) 17 - Default:
       B-1_FrontPanel.bmp
 ( 12) 15 - Default:
       B-1_Inst.bmp
 ( 13) 05 - Default:
       Number_Tapes.bmp
 ( 14) 06 - Default:
       VSD_tapes.bmp
 ( 15) 11 - Default:
       Instruments.bmp
 ( 16) 14 - Default:
       ADI.bmp
 ( 17) 08 - Default:
       Transparency enabled
       VSD_Number_Tape.tga
 ( 18) 09 - Default:
       Transparency enabled
       VSD_HDG_Tape.tga
 ( 19) 13 - Default:
       STBY_ADI.bmp
 ( 20) 07 - Default:
       HDG_tape.bmp

20 Textures:
B-1_Cockpit.bmp
B-1_Glass.tga
B-1_Struts.bmp
B-1_Consoles.bmp
B-1_Panel.bmp
B-1_Laptop.bmp
Map.bmp
B-1_Cases.bmp
RWR.bmp
B-1_Radar.tga
B-1_FrontPanel.bmp
B-1_Inst.bmp
Number_Tapes.bmp
VSD_tapes.bmp
Instruments.bmp
ADI.bmp
VSD_Number_Tape.tga
VSD_HDG_Tape.tga
STBY_ADI.bmp
HDG_tape.bmp
