	Body [988 polys, 915 verts] 'm'
		VDV_fuze [152 polys, 217 verts] 'm'
		lug2 [92 polys, 110 verts] 'm'
		lug1 [92 polys, 110 verts] 'm'
		lug3 [92 polys, 110 verts] 'm'
		VDV_fuze2 [152 polys, 217 verts] 'm'
		ring [336 polys, 352 verts] 'm'
		Fins2 [48 polys, 88 verts] 'm'
		Fins [80 polys, 120 verts] 'm'


Num Nodes: 9
Total:    (2032 polys, 2239 verts)
Mesh Max: (988 polys, 915 verts)

1 Materials:
 (  1) m:
       Specular=0.30, Glossiness=0.40, Color:<229,229,229>
       Reflection=0.00
       FAB-250-M54.bmp

1 Textures:
FAB-250-M54.bmp

Points

Extents
