	Body [215 polys, 150 verts] '03 - Default'
		Seeker-head [371 polys, 341 verts] '03 - Default'
			Nose_inner [67 polys, 75 verts] '03 - Default'
			Seeker [382 polys, 360 verts] '03 - Default'
				Sensor [22 polys, 24 verts] 'AAQ-14'
			Glas_Top [15 polys, 19 verts] '19 - Default'
			Glas_Front [2 polys, 4 verts] '19 - Default'
		Box [937 polys, 939 verts] '03 - Default'
		Air_inlet [482 polys, 345 verts] '03 - Default'
		AAQ-28_Pylon [40 polys, 46 verts] '03 - Default'
			AAQ-28_Pylon01 [47 polys, 59 verts] '03 - Default'
		Cylinder01 [334 polys, 205 verts] '01 - Default'
			Air_intake [98 polys, 112 verts] '01 - Default'
			Object01 [42 polys, 46 verts] '01 - Default'
			ChamferBox01 [126 polys, 117 verts] '01 - Default'
				Laser [52 polys, 58 verts] '01 - Default'
				Laser_Bay [46 polys, 52 verts] '01 - Default'
				Glas [14 polys, 16 verts] '21 - Default'


Num Nodes: 18
Total:    (3292 polys, 2968 verts)
Mesh Max: (937 polys, 939 verts)

5 Materials:
 (  1) 03 - Default:
       F-16_AAQ-33.bmp
 (  2) AAQ-14:
       Reflection=0.50
       F-16_AAQ-33.bmp
 (  3) 19 - Default:
       Transparency enabled
       Reflection=0.50
       CANOPYGLASS.TGA
 (  4) 01 - Default:
       F-16_AAQ-13.bmp
 (  5) 21 - Default:
       Transparency enabled
       Specular=0.85, Glossiness=0.70, Color:<229,229,229>
       Reflection=0.50
       Recon_Glas.tga

4 Textures:
F-16_AAQ-33.bmp
CANOPYGLASS.TGA
F-16_AAQ-13.bmp
Recon_Glas.tga

Points

Extents
