	Body [215 polys, 150 verts] '03 - Default'
		Seeker-head [371 polys, 341 verts] '03 - Default'
			Nose_inner [67 polys, 75 verts] '03 - Default'
			Seeker [382 polys, 360 verts] '03 - Default'
				Sensor [22 polys, 24 verts] 'AAQ-14'
			Glas_Top [15 polys, 19 verts] '19 - Default'
			Glas_Front [2 polys, 4 verts] '19 - Default'
		Box [937 polys, 939 verts] '03 - Default'
		Air_inlet [482 polys, 345 verts] '03 - Default'
		AAQ-28_Pylon [40 polys, 46 verts] '03 - Default'
			AAQ-28_Pylon01 [47 polys, 59 verts] '03 - Default'


Num Nodes: 11
Total:    (2580 polys, 2362 verts)
Mesh Max: (937 polys, 939 verts)

3 Materials:
 (  1) 03 - Default:
       Sniper.bmp
 (  2) AAQ-14:
       Reflection=0.50
       Sniper.bmp
 (  3) 19 - Default:
       Transparency enabled
       Reflection=0.50
       CANOPYGLASS.TGA

2 Textures:
Sniper.bmp
CANOPYGLASS.TGA

Points

Extents
