	Seat_Back [126 polys, 179 verts] 'Normal'
		Cannon_Box [512 polys, 556 verts] 'Normal'
			Cannon [36 polys, 36 verts] 'Normal'
		Chute_Box02 [42 polys, 44 verts] 'Normal'
			Chute_Box01 [12 polys, 24 verts] 'Normal'
				cap [144 polys, 81 verts] '01 - Default'
					Strap [120 polys, 144 verts] 'Normal'
				Sensor_Left [198 polys, 216 verts] 'Normal'
				Sensor_Right [198 polys, 216 verts] 'Normal'
				Rear_Braket01 [8 polys, 16 verts] 'Normal'
				Rear_Braket02 [8 polys, 16 verts] 'Normal'
			Gurt_02 [42 polys, 56 verts] '01 - Default'
			Gurt 01 [42 polys, 56 verts] '01 - Default'
			Chute_Box03 [136 polys, 119 verts] '01 - Default'
		Head_Rest02 [10 polys, 20 verts] '01 - Default'
		Head_Rest01 [10 polys, 20 verts] '01 - Default'
		Seat_Cushion [412 polys, 266 verts] '01 - Default'
		Seat_Bowl [604 polys, 507 verts] 'Normal'
			Leg_Protector02 [124 polys, 223 verts] 'Normal'
			Leg_Protector01 [124 polys, 223 verts] 'Normal'
			Safty_Lock [36 polys, 40 verts] 'Normal'
			Releae_Handle [174 polys, 175 verts] 'Normal'
			Surwifel_Kit [36 polys, 66 verts] 'Normal'
				Seat_Cushion01 [356 polys, 186 verts] '01 - Default'
			Leg_Protector_L [64 polys, 72 verts] 'Normal'
			Leg_Protector_R [64 polys, 72 verts] 'Normal'
			Tube_04 [208 polys, 112 verts] 'Normal'
			Eject_Handle [516 polys, 330 verts] 'Normal'
		Electronic_Box [204 polys, 104 verts] 'Normal'
		Bottle [340 polys, 327 verts] 'Normal'
		Rail [120 polys, 192 verts] 'Normal'
		Bracket [66 polys, 80 verts] 'Normal'
			dose [68 polys, 72 verts] 'Normal'
		Tube_01 [390 polys, 208 verts] 'Normal'
			Nut_01 [24 polys, 38 verts] 'Normal'
			Nut_02 [24 polys, 38 verts] 'Normal'
			Nut_03 [32 polys, 48 verts] 'Normal'
			Nut_04 [32 polys, 48 verts] 'Normal'
			Nut_05 [32 polys, 48 verts] 'Normal'
			Nut_06 [24 polys, 38 verts] 'Normal'
			Nut_07 [24 polys, 38 verts] 'Normal'
			T_Fitting [56 polys, 60 verts] 'Normal'
		Tube_02 [454 polys, 240 verts] 'Normal'
			Nut_08 [32 polys, 48 verts] 'Normal'
			Nut_09 [24 polys, 38 verts] 'Normal'
			Nut_10 [24 polys, 38 verts] 'Normal'
			Nut_11 [32 polys, 48 verts] 'Normal'
			Nut_12 [24 polys, 38 verts] 'Normal'
			Nut_13 [32 polys, 48 verts] 'Normal'
			T_Fitting01 [56 polys, 60 verts] 'Normal'
			Tube_03 [224 polys, 120 verts] 'Normal'
				Nut_17 [24 polys, 38 verts] 'Normal'
				Nut_16 [24 polys, 38 verts] 'Normal'
				Nut_15 [24 polys, 38 verts] 'Normal'
				Nut_14 [32 polys, 48 verts] 'Normal'
		Bracket01 [66 polys, 80 verts] 'Normal'
			dose01 [68 polys, 72 verts] 'Normal'


Num Nodes: 57
Total:    (6938 polys, 6402 verts)
Mesh Max: (604 polys, 556 verts)

2 Materials:
 (  1) Normal:
       ACES_II_F-16.bmp
 (  2) 01 - Default:
       ACES_II_F-16.bmp

1 Textures:
ACES_II_F-16.bmp

Points

Extents
