	Pupitre (58 polys, 174 verts) '7 - Default'
		Line01 (108 polys, 324 verts) '7 - Defaultg'
			Line06 (144 polys, 432 verts) '5 - Default'
				Line10 (9 polys, 27 verts) 'f'
				Line13 (2 polys, 6 verts) '5 - Default'
				Line15 (23 polys, 69 verts) '5 - Default'
					FuelNeedleR01 (2 polys, 6 verts) '11 - Default'
					G_Needle03 (2 polys, 6 verts) '11 - Default'
					ADI_Mark01 (2 polys, 6 verts) '11 - Default'
					ADI01 (72 polys, 216 verts) '10 - Defaultxs'
					Cylinder07 (36 polys, 108 verts) '10 - Defaultxs'
			Cylinder04 (196 polys, 588 verts) '2 - Default'
			Cylinder05 (196 polys, 588 verts) '2 - Default'
			Cylinder06 (196 polys, 588 verts) '7 - Defaultg'
			Box04 (120 polys, 360 verts) '7 - Defaultg'
			Cylinder03 (52 polys, 156 verts) '2 '
			Line02 (144 polys, 432 verts) '7 - Defaultg'
				Rectangle02 (912 polys, 2736 verts) '7 - Defaultg'
				∂‘œÛ01 (2 polys, 6 verts) '2 '
				Ldisplay (22 polys, 66 verts) '2 '
					ADI (72 polys, 216 verts) '10 - Defaultxs'
					ADI_Mark (2 polys, 6 verts) '11 - Default'
					Plane02 (2 polys, 6 verts) 'f'
					SIDESLIPNeedle (2 polys, 6 verts) '11 - Default'
					Mach_Needle (2 polys, 6 verts) '11 - Default'
					G_Needle (2 polys, 6 verts) '11 - Default'
					Plane05 (2 polys, 6 verts) '11 - Default'
					Plane04 (2 polys, 6 verts) '11 - Default'
					AltMeterNeedle2 (2 polys, 6 verts) '11 - Default'
					CourseArrow (2 polys, 6 verts) '11 - Default'
					DeviationNeedle2 (2 polys, 6 verts) '11 - Default'
					DeviationNeedle1 (2 polys, 6 verts) '11 - Default'
					Plane03 (2 polys, 6 verts) '11 - Default'
					BearingMarker (2 polys, 6 verts) '11 - Default'
					HsiCompassWheel (16 polys, 48 verts) '11 - Default'
					AltMeterNeedle1 (2 polys, 6 verts) '11 - Default'
					alt_digT1 (20 polys, 60 verts) '14 - Default'
					alt_digT2 (20 polys, 60 verts) '14 - Default'
					alt_digT3 (20 polys, 60 verts) '14 - Default'
					alt_digB1 (20 polys, 60 verts) '14 - Default'
					alt_digB2 (20 polys, 60 verts) '14 - Default'
					alt_dig1 (20 polys, 60 verts) '14 - Default'
					alt_dig2 (20 polys, 60 verts) '14 - Default'
					G_Needle01 (2 polys, 6 verts) '11 - Default'
					G_Needle02 (2 polys, 6 verts) '11 - Default'
					FuelNeedleL (2 polys, 6 verts) '11 - Default'
						FuelNeedleR (2 polys, 6 verts) '11 - Default'
					HSI_coursedig1 (20 polys, 60 verts) '14 - Default'
					HSI_coursedig2 (20 polys, 60 verts) '14 - Default'
					HSI_coursedig3 (20 polys, 60 verts) '14 - Default'
					HSI_rangedig3 (20 polys, 60 verts) '14 - Default'
					HSI_rangedig2 (20 polys, 60 verts) '14 - Default'
					HSI_rangedig1 (20 polys, 60 verts) '14 - Default'
					AoANeedle (2 polys, 6 verts) '11 - Default'
					spd_coursedig3 (20 polys, 60 verts) '14 - Default'
					spd_coursedig2 (20 polys, 60 verts) '14 - Default'
					spd_coursedig1 (20 polys, 60 verts) '14 - Default'
					HSI_coursedigN1 (20 polys, 60 verts) '14 - Default'
					HSI_coursedigN2 (20 polys, 60 verts) '14 - Default'
					HSI_coursedigN3 (20 polys, 60 verts) '14 - Default'
					NeedleTEMPL (2 polys, 6 verts) '11 - Default'
					Ldisplay01 (3 polys, 9 verts) '2 '
					NeedleTEMPR (2 polys, 6 verts) '11 - Default'
					Ldisplay03 (3 polys, 9 verts) '2 '
					Throttle_digA1 (20 polys, 60 verts) '14 - Default'
					Throttle_digA2 (20 polys, 60 verts) '14 - Default'
					Throttle_digA3 (20 polys, 60 verts) '14 - Default'
					Throttle_digB1 (20 polys, 60 verts) '14 - Default'
					Throttle_digB2 (20 polys, 60 verts) '14 - Default'
					Throttle_digB3 (20 polys, 60 verts) '14 - Default'
					left iti needle (2 polys, 6 verts) '11 - Default'
					right iti needle (2 polys, 6 verts) '11 - Default'
					ThrottleNeedL (2 polys, 6 verts) '11 - Default'
					ThrottleNeedR (2 polys, 6 verts) '11 - Default'
					IN_Fuel_C_dig1 (20 polys, 60 verts) '14 - Default'
					IN_Fuel_C_dig2 (20 polys, 60 verts) '14 - Default'
					IN_Fuel_C_dig3 (20 polys, 60 verts) '14 - Default'
				Movingmap (2 polys, 6 verts) '13 - Default'
			Line08 (144 polys, 432 verts) '7 - Defaultg'
				Rectangle03 (912 polys, 2736 verts) '7 - Defaultg'
				RadarSwitch (2 polys, 6 verts) 'ERROR: No material is assigned!'
					radar (2 polys, 6 verts) '17 - Default'
			HUDBottom (61 polys, 183 verts) '16 - Default'
			HUD (199 polys, 597 verts) '16 - Default'
				HUDGlass2 (22 polys, 66 verts) '12 - Default'
				HUDGlass1 (22 polys, 66 verts) '12 - Default'
		cockpit_su (448 polys, 1344 verts) '2 - Default'
			Canopy fra (748 polys, 2244 verts) '2 - Default'
				m03 (18 polys, 54 verts) '6 - Default'
				mirror03 (98 polys, 294 verts) 'Material #22'
				mirror1 (98 polys, 294 verts) 'Material #22'
					m1 (18 polys, 54 verts) '6 - Default'
				mirror02 (98 polys, 294 verts) 'Material #22'
				m02 (18 polys, 54 verts) '6 - Default'
				canopy fr0 (22 polys, 66 verts) '4 - Default'
				canopy fro (44 polys, 132 verts) '4 - Default'
				canopy rea (256 polys, 768 verts) '4 - Default'
		RPMControl (196 polys, 588 verts) '12 - Default'
			RPMContro0 (708 polys, 2124 verts) '12 - Default'
				Cylinder01 (28 polys, 84 verts) '2 - Default'
					Cylinder02 (32 polys, 96 verts) '20 - Default'
		K36D (94 polys, 282 verts) '9 - Defaulty'
		BaseStick (22 polys, 66 verts) '3 - Default'
		Right_Rudd (115 polys, 345 verts) '7 - Default'
		Left_Rudde (115 polys, 345 verts) '7 - Default'
		Box02 (12 polys, 36 verts) '19 - Default'
			control1 (266 polys, 798 verts) '3 - Default'
		LMDF (42 polys, 126 verts) '7 - Defaultg'
			RWR (2 polys, 6 verts) '15 - Default'


Num Nodes: 109
Total:    (7866 polys, 23598 verts)
Mesh Max: (912 polys, 2736 verts)

21 Materials:
 (  1) 7 - Default:
       paineis.bmp
 (  2) 7 - Defaultg:
       sm1.bmp
 (  3) 5 - Default:
       SU-35_mfd.bmp
 (  4) f:
       Transparency enabled
       needle2.tga
 (  5) 11 - Default:
       Transparency enabled
       needle.tga
 (  6) 10 - Defaultxs:
       ADI.bmp
 (  7) 2 - Default:
       box.bmp
 (  8) 2 :
       displayL.bmp
 (  9) 14 - Default:
       figures.bmp
 ( 10) 13 - Default:
       close_radar.BMP
 ( 11) 17 - Default:
       close_radar.BMP
 ( 12) 16 - Default:
       HUD.bmp
 ( 13) 12 - Default:
       Transparency enabled
       HUDGlass.tga
 ( 14) 6 - Default:
       vb.bmp
 ( 15) Material #22:
       <No Texture>
 ( 16) 4 - Default:
       Transparency enabled
       F86_reflection2.tga
 ( 17) 20 - Default:
       <No Texture>
 ( 18) 9 - Defaulty:
       T07.bmp
 ( 19) 3 - Default:
       mainpanels.bmp
 ( 20) 19 - Default:
       <No Texture>
 ( 21) 15 - Default:
       Su-27SM_RWR.bmp

17 Textures:
paineis.bmp
sm1.bmp
SU-35_mfd.bmp
needle2.tga
needle.tga
ADI.bmp
box.bmp
displayL.bmp
figures.bmp
close_radar.BMP
HUD.bmp
HUDGlass.tga
vb.bmp
F86_reflection2.tga
T07.bmp
mainpanels.bmp
Su-27SM_RWR.bmp
