	Launch Pod (1040 polys, 3120 verts) '02 - Default'
	Mount1 (160 polys, 480 verts) '02 - Default'
	Mount2 (160 polys, 480 verts) '02 - Default'
	Mount4 (12 polys, 36 verts) '02 - Default'
	Mount3 (12 polys, 36 verts) '02 - Default'
	Launch Pod2 (1040 polys, 3120 verts) '02 - Default'
	Mount05 (160 polys, 480 verts) '02 - Default'
	Mount06 (160 polys, 480 verts) '02 - Default'
	Mount07 (12 polys, 36 verts) '02 - Default'
	Mount08 (12 polys, 36 verts) '02 - Default'
	Launch Pod3 (1040 polys, 3120 verts) '02 - Default'
	Mount09 (160 polys, 480 verts) '02 - Default'
	Mount10 (160 polys, 480 verts) '02 - Default'
	Mount11 (12 polys, 36 verts) '02 - Default'
	Mount12 (12 polys, 36 verts) '02 - Default'
	Launch Pod4 (1040 polys, 3120 verts) '02 - Default'
	Mount13 (160 polys, 480 verts) '02 - Default'
	Mount14 (160 polys, 480 verts) '02 - Default'
	Mount15 (12 polys, 36 verts) '02 - Default'
	Mount16 (12 polys, 36 verts) '02 - Default'
	Balka2 (216 polys, 648 verts) '02 - Default'
	Balka3 (216 polys, 648 verts) '02 - Default'
	Balka20 (12 polys, 36 verts) '02 - Default'
	Balka21 (216 polys, 648 verts) '02 - Default'
	Balka22 (216 polys, 648 verts) '02 - Default'
	Balka23 (12 polys, 36 verts) '02 - Default'


Num Nodes: 26
Total:    (6424 polys, 19272 verts)
Mesh Max: (1040 polys, 3120 verts)

1 Materials:
 (  1) 02 - Default:
       9M120_LP.bmp

1 Textures:
9M120_LP.bmp
