	Body [720 polys, 2160 verts (decal)] '01 - Default'
		Fin_1 [28 polys, 84 verts (decal)] '01 - Default'
		Fin_2 [28 polys, 84 verts (decal)] '01 - Default'
		Soplo [352 polys, 1056 verts (decal)] '01 - Default'
		C_unit2 [12 polys, 36 verts (decal)] '01 - Default'
		C_unit [280 polys, 840 verts (decal)] '01 - Default'
		Pylon [32 polys, 96 verts (decal)] '01 - Default'
		Wing1 [28 polys, 84 verts (decal)] '01 - Default'
		Wing2 [28 polys, 84 verts (decal)] '01 - Default'
		balka [464 polys, 1392 verts (decal)] '01 - Default'
		Soplo2 [352 polys, 1056 verts (decal)] '01 - Default'


Num Nodes: 11
Total:    (2324 polys, 6972 verts)
Mesh Max: (720 polys, 2160 verts)

1 Materials:
 (  1) 01 - Default:
       kh23m.bmp

1 Textures:
kh23m.bmp

Points

Extents
